Fri May 17 11:43:02 CST 2024
KB: 936536	/

make[1]: Entering directory '/sources/lz4-1.9.4/lib'
compiling dynamic library 1.9.4
creating versioned links
make[1]: Leaving directory '/sources/lz4-1.9.4/lib'
make[1]: Entering directory '/sources/lz4-1.9.4/programs'
make[1]: Leaving directory '/sources/lz4-1.9.4/programs'
make[1]: Entering directory '/sources/lz4-1.9.4/lib'
creating pkgconfig
Installing libraries in /usr/lib
Installing headers in /usr/include
lz4 libraries installed
make[1]: Leaving directory '/sources/lz4-1.9.4/lib'
make[1]: Entering directory '/sources/lz4-1.9.4/programs'
Installing binaries in /usr/bin
Installing man pages in /usr/share/man/man1
lz4 installation completed
make[1]: Leaving directory '/sources/lz4-1.9.4/programs'


Fri May 17 11:43:14 CST 2024

Totalseconds: 12

KB: 939840	/

