Thu Mar  7 17:30:26 CST 2024
KB: 1482936	/

/sources/ninja-1.11.1/configure.py:26: DeprecationWarning: 'pipes' is deprecated and slated for removal in Python 3.13
  import pipes
[01m[K./src/ninja.cc:[m[K In constructor ‘[01m[K{anonymous}::DeferGuessParallelism::[01;32m[KDeferGuessParallelism[m[K(BuildConfig*)[m[K’:
[01m[K./src/ninja.cc:1405:16:[m[K [01;35m[Kwarning: [m[K‘[01m[K{anonymous}::DeferGuessParallelism::config[m[K’ will be initialized after [[01;35m[K-Wreorder[m[K]
 1405 |   BuildConfig* [01;35m[Kconfig[m[K;
      |                [01;35m[K^~~~~~[m[K
[01m[K./src/ninja.cc:1404:8:[m[K [01;35m[Kwarning: [m[K  ‘[01m[Kbool {anonymous}::DeferGuessParallelism::needGuess[m[K’ [[01;35m[K-Wreorder[m[K]
 1404 |   bool [01;35m[KneedGuess[m[K;
      |        [01;35m[K^~~~~~~~~[m[K
[01m[K./src/ninja.cc:1407:3:[m[K [01;35m[Kwarning: [m[K  when initialized here [[01;35m[K-Wreorder[m[K]
 1407 |   [01;35m[KDeferGuessParallelism[m[K(BuildConfig* config)
      |   [01;35m[K^~~~~~~~~~~~~~~~~~~~~[m[K
[4 1/32 0.026s] INLINE build/browse_py.h
[4 2/32 0.655s] CXX build/browse.o
[4 3/32 2.132s] CXX build/clparser.o
[4 4/32 2.152s] CXX build/debug_flags.o
[4 5/32 2.534s] CXX build/clean.o
[4 6/32 2.874s] CXX build/build_log.o
[4 7/32 3.417s] CXX build/depfile_parser.o
[4 8/32 4.167s] CXX build/disk_interface.o
[4 9/32 4.991s] CXX build/deps_log.o
[4 10/32 5.688s] CXX build/dyndep.o
[4 11/32 5.791s] CXX build/build.o
[4 12/32 5.876s] CXX build/edit_distance.o
[4 13/32 6.686s] CXX build/dyndep_parser.o
[4 14/32 7.453s] CXX build/graphviz.o
[4 15/32 7.485s] CXX build/json.o
[4 16/32 8.200s] CXX build/eval_env.o
[4 17/32 8.559s] CXX build/line_printer.o
[4 18/32 9.074s] CXX build/lexer.o
[4 19/32 9.567s] CXX build/metrics.o
[4 20/32 10.321s] CXX build/graph.o
[4 21/32 10.727s] CXX build/parser.o
[4 22/32 11.294s] CXX build/manifest_parser.o
[4 23/32 12.524s] CXX build/string_piece_util.o
[4 24/32 12.632s] CXX build/missing_deps.o
[4 25/32 12.901s] CXX build/status.o
[4 26/32 13.424s] CXX build/version.o
[4 27/32 13.592s] CXX build/state.o
[3 28/32 14.621s] CXX build/subprocess-posix.o
[2 29/32 15.596s] CXX build/util.o
[2 30/32 15.619s] AR build/libninja.a
[1 31/32 17.227s] CXX build/ninja.o
src/ninja.cc: In constructor ‘{anonymous}::DeferGuessParallelism::DeferGuessParallelism(BuildConfig*)’:
src/ninja.cc:1405:16: warning: ‘{anonymous}::DeferGuessParallelism::config’ will be initialized after [-Wreorder]
 1405 |   BuildConfig* config;
      |                ^~~~~~
src/ninja.cc:1404:8: warning:   ‘bool {anonymous}::DeferGuessParallelism::needGuess’ [-Wreorder]
 1404 |   bool needGuess;
      |        ^~~~~~~~~
src/ninja.cc:1407:3: warning:   when initialized here [-Wreorder]
 1407 |   DeferGuessParallelism(BuildConfig* config)
      |   ^~~~~~~~~~~~~~~~~~~~~
[1 32/32 17.369s] LINK ninja
bootstrapping ninja...
warning: A compatible version of re2c (>= 0.11.3) was not found; changes to src/*.in.cc will not affect your build.
wrote build.ninja.
bootstrap complete.  rebuilding...
'ninja' -> '/usr/bin/ninja'
'misc/bash-completion' -> '/usr/share/bash-completion/completions/ninja'
install: creating directory '/usr/share/zsh'
install: creating directory '/usr/share/zsh/site-functions'
'misc/zsh-completion' -> '/usr/share/zsh/site-functions/_ninja'


Thu Mar  7 17:31:23 CST 2024

Totalseconds: 57

KB: 1505936	/

