Fri May  3 12:07:08 CST 2024
KB: 1539408	/

[4 1/32 0.024s] INLINE build/browse_py.h
[4 2/32 0.437s] CXX build/browse.o
[4 3/32 0.881s] CXX build/depfile_parser.o
[4 4/32 1.174s] CXX build/lexer.o
[4 5/32 2.163s] CXX build/clparser.o
[4 6/32 2.185s] CXX build/debug_flags.o
[4 7/32 2.508s] CXX build/build_log.o
[4 8/32 2.657s] CXX build/clean.o
[4 9/32 3.358s] CXX build/disk_interface.o
[4 10/32 3.879s] CXX build/deps_log.o
[4 11/32 4.298s] CXX build/dyndep.o
[4 12/32 4.405s] CXX build/edit_distance.o
[4 13/32 4.977s] CXX build/build.o
[4 14/32 5.184s] CXX build/dyndep_parser.o
[4 15/32 5.666s] CXX build/json.o
[4 16/32 6.123s] CXX build/eval_env.o
[4 17/32 6.157s] CXX build/graphviz.o
[4 18/32 6.334s] CXX build/line_printer.o
[4 19/32 6.910s] CXX build/metrics.o
[4 20/32 7.636s] CXX build/parser.o
[4 21/32 7.693s] CXX build/graph.o
[4 22/32 8.370s] CXX build/manifest_parser.o
[4 23/32 8.969s] CXX build/missing_deps.o
[4 24/32 9.209s] CXX build/string_piece_util.o
[4 25/32 9.329s] CXX build/status.o
[4 26/32 9.706s] CXX build/version.o
[4 27/32 10.042s] CXX build/state.o
[3 28/32 10.190s] CXX build/util.o
[2 29/32 10.395s] CXX build/subprocess-posix.o
[2 30/32 10.429s] AR build/libninja.a
[1 31/32 12.514s] CXX build/ninja.o
[1 32/32 12.658s] LINK ninja
bootstrapping ninja...
warning: A compatible version of re2c (>= 0.15.3) was not found; changes to src/*.in.cc will not affect your build.
wrote build.ninja.
bootstrap complete.  rebuilding...
'ninja' -> '/usr/bin/ninja'
'misc/bash-completion' -> '/usr/share/bash-completion/completions/ninja'
install: creating directory '/usr/share/zsh'
install: creating directory '/usr/share/zsh/site-functions'
'misc/zsh-completion' -> '/usr/share/zsh/site-functions/_ninja'


Fri May  3 12:07:49 CST 2024

Totalseconds: 41

KB: 1569024	/

