Fri Aug  4 00:30:04 CST 2023
KB: 1479940	/

pip 23.1.2 from /usr/lib/python3.11/site-packages/pip (python 3.11)
Processing /sources/flit_core-3.9.0
  Preparing metadata (pyproject.toml): started
  Preparing metadata (pyproject.toml): finished with status 'done'
Building wheels for collected packages: flit_core
  Building wheel for flit_core (pyproject.toml): started
  Building wheel for flit_core (pyproject.toml): finished with status 'done'
  Created wheel for flit_core: filename=flit_core-3.9.0-py3-none-any.whl size=63141 sha256=d61a541bb12e58406692ad78cb808a5fe5d746dac137e4619e4963489aef48a5
  Stored in directory: /root/.cache/pip/wheels/9a/54/57/fb7ed6e74a75aa35b9b47a8d7922860cc13681f7e63c7e87b1
Successfully built flit_core

[notice] A new release of pip is available: 23.1.2 -> 23.2.1
[notice] To update, run: pip3 install --upgrade pip
Looking in links: dist
Processing ./dist/flit_core-3.9.0-py3-none-any.whl
Installing collected packages: flit_core
Successfully installed flit_core-3.9.0
WARNING: Running pip as the 'root' user can result in broken permissions and conflicting behaviour with the system package manager. It is recommended to use a virtual environment instead: https://pip.pypa.io/warnings/venv


removed '/root/.cache/pip/selfcheck/241e69162522ccf5846a2f42ebc24b17464915a155679666b89a9f31'
removed directory '/root/.cache/pip/selfcheck'
removed '/root/.cache/pip/wheels/9a/54/57/fb7ed6e74a75aa35b9b47a8d7922860cc13681f7e63c7e87b1/flit_core-3.9.0-py3-none-any.whl'
removed '/root/.cache/pip/wheels/9a/54/57/fb7ed6e74a75aa35b9b47a8d7922860cc13681f7e63c7e87b1/origin.json'
removed directory '/root/.cache/pip/wheels/9a/54/57/fb7ed6e74a75aa35b9b47a8d7922860cc13681f7e63c7e87b1'
removed directory '/root/.cache/pip/wheels/9a/54/57'
removed directory '/root/.cache/pip/wheels/9a/54'
removed directory '/root/.cache/pip/wheels/9a'
removed directory '/root/.cache/pip/wheels'
removed '/root/.cache/pip/http/a/1/9/5/3/a19537d3cf37c122db841d6fe4cd322bc10d1a558bb00d146b85cb9a'
removed directory '/root/.cache/pip/http/a/1/9/5/3'
removed directory '/root/.cache/pip/http/a/1/9/5'
removed directory '/root/.cache/pip/http/a/1/9'
removed directory '/root/.cache/pip/http/a/1'
removed directory '/root/.cache/pip/http/a'
removed directory '/root/.cache/pip/http'
removed directory '/root/.cache/pip'
removed directory '/root/.cache'


Fri Aug  4 00:30:06 CST 2023

Totalseconds: 2

KB: 1481632	/

