Thu Aug  3 23:55:20 CST 2023
KB: 1531768	/

Processing /sources/meson-1.2.0
  Preparing metadata (pyproject.toml): started
  Preparing metadata (pyproject.toml): finished with status 'done'
Building wheels for collected packages: meson
  Building wheel for meson (pyproject.toml): started
  Building wheel for meson (pyproject.toml): finished with status 'done'
  Created wheel for meson: filename=meson-1.2.0-py3-none-any.whl size=962355 sha256=f66ff076c49377828ea2216c5ff961e3960d7583471e33758dc3ab418600126c
  Stored in directory: /root/.cache/pip/wheels/f4/ca/42/a08f51ae5de093575a4cd7229291cef6e162c8d092890d9c44
Successfully built meson

[notice] A new release of pip is available: 23.1.2 -> 23.2.1
[notice] To update, run: pip3 install --upgrade pip
Looking in links: dist
Processing ./dist/meson-1.2.0-py3-none-any.whl
Installing collected packages: meson
Successfully installed meson-1.2.0
WARNING: Running pip as the 'root' user can result in broken permissions and conflicting behaviour with the system package manager. It is recommended to use a virtual environment instead: https://pip.pypa.io/warnings/venv
'data/shell-completions/bash/meson' -> '/usr/share/bash-completion/completions/meson'
'data/shell-completions/zsh/_meson' -> '/usr/share/zsh/site-functions/_meson'


removed '/root/.cache/pip/selfcheck/241e69162522ccf5846a2f42ebc24b17464915a155679666b89a9f31'
removed directory '/root/.cache/pip/selfcheck'
removed '/root/.cache/pip/wheels/f4/ca/42/a08f51ae5de093575a4cd7229291cef6e162c8d092890d9c44/origin.json'
removed '/root/.cache/pip/wheels/f4/ca/42/a08f51ae5de093575a4cd7229291cef6e162c8d092890d9c44/meson-1.2.0-py3-none-any.whl'
removed directory '/root/.cache/pip/wheels/f4/ca/42/a08f51ae5de093575a4cd7229291cef6e162c8d092890d9c44'
removed directory '/root/.cache/pip/wheels/f4/ca/42'
removed directory '/root/.cache/pip/wheels/f4/ca'
removed directory '/root/.cache/pip/wheels/f4'
removed directory '/root/.cache/pip/wheels'
removed '/root/.cache/pip/http/a/1/9/5/3/a19537d3cf37c122db841d6fe4cd322bc10d1a558bb00d146b85cb9a'
removed directory '/root/.cache/pip/http/a/1/9/5/3'
removed directory '/root/.cache/pip/http/a/1/9/5'
removed directory '/root/.cache/pip/http/a/1/9'
removed directory '/root/.cache/pip/http/a/1'
removed directory '/root/.cache/pip/http/a'
removed directory '/root/.cache/pip/http'
removed directory '/root/.cache/pip'
removed directory '/root/.cache'


Thu Aug  3 23:55:25 CST 2023

Totalseconds: 5

KB: 1574224	/

