Tue Jan  2 18:21:14 CST 2024
KB: 1495672	/

Collecting setuptools
  Obtaining dependency information for setuptools from https://files.pythonhosted.org/packages/55/3a/5121b58b578a598b269537e09a316ad2a94fdd561a2c6eb75cd68578cc6b/setuptools-69.0.3-py3-none-any.whl.metadata
  Downloading setuptools-69.0.3-py3-none-any.whl.metadata (6.3 kB)
Downloading setuptools-69.0.3-py3-none-any.whl (819 kB)
   ━━━━━━━━━━━━━━━━━━━━━━━━━━━━━━━━━━━━━━━━ 819.5/819.5 kB 27.4 MB/s eta 0:00:00
Installing collected packages: setuptools
Successfully installed setuptools-69.0.3
WARNING: Running pip as the 'root' user can result in broken permissions and conflicting behaviour with the system package manager. It is recommended to use a virtual environment instead: https://pip.pypa.io/warnings/venv

[notice] A new release of pip is available: 23.2.1 -> 23.3.2
[notice] To update, run: pip3 install --upgrade pip
Processing /sources/meson-1.3.1
  Preparing metadata (pyproject.toml): started
  Preparing metadata (pyproject.toml): finished with status 'done'
Building wheels for collected packages: meson
  Building wheel for meson (pyproject.toml): started
  Building wheel for meson (pyproject.toml): finished with status 'done'
  Created wheel for meson: filename=meson-1.3.1-py3-none-any.whl size=976853 sha256=2d117d5e1726fde548f6c6eabd7880cad2d4ea6541bbcd3ba512a65e9bb444a6
  Stored in directory: /root/.cache/pip/wheels/43/40/23/69645b85fea265e81f12b29374e86fa7d28067d2e53874abe2
Successfully built meson

[notice] A new release of pip is available: 23.2.1 -> 23.3.2
[notice] To update, run: pip3 install --upgrade pip
Looking in links: dist
Processing ./dist/meson-1.3.1-py3-none-any.whl
Installing collected packages: meson
Successfully installed meson-1.3.1
WARNING: Running pip as the 'root' user can result in broken permissions and conflicting behaviour with the system package manager. It is recommended to use a virtual environment instead: https://pip.pypa.io/warnings/venv
'data/shell-completions/bash/meson' -> '/usr/share/bash-completion/completions/meson'
'data/shell-completions/zsh/_meson' -> '/usr/share/zsh/site-functions/_meson'


removed '/root/.cache/pip/wheels/43/40/23/69645b85fea265e81f12b29374e86fa7d28067d2e53874abe2/origin.json'
removed '/root/.cache/pip/wheels/43/40/23/69645b85fea265e81f12b29374e86fa7d28067d2e53874abe2/meson-1.3.1-py3-none-any.whl'
removed directory '/root/.cache/pip/wheels/43/40/23/69645b85fea265e81f12b29374e86fa7d28067d2e53874abe2'
removed directory '/root/.cache/pip/wheels/43/40/23'
removed directory '/root/.cache/pip/wheels/43/40'
removed directory '/root/.cache/pip/wheels/43'
removed directory '/root/.cache/pip/wheels'
removed '/root/.cache/pip/selfcheck/241e69162522ccf5846a2f42ebc24b17464915a155679666b89a9f31'
removed directory '/root/.cache/pip/selfcheck'
removed '/root/.cache/pip/http/a/1/9/5/3/a19537d3cf37c122db841d6fe4cd322bc10d1a558bb00d146b85cb9a'
removed directory '/root/.cache/pip/http/a/1/9/5/3'
removed directory '/root/.cache/pip/http/a/1/9/5'
removed directory '/root/.cache/pip/http/a/1/9'
removed directory '/root/.cache/pip/http/a/1'
removed directory '/root/.cache/pip/http/a'
removed '/root/.cache/pip/http/d/2/b/4/b/d2b4bd1c332cbb1076b5b8581503d41c945d3d321bcae5eb49f01982'
removed directory '/root/.cache/pip/http/d/2/b/4/b'
removed directory '/root/.cache/pip/http/d/2/b/4'
removed directory '/root/.cache/pip/http/d/2/b'
removed directory '/root/.cache/pip/http/d/2'
removed directory '/root/.cache/pip/http/d'
removed '/root/.cache/pip/http/0/4/1/8/c/0418c83b80f7f7bfaec2738bfbbee53d2c1562196c0781702f6eddc8'
removed directory '/root/.cache/pip/http/0/4/1/8/c'
removed directory '/root/.cache/pip/http/0/4/1/8'
removed directory '/root/.cache/pip/http/0/4/1'
removed directory '/root/.cache/pip/http/0/4'
removed directory '/root/.cache/pip/http/0'
removed '/root/.cache/pip/http/2/e/a/5/8/2ea58cbd4e5eb121ff41bc95c898f06d3d9fb75f92176c76e2872a66'
removed directory '/root/.cache/pip/http/2/e/a/5/8'
removed directory '/root/.cache/pip/http/2/e/a/5'
removed directory '/root/.cache/pip/http/2/e/a'
removed directory '/root/.cache/pip/http/2/e'
removed directory '/root/.cache/pip/http/2'
removed directory '/root/.cache/pip/http'
removed directory '/root/.cache/pip'
removed directory '/root/.cache'


Tue Jan  2 18:21:20 CST 2024

Totalseconds: 6

KB: 1545584	/

