Fri May 17 12:57:33 CST 2024
KB: 1626872	/

pip 24.0 from /usr/lib/python3.12/site-packages/pip (python 3.12)
Processing /sources/MarkupSafe-2.1.5
  Preparing metadata (setup.py): started
  Preparing metadata (setup.py): finished with status 'done'
Building wheels for collected packages: MarkupSafe
  Building wheel for MarkupSafe (setup.py): started
  Building wheel for MarkupSafe (setup.py): finished with status 'done'
  Created wheel for MarkupSafe: filename=MarkupSafe-2.1.5-cp312-cp312-linux_i686.whl size=23518 sha256=1fefd331769a2550381093a4f8f1b71618bc06234ceab3e2cb6430bcef2c2dc5
  Stored in directory: /root/.cache/pip/wheels/9c/21/74/f259dcee52a6b4bb13a12df2edc72ab5d9a9bb46ad350a1b4e
Successfully built MarkupSafe
Looking in links: dist
Processing ./dist/MarkupSafe-2.1.5-cp312-cp312-linux_i686.whl
Installing collected packages: Markupsafe
Successfully installed Markupsafe-2.1.5
WARNING: Running pip as the 'root' user can result in broken permissions and conflicting behaviour with the system package manager. It is recommended to use a virtual environment instead: https://pip.pypa.io/warnings/venv


removed '/root/.cache/pip/selfcheck/241e69162522ccf5846a2f42ebc24b17464915a155679666b89a9f31'
removed directory '/root/.cache/pip/selfcheck'
removed '/root/.cache/pip/wheels/9c/21/74/f259dcee52a6b4bb13a12df2edc72ab5d9a9bb46ad350a1b4e/MarkupSafe-2.1.5-cp312-cp312-linux_i686.whl'
removed '/root/.cache/pip/wheels/9c/21/74/f259dcee52a6b4bb13a12df2edc72ab5d9a9bb46ad350a1b4e/origin.json'
removed directory '/root/.cache/pip/wheels/9c/21/74/f259dcee52a6b4bb13a12df2edc72ab5d9a9bb46ad350a1b4e'
removed directory '/root/.cache/pip/wheels/9c/21/74'
removed directory '/root/.cache/pip/wheels/9c/21'
removed directory '/root/.cache/pip/wheels/9c'
removed directory '/root/.cache/pip/wheels'
removed '/root/.cache/pip/http-v2/a/1/9/5/3/a19537d3cf37c122db841d6fe4cd322bc10d1a558bb00d146b85cb9a'
removed '/root/.cache/pip/http-v2/a/1/9/5/3/a19537d3cf37c122db841d6fe4cd322bc10d1a558bb00d146b85cb9a.body'
removed directory '/root/.cache/pip/http-v2/a/1/9/5/3'
removed directory '/root/.cache/pip/http-v2/a/1/9/5'
removed directory '/root/.cache/pip/http-v2/a/1/9'
removed directory '/root/.cache/pip/http-v2/a/1'
removed directory '/root/.cache/pip/http-v2/a'
removed directory '/root/.cache/pip/http-v2'
removed directory '/root/.cache/pip'
removed directory '/root/.cache'


Fri May 17 12:57:36 CST 2024

Totalseconds: 3

KB: 1627324	/

