Thu Mar  7 23:43:32 CST 2024
KB: 1651880	/

pip 24.0 from /usr/lib/python3.12/site-packages/pip (python 3.12)
Processing /sources/Jinja2-3.1.3
  Preparing metadata (setup.py): started
  Preparing metadata (setup.py): finished with status 'done'
Building wheels for collected packages: Jinja2
  Building wheel for Jinja2 (setup.py): started
  Building wheel for Jinja2 (setup.py): finished with status 'done'
  Created wheel for Jinja2: filename=Jinja2-3.1.3-py3-none-any.whl size=133236 sha256=26b7e824e9322e97b488a2effce085ce22c2556f4cfd9bc38605aeffe223d11e
  Stored in directory: /root/.cache/pip/wheels/fb/ef/cf/1f58c0e9cb1941e91e76da88c981090a45a8e6928aaaad649a
Successfully built Jinja2
Looking in links: dist
Processing ./dist/Jinja2-3.1.3-py3-none-any.whl
Requirement already satisfied: MarkupSafe>=2.0 in /usr/lib/python3.12/site-packages (from Jinja2) (2.1.5)
Installing collected packages: Jinja2
Successfully installed Jinja2-3.1.3
WARNING: Running pip as the 'root' user can result in broken permissions and conflicting behaviour with the system package manager. It is recommended to use a virtual environment instead: https://pip.pypa.io/warnings/venv


removed '/root/.cache/pip/http-v2/a/1/9/5/3/a19537d3cf37c122db841d6fe4cd322bc10d1a558bb00d146b85cb9a.body'
removed '/root/.cache/pip/http-v2/a/1/9/5/3/a19537d3cf37c122db841d6fe4cd322bc10d1a558bb00d146b85cb9a'
removed directory '/root/.cache/pip/http-v2/a/1/9/5/3'
removed directory '/root/.cache/pip/http-v2/a/1/9/5'
removed directory '/root/.cache/pip/http-v2/a/1/9'
removed directory '/root/.cache/pip/http-v2/a/1'
removed directory '/root/.cache/pip/http-v2/a'
removed directory '/root/.cache/pip/http-v2'
removed '/root/.cache/pip/wheels/fb/ef/cf/1f58c0e9cb1941e91e76da88c981090a45a8e6928aaaad649a/origin.json'
removed '/root/.cache/pip/wheels/fb/ef/cf/1f58c0e9cb1941e91e76da88c981090a45a8e6928aaaad649a/Jinja2-3.1.3-py3-none-any.whl'
removed directory '/root/.cache/pip/wheels/fb/ef/cf/1f58c0e9cb1941e91e76da88c981090a45a8e6928aaaad649a'
removed directory '/root/.cache/pip/wheels/fb/ef/cf'
removed directory '/root/.cache/pip/wheels/fb/ef'
removed directory '/root/.cache/pip/wheels/fb'
removed directory '/root/.cache/pip/wheels'
removed '/root/.cache/pip/selfcheck/241e69162522ccf5846a2f42ebc24b17464915a155679666b89a9f31'
removed directory '/root/.cache/pip/selfcheck'
removed directory '/root/.cache/pip'
removed directory '/root/.cache'


Thu Mar  7 23:43:35 CST 2024

Totalseconds: 3

KB: 1655116	/

