Fri Aug  4 00:43:07 CST 2023
KB: 1592392	/

pip 23.1.2 from /usr/lib/python3.11/site-packages/pip (python 3.11)
Processing /sources/MarkupSafe-2.1.3
  Preparing metadata (setup.py): started
  Preparing metadata (setup.py): finished with status 'done'
Building wheels for collected packages: MarkupSafe
  Building wheel for MarkupSafe (setup.py): started
  Building wheel for MarkupSafe (setup.py): finished with status 'done'
  Created wheel for MarkupSafe: filename=MarkupSafe-2.1.3-cp311-cp311-linux_i686.whl size=23209 sha256=4031347041b916f0ad22434d4dceb51c626763b27df7a5aef6441b25d387e401
  Stored in directory: /root/.cache/pip/wheels/c6/12/dd/29909d8d95adae4c25d0452c83610076ee9a0df2d6c1d2aa3c
Successfully built MarkupSafe

[notice] A new release of pip is available: 23.1.2 -> 23.2.1
[notice] To update, run: pip3 install --upgrade pip
Looking in links: dist
Processing ./dist/MarkupSafe-2.1.3-cp311-cp311-linux_i686.whl
Installing collected packages: Markupsafe
Successfully installed Markupsafe-2.1.3
WARNING: Running pip as the 'root' user can result in broken permissions and conflicting behaviour with the system package manager. It is recommended to use a virtual environment instead: https://pip.pypa.io/warnings/venv


removed '/root/.cache/pip/selfcheck/241e69162522ccf5846a2f42ebc24b17464915a155679666b89a9f31'
removed directory '/root/.cache/pip/selfcheck'
removed '/root/.cache/pip/wheels/c6/12/dd/29909d8d95adae4c25d0452c83610076ee9a0df2d6c1d2aa3c/origin.json'
removed '/root/.cache/pip/wheels/c6/12/dd/29909d8d95adae4c25d0452c83610076ee9a0df2d6c1d2aa3c/MarkupSafe-2.1.3-cp311-cp311-linux_i686.whl'
removed directory '/root/.cache/pip/wheels/c6/12/dd/29909d8d95adae4c25d0452c83610076ee9a0df2d6c1d2aa3c'
removed directory '/root/.cache/pip/wheels/c6/12/dd'
removed directory '/root/.cache/pip/wheels/c6/12'
removed directory '/root/.cache/pip/wheels/c6'
removed directory '/root/.cache/pip/wheels'
removed '/root/.cache/pip/http/a/1/9/5/3/a19537d3cf37c122db841d6fe4cd322bc10d1a558bb00d146b85cb9a'
removed directory '/root/.cache/pip/http/a/1/9/5/3'
removed directory '/root/.cache/pip/http/a/1/9/5'
removed directory '/root/.cache/pip/http/a/1/9'
removed directory '/root/.cache/pip/http/a/1'
removed directory '/root/.cache/pip/http/a'
removed directory '/root/.cache/pip/http'
removed directory '/root/.cache/pip'
removed directory '/root/.cache'


Fri Aug  4 00:43:10 CST 2023

Totalseconds: 3

KB: 1592844	/

