Patching systemd-utils:
Applying patch '../systemd-utils_Define-glibc-compatible-basename-for-non-glibc-syste.patch'...
patching file src/basic/string-util.h
Hunk #1 succeeded at 23 with fuzz 2 (offset -3 lines).


Fri May 17 12:35:58 CST 2024
KB: 1635920	/

mkdir: created directory 'patches-musl'
systemd-musl-patches-253.3/0003-errno-util-Make-STRERROR-portable-for-musl.patch
systemd-musl-patches-253.3/0006-test-bus-error-strerror-is-assumed-to-be-GNU-specifi.patch
systemd-musl-patches-253.3/0001-Adjust-for-musl-headers.patch
systemd-musl-patches-253.3/0007-Add-sys-stat.h-for-S_IFDIR.patch
systemd-musl-patches-253.3/0005-pass-correct-parameters-to-getdents64.patch
systemd-musl-patches-253.3/0024-missing_syscall.h-Define-MIPS-ABI-defines-for-musl.patch
systemd-musl-patches-253.3/0023-Handle-missing-gshadow.patch
systemd-musl-patches-253.3/0022-Handle-__cpu_mask-usage.patch
systemd-musl-patches-253.3/0021-do-not-disable-buffer-in-writing-files.patch
systemd-musl-patches-253.3/0020-avoid-redefinition-of-prctl_mm_map-structure.patch
systemd-musl-patches-253.3/0019-distinguish-XSI-compliant-strerror_r-from-GNU-specif.patch
systemd-musl-patches-253.3/0018-Do-not-disable-buffering-when-writing-to-oom_score_a.patch
systemd-musl-patches-253.3/0017-Define-glibc-compatible-basename-for-non-glibc-syste.patch
systemd-musl-patches-253.3/0016-don-t-pass-AT_SYMLINK_NOFOLLOW-flag-to-faccessat.patch
systemd-musl-patches-253.3/0015-test-sizeof.c-Disable-tests-for-missing-typedefs-in-.patch
systemd-musl-patches-253.3/0014-Use-uintmax_t-for-handling-rlim_t.patch
systemd-musl-patches-253.3/0013-add-missing-FTW_-macros-for-musl.patch
systemd-musl-patches-253.3/0012-don-t-fail-if-GLOB_BRACE-and-GLOB_ALTDIRFUNC-is-not-.patch
systemd-musl-patches-253.3/0011-src-basic-missing.h-check-for-missing-strndupa.patch
systemd-musl-patches-253.3/0010-add-fallback-parse_printf_format-implementation.patch
systemd-musl-patches-253.3/0009-missing_type.h-add-comparison_fn_t.patch
removed 'patches-musl/0015-test-sizeof.c-Disable-tests-for-missing-typedefs-in-.patch'
Applying patch 'patches-musl/0001-Adjust-for-musl-headers.patch'...
patching file src/libsystemd-network/sd-dhcp6-client.c
patching file src/network/netdev/bareudp.c
patching file src/network/netdev/batadv.c
patching file src/network/netdev/bond.c
patching file src/network/netdev/bridge.c
patching file src/network/netdev/dummy.c
patching file src/network/netdev/geneve.c
patching file src/network/netdev/ifb.c
patching file src/network/netdev/ipoib.c
patching file src/network/netdev/ipvlan.c
patching file src/network/netdev/macsec.c
patching file src/network/netdev/macvlan.c
patching file src/network/netdev/netdev.c
patching file src/network/netdev/netdevsim.c
patching file src/network/netdev/nlmon.c
patching file src/network/netdev/tunnel.c
patching file src/network/netdev/vcan.c
patching file src/network/netdev/veth.c
patching file src/network/netdev/vlan.c
patching file src/network/netdev/vrf.c
patching file src/network/netdev/vxcan.c
patching file src/network/netdev/vxlan.c
patching file src/network/netdev/wireguard.c
patching file src/network/netdev/xfrm.c
patching file src/network/networkd-bridge-mdb.c
patching file src/network/networkd-dhcp-common.c
patching file src/network/networkd-dhcp-prefix-delegation.c
patching file src/network/networkd-dhcp-server.c
patching file src/network/networkd-dhcp4.c
patching file src/network/networkd-ipv6ll.c
patching file src/network/networkd-link.c
patching file src/network/networkd-ndisc.c
patching file src/network/networkd-route.c
patching file src/network/networkd-setlink.c
patching file src/shared/linux/ethtool.h
patching file src/shared/netif-util.c
patching file src/udev/udev-builtin-net_id.c


Applying patch 'patches-musl/0003-errno-util-Make-STRERROR-portable-for-musl.patch'...
patching file src/basic/errno-util.h


Applying patch 'patches-musl/0005-pass-correct-parameters-to-getdents64.patch'...
patching file src/basic/recurse-dir.c


Applying patch 'patches-musl/0006-test-bus-error-strerror-is-assumed-to-be-GNU-specifi.patch'...
patching file src/libsystemd/sd-bus/test-bus-error.c
patching file src/test/test-errno-util.c


Applying patch 'patches-musl/0007-Add-sys-stat.h-for-S_IFDIR.patch'...
patching file src/shared/mkdir-label.c


Applying patch 'patches-musl/0009-missing_type.h-add-comparison_fn_t.patch'...
patching file src/basic/missing_type.h
patching file src/basic/sort-util.h
patching file src/libsystemd/sd-journal/catalog.c


Applying patch 'patches-musl/0010-add-fallback-parse_printf_format-implementation.patch'...
patching file meson.build
Hunk #1 succeeded at 759 (offset 4 lines).
patching file src/basic/meson.build
patching file src/basic/parse-printf-format.c
patching file src/basic/parse-printf-format.h
patching file src/basic/stdio-util.h
patching file src/libsystemd/sd-journal/journal-send.c


Applying patch 'patches-musl/0011-src-basic-missing.h-check-for-missing-strndupa.patch'...
patching file meson.build
Hunk #1 succeeded at 578 (offset 4 lines).
patching file src/backlight/backlight.c
patching file src/basic/cgroup-util.c
Hunk #1 succeeded at 38 (offset 1 line).
patching file src/basic/env-util.c
patching file src/basic/log.c
Hunk #1 succeeded at 40 (offset 1 line).
patching file src/basic/missing_stdlib.h
patching file src/basic/mkdir.c
patching file src/basic/mountpoint-util.c
patching file src/basic/parse-util.c
patching file src/basic/path-lookup.c
patching file src/basic/percent-util.c
patching file src/basic/proc-cmdline.c
patching file src/basic/procfs-util.c
patching file src/basic/time-util.c
Hunk #1 succeeded at 27 (offset 1 line).
patching file src/boot/bless-boot.c
patching file src/core/dbus-cgroup.c
patching file src/core/dbus-execute.c
patching file src/core/dbus-util.c
patching file src/core/execute.c
Hunk #1 succeeded at 106 (offset 1 line).
patching file src/core/kmod-setup.c
Hunk #1 succeeded at 13 with fuzz 2 (offset 1 line).
patching file src/core/service.c
patching file src/coredump/coredump-vacuum.c
patching file src/fstab-generator/fstab-generator.c
patching file src/journal-remote/journal-remote-main.c
Hunk #1 succeeded at 26 (offset 1 line).
patching file src/journal/journalctl.c
patching file src/libsystemd/sd-bus/bus-message.c
patching file src/libsystemd/sd-bus/bus-objects.c
patching file src/libsystemd/sd-bus/bus-socket.c
patching file src/libsystemd/sd-bus/sd-bus.c
Hunk #1 succeeded at 45 (offset 1 line).
patching file src/libsystemd/sd-bus/test-bus-benchmark.c
patching file src/libsystemd/sd-journal/sd-journal.c
patching file src/login/pam_systemd.c
patching file src/network/generator/network-generator.c
patching file src/nspawn/nspawn-settings.c
patching file src/nss-mymachines/nss-mymachines.c
patching file src/portable/portable.c
Hunk #1 succeeded at 41 (offset 2 lines).
patching file src/resolve/resolvectl.c
patching file src/shared/bus-get-properties.c
patching file src/shared/bus-unit-procs.c
patching file src/shared/bus-unit-util.c
patching file src/shared/bus-util.c
patching file src/shared/dns-domain.c
patching file src/shared/journal-importer.c
patching file src/shared/logs-show.c
patching file src/shared/pager.c
patching file src/socket-proxy/socket-proxyd.c
patching file src/test/test-hexdecoct.c
patching file src/udev/udev-builtin-path_id.c
patching file src/udev/udev-event.c
patching file src/udev/udev-rules.c


Applying patch 'patches-musl/0012-don-t-fail-if-GLOB_BRACE-and-GLOB_ALTDIRFUNC-is-not-.patch'...
patching file src/basic/glob-util.c
patching file src/test/test-glob-util.c
patching file src/tmpfiles/tmpfiles.c
Hunk #2 succeeded at 2201 (offset 1 line).
Hunk #3 succeeded at 2223 (offset 1 line).


Applying patch 'patches-musl/0013-add-missing-FTW_-macros-for-musl.patch'...
patching file src/basic/missing_type.h
patching file src/test/test-recurse-dir.c
Hunk #1 succeeded at 8 (offset 2 lines).


Applying patch 'patches-musl/0014-Use-uintmax_t-for-handling-rlim_t.patch'...
patching file src/basic/format-util.h
patching file src/basic/rlimit-util.c
Hunk #3 succeeded at 407 with fuzz 2 (offset 4 lines).
patching file src/core/execute.c
Hunk #1 succeeded at 6056 (offset 22 lines).


Applying patch 'patches-musl/0016-don-t-pass-AT_SYMLINK_NOFOLLOW-flag-to-faccessat.patch'...
patching file src/basic/fs-util.h
patching file src/shared/base-filesystem.c


Applying patch 'patches-musl/0017-Define-glibc-compatible-basename-for-non-glibc-syste.patch'...
patching file src/machine/machine-dbus.c


Applying patch 'patches-musl/0018-Do-not-disable-buffering-when-writing-to-oom_score_a.patch'...
patching file src/basic/process-util.c
Hunk #1 succeeded at 1407 (offset 2 lines).


Applying patch 'patches-musl/0019-distinguish-XSI-compliant-strerror_r-from-GNU-specif.patch'...
patching file src/libsystemd/sd-bus/bus-error.c
Hunk #1 succeeded at 410 (offset 2 lines).
Hunk #2 succeeded at 600 (offset 2 lines).
patching file src/libsystemd/sd-journal/journal-send.c


Applying patch 'patches-musl/0020-avoid-redefinition-of-prctl_mm_map-structure.patch'...
patching file src/basic/missing_prctl.h


Applying patch 'patches-musl/0021-do-not-disable-buffer-in-writing-files.patch'...
patching file src/basic/cgroup-util.c
Hunk #1 succeeded at 400 (offset 1 line).
Hunk #2 succeeded at 806 (offset 1 line).
Hunk #3 succeeded at 824 (offset 1 line).
Hunk #4 succeeded at 851 (offset 1 line).
Hunk #5 succeeded at 861 (offset 1 line).
Hunk #6 succeeded at 1753 (offset 1 line).
patching file src/basic/namespace-util.c
patching file src/basic/procfs-util.c
patching file src/basic/sysctl-util.c
patching file src/binfmt/binfmt.c
patching file src/core/cgroup.c
Hunk #1 succeeded at 4278 (offset 11 lines).
patching file src/core/main.c
Hunk #1 succeeded at 1721 (offset 5 lines).
patching file src/core/smack-setup.c
patching file src/hibernate-resume/hibernate-resume.c
patching file src/home/homework.c
patching file src/libsystemd/sd-device/sd-device.c
Hunk #1 succeeded at 2486 (offset 5 lines).
patching file src/nspawn/nspawn-cgroup.c
Hunk #1 succeeded at 124 (offset 2 lines).
patching file src/nspawn/nspawn.c
Hunk #1 succeeded at 2769 (offset -2 lines).
Hunk #2 succeeded at 4208 (offset -3 lines).
Hunk #3 succeeded at 4218 (offset -3 lines).
patching file src/shared/binfmt-util.c
patching file src/shared/cgroup-setup.c
Hunk #1 succeeded at 351 (offset 1 line).
Hunk #2 succeeded at 890 (offset 3 lines).
patching file src/shared/coredump-util.c
Hunk #1 succeeded at 71 with fuzz 1.
patching file src/shared/smack-util.c
patching file src/sleep/sleep.c
Hunk #1 succeeded at 53 (offset 3 lines).
Hunk #2 succeeded at 80 (offset 3 lines).
Hunk #3 succeeded at 96 (offset 3 lines).
Hunk #4 succeeded at 117 (offset 3 lines).
patching file src/udev/udev-rules.c
Hunk #1 succeeded at 2355 (offset -2 lines).
patching file src/vconsole/vconsole-setup.c
Hunk #1 succeeded at 109 (offset 1 line).


Applying patch 'patches-musl/0022-Handle-__cpu_mask-usage.patch'...
patching file src/shared/cpu-set-util.h
patching file src/test/test-sizeof.c
Hunk #1 succeeded at 1 with fuzz 1.
Hunk #2 succeeded at 10 (offset 1 line).


Applying patch 'patches-musl/0023-Handle-missing-gshadow.patch'...
patching file src/shared/user-record-nss.c
patching file src/shared/user-record-nss.h
patching file src/shared/userdb.c


Applying patch 'patches-musl/0024-missing_syscall.h-Define-MIPS-ABI-defines-for-musl.patch'...
patching file src/basic/missing_syscall.h
patching file src/shared/base-filesystem.c


mkdir: created directory 'build-utils'
The Meson build system
Version: 1.4.0
Source dir: /sources/systemd-stable-253.18
Build dir: /sources/systemd-stable-253.18/build-utils
Build type: native build
Project name: systemd
Project version: 253
C compiler for the host machine: cc (gcc 14.1.0 "cc (GCC) 14.1.0")
C linker for the host machine: cc ld.bfd 2.42
Host machine cpu family: x86_64
Host machine cpu: x86_64
Program tools/add-git-hook.sh found: YES (/sources/systemd-stable-253.18/tools/add-git-hook.sh)
Program tools/meson-build.sh found: YES (/sources/systemd-stable-253.18/tools/meson-build.sh)
C++ compiler for the host machine: c++ (gcc 14.1.0 "c++ (GCC) 14.1.0")
C++ linker for the host machine: c++ ld.bfd 2.42
Compiler for C supports arguments -Wno-missing-field-initializers: YES 
Compiler for C supports arguments -Wno-unused-parameter: YES 
Compiler for C supports arguments -Wno-nonnull-compare: YES 
Compiler for C supports arguments -Warray-bounds: YES 
Compiler for C supports arguments -Warray-bounds=2: YES 
Compiler for C supports arguments -Wdate-time: YES 
Compiler for C supports arguments -Wendif-labels: YES 
Compiler for C supports arguments -Werror=format=2: YES 
Compiler for C supports arguments -Werror=format-signedness: YES 
Compiler for C supports arguments -Werror=implicit-function-declaration: YES 
Compiler for C supports arguments -Werror=implicit-int: YES 
Compiler for C supports arguments -Werror=incompatible-pointer-types: YES 
Compiler for C supports arguments -Werror=int-conversion: YES 
Compiler for C supports arguments -Werror=overflow: YES 
Compiler for C supports arguments -Werror=override-init: YES 
Compiler for C supports arguments -Werror=return-type: YES 
Compiler for C supports arguments -Werror=shift-count-overflow: YES 
Compiler for C supports arguments -Werror=shift-overflow=2: YES 
Compiler for C supports arguments -Werror=undef: YES 
Compiler for C supports arguments -Wfloat-equal: YES 
Compiler for C supports arguments -Wimplicit-fallthrough=5: YES 
Compiler for C supports arguments -Winit-self: YES 
Compiler for C supports arguments -Wlogical-op: YES 
Compiler for C supports arguments -Wmissing-include-dirs: YES 
Compiler for C supports arguments -Wmissing-noreturn: YES 
Compiler for C supports arguments -Wnested-externs: YES 
Compiler for C supports arguments -Wold-style-definition: YES 
Compiler for C supports arguments -Wpointer-arith: YES 
Compiler for C supports arguments -Wredundant-decls: YES 
Compiler for C supports arguments -Wshadow: YES 
Compiler for C supports arguments -Wstrict-aliasing=2: YES 
Compiler for C supports arguments -Wstrict-prototypes: YES 
Compiler for C supports arguments -Wsuggest-attribute=noreturn: YES 
Compiler for C supports arguments -Wunused-function: YES 
Compiler for C supports arguments -Wwrite-strings: YES 
Compiler for C supports arguments -Wzero-length-bounds: YES 
Compiler for C supports arguments -Wno-error=#warnings: NO 
Compiler for C supports arguments -Wno-string-plus-int: NO 
Compiler for C supports arguments -fstrict-flex-arrays: YES 
Compiler for C supports arguments -Wno-maybe-uninitialized: YES 
Compiler for C supports arguments -Wno-unused-result: YES 
Compiler for C supports arguments -ftrivial-auto-var-init=zero: YES 
Compiler for C supports arguments -Werror=missing-declarations: YES 
Compiler for C supports arguments -Werror=missing-prototypes: YES 
Compiler for C supports arguments -fdiagnostics-show-option: YES 
Compiler for C supports arguments -fno-common: YES 
Compiler for C supports arguments -fno-strict-aliasing: YES 
Compiler for C supports arguments -fstack-protector: YES 
Compiler for C supports arguments -fstack-protector-strong: YES 
Compiler for C supports arguments -fstrict-flex-arrays=1: YES 
Compiler for C supports arguments -fvisibility=hidden: YES 
Compiler for C supports arguments --param=ssp-buffer-size=4: YES 
Compiler for C supports arguments -ffunction-sections: YES 
Compiler for C supports arguments -fdata-sections: YES 
Compiler for C supports link arguments -Wl,--fatal-warnings: YES 
Compiler for C supports link arguments -Wl,-z,now: YES 
Compiler for C supports link arguments -Wl,-z,relro: YES 
Compiler for C supports link arguments -fstack-protector: YES 
Compiler for C supports link arguments -Wl,--warn-common: YES 
Compiler for C supports link arguments -Wl,--gc-sections: YES 
Compiler for C supports arguments -Wzero-length-bounds: YES (cached)
Checking if "-Werror=shadow with local shadowing" compiles: YES 
Compiler for C++ supports arguments -Wno-missing-field-initializers: YES 
Compiler for C++ supports arguments -Wno-unused-parameter: YES 
Compiler for C++ supports arguments -Wno-nonnull-compare: YES 
Compiler for C supports arguments -Wstringop-truncation: YES 
Checking for size of "dev_t" : 8 
Checking for size of "ino_t" : 8 
Checking for size of "time_t" : 8 
Checking for size of "rlim_t" : 8 
Checking for size of "typeof(((struct timex *)0)->freq)" : 4 
Computing int of "LONG_MAX" : 2147483647
Checking for size of "char16_t" : 2 
Checking for size of "char32_t" : 4 
Checking for size of "struct mount_attr" : -1 
Checking for size of "struct mount_attr" : 32 
Checking for size of "struct statx" : 256 
Checking for size of "struct dirent64" : -1 
Checking for function "secure_getenv" : YES 
Checking for function "__secure_getenv" : NO 
Checking for function "strndupa" : NO 
Checking for function "memfd_create" : YES 
Checking for function "gettid" : YES 
Checking for function "pivot_root" : NO 
Checking for function "ioprio_get" : NO 
Checking for function "ioprio_set" : NO 
Checking for function "name_to_handle_at" : YES 
Checking for function "setns" : YES 
Checking for function "renameat2" : NO 
Checking for function "kcmp" : NO 
Checking for function "keyctl" : NO 
Checking for function "copy_file_range" : YES 
Checking for function "bpf" : NO 
Checking for function "statx" : YES 
Checking for function "explicit_bzero" : YES 
Checking for function "reallocarray" : YES 
Checking for function "set_mempolicy" : NO 
Checking for function "get_mempolicy" : NO 
Checking for function "pidfd_send_signal" : NO 
Checking for function "pidfd_open" : NO 
Checking for function "rt_sigqueueinfo" : NO 
Checking for function "rt_tgsigqueueinfo" : NO 
Checking for function "mallinfo" : NO 
Checking for function "mallinfo2" : NO 
Checking for function "execveat" : NO 
Checking for function "close_range" : NO 
Checking for function "epoll_pwait2" : NO 
Checking for function "mount_setattr" : NO 
Checking for function "move_mount" : NO 
Checking for function "open_tree" : NO 
Checking for function "fsopen" : NO 
Checking for function "fsconfig" : NO 
Checking for function "getdents64" : NO 
Checking for function "getrandom" : YES 
Configuring version.h using configuration
Program sh found: YES (/usr/bin/sh)
Program echo found: YES (/usr/bin/echo)
Program sed found: YES (/usr/bin/sed)
Program awk found: YES (/usr/bin/awk)
Program stat found: YES (/usr/bin/stat)
Program ln found: YES (/usr/bin/ln)
Program git found: NO
Program env found: YES (/usr/bin/env)
Program perl found: YES (/usr/bin/perl)
Program rsync found: NO
Program quotaon /usr/sbin/quotaon /sbin/quotaon found: NO
Program quotacheck /usr/sbin/quotacheck /sbin/quotacheck found: NO
Program kmod found: YES (/usr/bin/kmod)
Program kexec /usr/sbin/kexec /sbin/kexec found: NO
Program sulogin found: YES (/usr/sbin/sulogin)
Program mount found: YES (/usr/bin/mount)
Program umount found: YES (/usr/bin/umount)
Program loadkeys found: YES (/usr/bin/loadkeys)
Program setfont found: YES (/usr/bin/setfont)
Message: Using /usr/bin/false for nologin
Program gperf found: YES (/usr/bin/gperf)
Message: gperf len type is size_t
Has header "sys/capability.h" : YES 
Has header "crypt.h" : YES 
Has header "linux/memfd.h" : YES 
Has header "linux/vm_sockets.h" : YES 
Has header "printf.h" : NO 
Has header "sys/auxv.h" : YES 
Has header "threads.h" : YES 
Has header "valgrind/memcheck.h" : NO 
Has header "valgrind/valgrind.h" : NO 
Has header "linux/time_types.h" : YES 
Has header "sys/sdt.h" : NO 
Run-time dependency threads found: YES
Library rt found: YES
Library m found: YES
Library dl found: YES
Found pkg-config: YES (/usr/bin/pkg-config) 2.2.0
Run-time dependency libcrypt found: YES 4.4.36
Run-time dependency libcap found: YES 2.69
Checking if "libatomic" : links: YES 
Checking for function "crypt_ra" with dependency libcrypt: YES 
Checking for function "crypt_preferred_method" with dependency libcrypt: YES 
Checking for function "crypt_gensalt_ra" with dependency libcrypt: YES 
Did not find CMake 'cmake'
Found CMake: NO
Run-time dependency libbpf found: NO (tried pkgconfig and cmake)
Run-time dependency mount found: YES 2.40.1
Run-time dependency libacl found: YES 2.3.2
Run-time dependency blkid found: YES 2.40.1
Checking for function "blkid_probe_set_hint" with dependency blkid: YES 
Run-time dependency libkmod found: YES 32
Run-time dependency xencontrol found: NO (tried pkgconfig and cmake)
Checking for function "crypt_activate_by_token_pin" : NO 
Run-time dependency tss2-esys tss2-rc tss2-mu found: NO (tried pkgconfig and cmake)
Run-time dependency bzip2 found: NO (tried pkgconfig and cmake)
Library bz2 found: YES
Program python3 (jinja2) found: YES (/usr/bin/python3) modules: jinja2
Program tools/generate-gperfs.py found: YES (/sources/systemd-stable-253.18/tools/generate-gperfs.py)
Program tools/make-autosuspend-rules.py found: YES (/sources/systemd-stable-253.18/tools/make-autosuspend-rules.py)
Program tools/make-directive-index.py found: YES (/sources/systemd-stable-253.18/tools/make-directive-index.py)
Program tools/make-man-index.py found: YES (/sources/systemd-stable-253.18/tools/make-man-index.py)
Program tools/meson-render-jinja2.py found: YES (/sources/systemd-stable-253.18/tools/meson-render-jinja2.py)
Program tools/update-dbus-docs.py found: YES (/sources/systemd-stable-253.18/tools/update-dbus-docs.py)
Program tools/update-man-rules.py found: YES (/sources/systemd-stable-253.18/tools/update-man-rules.py)
Program tools/update-hwdb.sh found: YES (/sources/systemd-stable-253.18/tools/update-hwdb.sh)
Program tools/update-hwdb-autosuspend.sh found: YES (/sources/systemd-stable-253.18/tools/update-hwdb-autosuspend.sh)
Program tools/update-syscall-tables.sh found: YES (/sources/systemd-stable-253.18/tools/update-syscall-tables.sh)
Program tools/xml_helper.py found: YES (/sources/systemd-stable-253.18/tools/xml_helper.py)
Program tools/dbus_exporter.py found: YES (/sources/systemd-stable-253.18/tools/dbus_exporter.py)
Configuring config.h using configuration
Program msgfmt found: YES (/usr/bin/msgfmt)
Program msginit found: YES (/usr/bin/msginit)
Program msgmerge found: YES (/usr/bin/msgmerge)
Program xgettext found: YES (/usr/bin/xgettext)
Program generate-af-list.sh found: YES (/sources/systemd-stable-253.18/src/basic/generate-af-list.sh)
Program generate-arphrd-list.sh found: YES (/sources/systemd-stable-253.18/src/basic/generate-arphrd-list.sh)
Program generate-cap-list.sh found: YES (/sources/systemd-stable-253.18/src/basic/generate-cap-list.sh)
Program generate-errno-list.sh found: YES (/sources/systemd-stable-253.18/src/basic/generate-errno-list.sh)
Program missing_syscalls.py found: YES (/usr/bin/python3.12 /sources/systemd-stable-253.18/src/basic/missing_syscalls.py)
Program check-filesystems.sh found: YES (/sources/systemd-stable-253.18/src/basic/check-filesystems.sh)
Program generate-filesystem-list.py found: YES (/sources/systemd-stable-253.18/src/basic/generate-filesystem-list.py)
Program generate-filesystem-switch-case.py found: YES (/sources/systemd-stable-253.18/src/basic/generate-filesystem-switch-case.py)
Program sd-journal/generate-audit_type-list.sh found: YES (/sources/systemd-stable-253.18/src/libsystemd/sd-journal/generate-audit_type-list.sh)
../src/libsystemd/meson.build:134: WARNING: Project targets '>= 0.53.2' but uses feature introduced in '0.60.0': install_tag arg in custom_target.
Program generate-syscall-list.py found: YES (/sources/systemd-stable-253.18/src/shared/generate-syscall-list.py)
Program generate-ip-protocol-list.sh found: YES (/sources/systemd-stable-253.18/src/shared/generate-ip-protocol-list.sh)
Program generate-keyboard-keys-list.sh found: YES (/sources/systemd-stable-253.18/src/udev/generate-keyboard-keys-list.sh)
Program generate-keyboard-keys-gperf.sh found: YES (/sources/systemd-stable-253.18/src/udev/generate-keyboard-keys-gperf.sh)
../src/libudev/meson.build:34: WARNING: Project targets '>= 0.53.2' but uses feature introduced in '0.60.0': install_tag arg in custom_target.
Program generate-dns_type-gperf.py found: YES (/sources/systemd-stable-253.18/src/resolve/generate-dns_type-gperf.py)
Program generate-sym-test.py found: YES (/sources/systemd-stable-253.18/src/test/generate-sym-test.py)
Program test-bootctl-json.sh found: YES (/sources/systemd-stable-253.18/test/test-bootctl-json.sh)
Program test-fstab-generator.sh found: YES (/sources/systemd-stable-253.18/test/test-fstab-generator.sh)
Program test-network-generator-conversion.sh found: YES (/sources/systemd-stable-253.18/test/test-network-generator-conversion.sh)
Program test-systemctl-enable.sh found: YES (/usr/bin/env bash /sources/systemd-stable-253.18/test/test-systemctl-enable.sh)
Program test-systemd-tmpfiles.py found: YES (/sources/systemd-stable-253.18/test/test-systemd-tmpfiles.py)
Program hwdb-test.sh found: YES (/sources/systemd-stable-253.18/test/hwdb-test.sh)
Configuring test-sysusers.sh using configuration
Program rule-syntax-check.py found: YES (/sources/systemd-stable-253.18/test/rule-syntax-check.py)
Program sys-script.py found: YES (/sources/systemd-stable-253.18/test/sys-script.py)
Program udev-test.pl found: YES (/sources/systemd-stable-253.18/test/udev-test.pl)
Program rpm found: NO
Program rpmspec found: NO
Program test-rpm-macros.sh found: YES (/sources/systemd-stable-253.18/test/test-rpm-macros.sh)
Message: Skipping test-rpm-macros since rpm and/or rpmspec are not available
Program generate-directives.py found: YES (/usr/bin/python3.12 /sources/systemd-stable-253.18/test/fuzz/generate-directives.py)
../meson.build:4112: DEPRECATION: Project uses feature that was always broken, and is now deprecated since '1.3.0': str.format: Value other than strings, integers, bools, options, dictionaries and lists thereof..
../meson.build:4118: DEPRECATION: Project uses feature that was always broken, and is now deprecated since '1.3.0': str.format: Value other than strings, integers, bools, options, dictionaries and lists thereof..
Message: test-bus-benchmark is a manual test
Message: test-ipv4ll-manual is a manual test
Message: test-acd is a manual test
Message: test-coredump-vacuum is a manual test
Message: Not compiling test-qcow2 because HAVE_ZLIB is not true
Message: test-inhibit is a manual test
Message: test-session-properties is a manual test
Message: test-patch-uid is a manual test
Message: Not compiling test-dnssec because HAVE_OPENSSL_OR_GCRYPT is not true
Message: test-dnssec-complex is a manual test
Message: test-ns is a manual test
Message: Not compiling test-boot-timestamps because ENABLE_EFI is not true
Message: Not compiling test-seccomp because HAVE_SECCOMP is not true
Message: test-ask-password-api is a manual test
Message: test-ipcrm is an unsafe test
Message: test-btrfs is a manual test
Message: test-netlink-manual is a manual test
Message: Not compiling test-sbat because HAVE_GNU_EFI is not true
Message: test-chase-symlinks is a manual test
Message: test-install is a manual test
Message: test-watchdog is an unsafe test
Message: Not compiling test-utmp because ENABLE_UTMP is not true
Message: test-udev is a manual test
Message: Not compiling test-cryptolib because HAVE_OPENSSL_OR_GCRYPT is not true
Message: Not compiling test-nss-hosts because ENABLE_NSS is not true
Message: Not compiling test-nss-users because ENABLE_NSS is not true
Message: Not compiling test-nscd-flush because ENABLE_NSCD is not true
Message: Not compiling test-socket-bind because BPF_FRAMEWORK is not true
../meson.build:4231: DEPRECATION: Project uses feature that was always broken, and is now deprecated since '1.3.0': str.format: Value other than strings, integers, bools, options, dictionaries and lists thereof..
Program xsltproc found: NO
Message: Skipping binfmt.d.5 because ENABLE_BINFMT is false
Message: Skipping bootctl.1 because HAVE_GNU_EFI is false
Message: Skipping coredump.conf.5 because ENABLE_COREDUMP is false
Message: Skipping coredumpctl.1 because ENABLE_COREDUMP is false
Message: Skipping crypttab.5 because HAVE_LIBCRYPTSETUP is false
Message: Skipping dnssec-trust-anchors.d.5 because ENABLE_RESOLVE is false
Message: Skipping environment.d.5 because ENABLE_ENVIRONMENT_D is false
Message: Skipping homectl.1 because ENABLE_HOMED is false
Message: Skipping homed.conf.5 because ENABLE_HOMED is false
Message: Skipping hostnamectl.1 because ENABLE_HOSTNAMED is false
Message: Skipping integritytab.5 because HAVE_LIBCRYPTSETUP is false
Message: Skipping journal-remote.conf.5 because HAVE_MICROHTTPD is false
Message: Skipping journal-upload.conf.5 because HAVE_MICROHTTPD is false
Message: Skipping kernel-install.8 because ENABLE_KERNEL_INSTALL is false
Message: Skipping loader.conf.5 because HAVE_GNU_EFI is false
Message: Skipping localectl.1 because ENABLE_LOCALED is false
Message: Skipping loginctl.1 because ENABLE_LOGIND is false
Message: Skipping logind.conf.5 because ENABLE_LOGIND is false
Message: Skipping machinectl.1 because ENABLE_MACHINED is false
Message: Skipping networkctl.1 because ENABLE_NETWORKD is false
Message: Skipping networkd.conf.5 because ENABLE_NETWORKD is false
Message: Skipping nss-myhostname.8 because ENABLE_NSS_MYHOSTNAME is false
Message: Skipping nss-mymachines.8 because ENABLE_NSS_MYMACHINES is false
Message: Skipping nss-resolve.8 because ENABLE_NSS_RESOLVE is false
Message: Skipping nss-systemd.8 because ENABLE_NSS_SYSTEMD is false
Message: Skipping oomctl.1 because ENABLE_OOMD is false
Message: Skipping oomd.conf.5 because ENABLE_OOMD is false
Message: Skipping org.freedesktop.home1.5 because ENABLE_HOMED is false
Message: Skipping org.freedesktop.hostname1.5 because ENABLE_HOSTNAMED is false
Message: Skipping org.freedesktop.import1.5 because ENABLE_IMPORTD is false
Message: Skipping org.freedesktop.locale1.5 because ENABLE_LOCALED is false
Message: Skipping org.freedesktop.login1.5 because ENABLE_LOGIND is false
Message: Skipping org.freedesktop.machine1.5 because ENABLE_MACHINED is false
Message: Skipping org.freedesktop.network1.5 because ENABLE_NETWORKD is false
Message: Skipping org.freedesktop.oom1.5 because ENABLE_OOMD is false
Message: Skipping org.freedesktop.portable1.5 because ENABLE_PORTABLED is false
Message: Skipping org.freedesktop.resolve1.5 because ENABLE_RESOLVE is false
Message: Skipping org.freedesktop.timedate1.5 because ENABLE_TIMEDATED is false
Message: Skipping pam_systemd.8 because HAVE_PAM is false
Message: Skipping pam_systemd_home.8 because ENABLE_PAM_HOME is false
Message: Skipping portablectl.1 because ENABLE_PORTABLED is false
Message: Skipping pstore.conf.5 because ENABLE_PSTORE is false
Message: Skipping repart.d.5 because ENABLE_REPART is false
Message: Skipping resolvectl.1 because ENABLE_RESOLVE is false
Message: Skipping resolved.conf.5 because ENABLE_RESOLVE is false
Message: Skipping runlevel.8 because HAVE_SYSV_COMPAT is false
Message: Skipping sd-login.3 because HAVE_PAM is false
Message: Skipping sd_get_seats.3 because HAVE_PAM is false
Message: Skipping sd_login_monitor_new.3 because HAVE_PAM is false
Message: Skipping sd_pid_get_owner_uid.3 because HAVE_PAM is false
Message: Skipping sd_seat_get_active.3 because HAVE_PAM is false
Message: Skipping sd_session_is_active.3 because HAVE_PAM is false
Message: Skipping sd_uid_get_state.3 because HAVE_PAM is false
Message: Skipping systemd-analyze.1 because ENABLE_ANALYZE is false
Message: Skipping systemd-backlight@.service.8 because ENABLE_BACKLIGHT is false
Message: Skipping systemd-binfmt.service.8 because ENABLE_BINFMT is false
Message: Skipping systemd-bless-boot-generator.8 because HAVE_GNU_EFI is false
Message: Skipping systemd-bless-boot.service.8 because HAVE_GNU_EFI is false
Message: Skipping systemd-boot-random-seed.service.8 because HAVE_GNU_EFI is false
Message: Skipping systemd-boot.7 because HAVE_GNU_EFI is false
Message: Skipping systemd-coredump.8 because ENABLE_COREDUMP is false
Message: Skipping systemd-cryptenroll.1 because HAVE_LIBCRYPTSETUP is false
Message: Skipping systemd-cryptsetup-generator.8 because HAVE_LIBCRYPTSETUP is false
Message: Skipping systemd-cryptsetup@.service.8 because HAVE_LIBCRYPTSETUP is false
Message: Skipping systemd-environment-d-generator.8 because ENABLE_ENVIRONMENT_D is false
Message: Skipping systemd-firstboot.1 because ENABLE_FIRSTBOOT is false
Message: Skipping systemd-hibernate-resume-generator.8 because ENABLE_HIBERNATE is false
Message: Skipping systemd-hibernate-resume@.service.8 because ENABLE_HIBERNATE is false
Message: Skipping systemd-homed.service.8 because ENABLE_HOMED is false
Message: Skipping systemd-hostnamed.service.8 because ENABLE_HOSTNAMED is false
Message: Skipping systemd-importd.service.8 because ENABLE_IMPORTD is false
Message: Skipping systemd-initctl.service.8 because HAVE_SYSV_COMPAT is false
Message: Skipping systemd-integritysetup-generator.8 because HAVE_LIBCRYPTSETUP is false
Message: Skipping systemd-integritysetup@.service.8 because HAVE_LIBCRYPTSETUP is false
Message: Skipping systemd-journal-gatewayd.service.8 because HAVE_MICROHTTPD is false
Message: Skipping systemd-journal-remote.service.8 because HAVE_MICROHTTPD is false
Message: Skipping systemd-journal-upload.service.8 because HAVE_MICROHTTPD is false
Message: Skipping systemd-localed.service.8 because ENABLE_LOCALED is false
Message: Skipping systemd-logind.service.8 because ENABLE_LOGIND is false
Message: Skipping systemd-machined.service.8 because ENABLE_MACHINED is false
Message: Skipping systemd-measure.1 because HAVE_GNU_EFI is false
Message: Skipping systemd-networkd-wait-online.service.8 because ENABLE_NETWORKD is false
Message: Skipping systemd-networkd.service.8 because ENABLE_NETWORKD is false
Message: Skipping systemd-oomd.service.8 because ENABLE_OOMD is false
Message: Skipping systemd-pcrphase.service.8 because HAVE_GNU_EFI is false
Message: Skipping systemd-portabled.service.8 because ENABLE_PORTABLED is false
Message: Skipping systemd-pstore.service.8 because ENABLE_PSTORE is false
Message: Skipping systemd-quotacheck.service.8 because ENABLE_QUOTACHECK is false
Message: Skipping systemd-random-seed.service.8 because ENABLE_RANDOMSEED is false
Message: Skipping systemd-rc-local-generator.8 because HAVE_SYSV_COMPAT is false
Message: Skipping systemd-repart.8 because ENABLE_REPART is false
Message: Skipping systemd-resolved.service.8 because ENABLE_RESOLVE is false
Message: Skipping systemd-rfkill.service.8 because ENABLE_RFKILL is false
Message: Skipping systemd-stub.7 because HAVE_GNU_EFI is false
Message: Skipping systemd-sysupdate.8 because ENABLE_SYSUPDATE is false
Message: Skipping systemd-sysv-generator.8 because HAVE_SYSV_COMPAT is false
Message: Skipping systemd-time-wait-sync.service.8 because ENABLE_TIMESYNCD is false
Message: Skipping systemd-timedated.service.8 because ENABLE_TIMEDATED is false
Message: Skipping systemd-timesyncd.service.8 because ENABLE_TIMESYNCD is false
Message: Skipping systemd-update-utmp.service.8 because ENABLE_UTMP is false
Message: Skipping systemd-user-sessions.service.8 because HAVE_PAM is false
Message: Skipping systemd-userdbd.service.8 because ENABLE_USERDB is false
Message: Skipping systemd-vconsole-setup.service.8 because ENABLE_VCONSOLE is false
Message: Skipping systemd-veritysetup-generator.8 because HAVE_LIBCRYPTSETUP is false
Message: Skipping systemd-veritysetup@.service.8 because HAVE_LIBCRYPTSETUP is false
Message: Skipping systemd-xdg-autostart-generator.8 because ENABLE_XDG_AUTOSTART is false
Message: Skipping systemd.dnssd.5 because ENABLE_RESOLVE is false
Message: Skipping systemd.environment-generator.7 because ENABLE_ENVIRONMENT_D is false
Message: Skipping systemd.netdev.5 because ENABLE_NETWORKD is false
Message: Skipping systemd.network.5 because ENABLE_NETWORKD is false
Message: Skipping sysupdate.d.5 because ENABLE_SYSUPDATE is false
Message: Skipping telinit.8 because HAVE_SYSV_COMPAT is false
Message: Skipping timedatectl.1 because ENABLE_TIMEDATECTL is false
Message: Skipping timesyncd.conf.5 because ENABLE_TIMESYNCD is false
Message: Skipping ukify.1 because ENABLE_UKIFY is false
Message: Skipping userdbctl.1 because ENABLE_USERDB is false
Message: Skipping vconsole.conf.5 because ENABLE_VCONSOLE is false
Message: Skipping veritytab.5 because HAVE_LIBCRYPTSETUP is false
Message: python-lxml not available, not making man page indices
Configuring man using configuration
Configuring html using configuration
Run-time dependency bash-completion found: NO (tried pkgconfig and cmake)
Checking for size of "long" : 4 
Message: Not installing sysusers.d/systemd-coredump.conf because ENABLE_COREDUMP is 0
Message: Not installing sysusers.d/systemd-oom.conf because ENABLE_OOMD is 0
Message: Not installing tmpfiles.d/portables.conf because ENABLE_PORTABLED is 0
Message: Not installing tmpfiles.d/systemd-network.conf because ENABLE_NETWORKD is 0
Message: Not installing tmpfiles.d/systemd-nologin.conf because HAVE_PAM is 0
Message: Not installing tmpfiles.d/systemd-nspawn.conf because ENABLE_MACHINED is 0
Message: Not installing tmpfiles.d/systemd-pstore.conf because ENABLE_PSTORE is 0
Message: Not installing tmpfiles.d/systemd-resolve.conf because ENABLE_RESOLVE is 0
Message: Not installing tmpfiles.d/legacy.conf because HAVE_SYSV_COMPAT is 0
Program jekyll found: NO
Program tools/check-help.sh found: YES (/sources/systemd-stable-253.18/tools/check-help.sh)
Program tools/check-version.sh found: YES (/sources/systemd-stable-253.18/tools/check-version.sh)
Compiler for C supports link arguments -fsanitize=address,undefined: NO 
Program tools/check-api-docs.sh found: YES (/sources/systemd-stable-253.18/tools/check-api-docs.sh)
Build targets in project: 662
WARNING: Project specifies a minimum meson_version '>= 0.53.2' but uses features which were added in newer versions:
 * 0.60.0: {'install_tag arg in custom_target'}
NOTICE: Future-deprecated features used:
 * 0.55.0: {'ExternalProgram.path'}
WARNING: Broken features used:
 * 1.3.0: {'str.format: Value other than strings, integers, bools, options, dictionaries and lists thereof.'}

systemd 253

    build mode                     : release
    split /usr                     : false
    split bin-sbin                 : true
    prefix directory               : /usr
    rootprefix directory           : /usr
    sysconf directory              : /etc
    include directory              : /usr/include
    lib directory                  : /usr/lib
    rootlib directory              : /usr/lib
    SysV init scripts              : 
    SysV rc?.d directories         : /etc/rc.d
    PAM modules directory          : /usr/lib/security
    PAM configuration directory    : /usr/lib/pam.d
    libcryptsetup plugins directory: /usr/lib/cryptsetup
    RPM macros directory           : /usr/lib/rpm/macros.d
    modprobe.d directory           : /usr/lib/modprobe.d
    D-Bus policy directory         : /usr/share/dbus-1/system.d
    D-Bus session directory        : /usr/share/dbus-1/services
    D-Bus system directory         : /usr/share/dbus-1/system-services
    D-Bus interfaces directory     : /usr/share/dbus-1/interfaces
    bash completions directory     : /usr/share/bash-completion/completions
    zsh completions directory      : /usr/share/zsh/site-functions
    private shared lib version tag : 253
    extra start script             : /etc/rc.local
    debug shell                    : /bin/sh @ /dev/tty9
    system UIDs                    : <=999 (alloc >=101)
    system GIDs                    : <=999 (alloc >=101)
    dynamic UIDs                   : 61184…65519
    container UID bases            : 524288…1878982656
    static UID/GID allocations     : tty-gid:5 users-gid:999
    /dev/kvm access mode           : 0666
    render group access mode       : 0666
    certificate root directory     : /etc/ssl
    support URL                    : https://lists.freedesktop.org/mailman/listinfo/systemd-devel
    nobody user name               : nobody
    nobody group name              : nogroup
    fallback hostname              : localhost
    default compression method     : none
    default DNSSEC mode            : no
    default DNS-over-TLS mode      : no
    default mDNS mode              : yes
    default LLMNR mode             : yes
    default DNS servers            : 
    default NTP servers            : 
    default cgroup hierarchy       : unified
    default net.naming-scheme value: latest
    default KillUserProcesses value: true
    default locale                 : C.UTF-8
    default nspawn locale          : C.UTF-8
    default status unit format     : description
    default user $PATH             : (same as system services)
    systemd service watchdog       : 3min
    time epoch                     : 1714087205 (2024-04-25T23:20:05+00:00)

  Features
    enabled                        : ACL, blkid, bzip2, hwdb, sysusers, tmpfiles, kmod, link-systemctl-shared, link-networkd-shared, link-timesyncd-shared, link-journalctl-shared, standalone-binaries
    disabled                       : AUDIT, AppArmor, IMA, PAM, SECCOMP, SELinux, SMACK, elfutils, gcrypt, gnutls, libbpf, libcryptsetup, libcryptsetup-plugins, libcurl, libfdisk, libfido2, libidn, libidn2, libiptc, microhttpd, openssl, p11kit, pcre2, pwquality, qrencode, tpm2, xkbcommon, zstd, lz4, xz, zlib, backlight, binfmt, bpf-framework, coredump, environment.d, efi, gnu-efi, firstboot, hibernate, homed, hostnamed, importd, initrd, kernel-install, localed, logind, machined, networkd, nss-myhostname, nss-mymachines, nss-resolve, nss-systemd, oomd, portabled, pstore, quotacheck, randomseed, repart, resolve, rfkill, sysext, systemd-analyze, sysupdate, timedated, timesyncd, userdb, vconsole, xdg-autostart, idn, polkit, nscd, legacy-pkla, xenctrl, dbus, glib, tpm, man pages, html pages, man page indices, SysV compat, compat-mutable-uid-boundaries, utmp, ldconfig, adm group, wheel group, gshadow, debug hashmap, debug mmap cache, debug siphash, valgrind, trace logging, install tests, link-udev-shared, link-boot-shared, first-boot-full-preset, fexecve, coverage, static-libsystemd, static-libudev, cryptolib, DNS-over-TLS

  User defined options
    buildtype                      : release
    prefix                         : /usr
    sysconfdir                     : /etc
    acl                            : true
    adm-group                      : false
    analyze                        : false
    apparmor                       : false
    audit                          : false
    backlight                      : false
    binfmt                         : false
    blkid                          : true
    coredump                       : false
    dbus                           : false
    default-dnssec                 : no
    dns-servers                    : 
    efi                            : false
    elfutils                       : false
    environment-d                  : false
    fdisk                          : false
    firstboot                      : false
    gcrypt                         : false
    glib                           : false
    gnu-efi                        : false
    gnutls                         : false
    gshadow                        : false
    hibernate                      : false
    hostnamed                      : false
    hwdb                           : true
    idn                            : false
    ima                            : false
    initrd                         : false
    install-tests                  : false
    kernel-install                 : false
    kmod                           : true
    ldconfig                       : false
    libcryptsetup                  : false
    libcurl                        : false
    libfido2                       : false
    libidn                         : false
    libidn2                        : false
    libiptc                        : false
    link-boot-shared               : false
    link-udev-shared               : false
    localed                        : false
    logind                         : false
    lz4                            : false
    machined                       : false
    man                            : false
    microhttpd                     : false
    mode                           : release
    networkd                       : false
    nobody-group                   : nogroup
    nobody-user                    : nobody
    nologin-path                   : /usr/bin/false
    nscd                           : false
    nss-myhostname                 : false
    nss-resolve                    : false
    nss-systemd                    : false
    ntp-servers                    : 
    oomd                           : false
    openssl                        : false
    p11kit                         : false
    pam                            : false
    pcre2                          : false
    polkit                         : false
    portabled                      : false
    pstore                         : false
    pwquality                      : false
    qrencode                       : false
    quotacheck                     : false
    randomseed                     : false
    resolve                        : false
    rfkill                         : false
    seccomp                        : false
    selinux                        : false
    smack                          : false
    standalone-binaries            : true
    sysext                         : false
    sysusers                       : true
    sysvinit-path                  : 
    tests                          : false
    timedated                      : false
    timesyncd                      : false
    tmpfiles                       : true
    tpm                            : false
    userdb                         : false
    users-gid                      : 999
    utmp                           : false
    vconsole                       : false
    version-tag                    : 253.19
    wheel-group                    : false
    xdg-autostart                  : false
    xkbcommon                      : false
    xz                             : false
    zlib                           : false
    zstd                           : false

Found ninja-1.12.0 at /usr/bin/ninja
[4 1/433 0.141s] Generating src/basic/cap-list.txt with a custom command (wrapped by meson to capture output)
[4 2/433 0.141s] Generating src/basic/af-list.txt with a custom command (wrapped by meson to capture output)
[4 3/433 0.142s] Generating src/basic/errno-list.txt with a custom command (wrapped by meson to capture output)
[4 4/433 0.148s] Generating src/basic/arphrd-list.txt with a custom command (wrapped by meson to capture output)
[4 5/433 0.255s] Generating src/shared/ip-protocol-list.txt with a custom command (wrapped by meson to capture output)
[4 6/433 0.257s] Generating src/basic/af-from-name.gperf with a custom command (wrapped by meson to capture output)
[4 7/433 0.263s] Generating src/udev/keyboard-keys-list.txt with a custom command (wrapped by meson to capture output)
[4 8/433 0.263s] Generating src/basic/arphrd-from-name.gperf with a custom command (wrapped by meson to capture output)
[4 9/433 0.370s] Generating src/basic/cap-from-name.gperf with a custom command (wrapped by meson to capture output)
[4 10/433 0.372s] Generating src/basic/errno-from-name.gperf with a custom command (wrapped by meson to capture output)
[4 11/433 0.378s] Generating src/shared/ip-protocol-from-name.gperf with a custom command (wrapped by meson to capture output)
[4 12/433 0.379s] Generating src/libsystemd/audit_type-list.txt with a custom command (wrapped by meson to capture output)
[4 13/433 0.472s] Generating src/udev/keyboard-keys-from-name.gperf with a custom command (wrapped by meson to capture output)
[4 14/433 0.473s] Generating src/basic/af-from-name.h with a custom command (wrapped by meson to capture output)
[4 15/433 0.474s] Generating src/basic/af-to-name.h with a custom command (wrapped by meson to capture output)
[4 16/433 0.478s] Generating src/basic/arphrd-from-name.h with a custom command (wrapped by meson to capture output)
[4 17/433 0.569s] Generating src/basic/arphrd-to-name.h with a custom command (wrapped by meson to capture output)
[4 18/433 0.571s] Generating src/basic/cap-to-name.h with a custom command (wrapped by meson to capture output)
[4 19/433 0.572s] Generating src/basic/cap-from-name.h with a custom command (wrapped by meson to capture output)
[4 20/433 0.577s] Generating src/basic/filesystems-gperf.h with a custom command
[4 21/433 0.580s] Generating src/basic/errno-from-name.h with a custom command (wrapped by meson to capture output)
[4 22/433 0.667s] Generating src/basic/errno-to-name.h with a custom command (wrapped by meson to capture output)
[4 23/433 0.676s] Generating src/libsystemd/audit_type-to-name.h with a custom command (wrapped by meson to capture output)
[4 24/433 0.687s] Generating src/basic/filesystem-list.h with a custom command (wrapped by meson to capture output)
[4 25/433 0.692s] Generating src/basic/filesystem-switch-case.h with a custom command (wrapped by meson to capture output)
[4 26/433 0.703s] Generating src/udev/link-config-gperf.c with a custom command
[4 27/433 0.750s] Compiling C object src/basic/libbasic.a.p/MurmurHash2.c.o
[4 28/433 0.766s] Generating src/shared/ip-protocol-from-name.h with a custom command (wrapped by meson to capture output)
[4 29/433 0.773s] Generating src/shared/ip-protocol-to-name.h with a custom command (wrapped by meson to capture output)
[4 30/433 0.851s] Compiling C object src/basic/libbasic.a.p/af-list.c.o
[4 31/433 0.854s] Compiling C object src/basic/libbasic.a.p/architecture.c.o
[4 32/433 0.869s] Compiling C object src/basic/libbasic.a.p/alloc-util.c.o
[4 33/433 0.972s] Compiling C object src/basic/libbasic.a.p/arphrd-util.c.o
[4 34/433 0.991s] Compiling C object src/basic/libbasic.a.p/async.c.o
[4 35/433 1.038s] Compiling C object src/basic/libbasic.a.p/argv-util.c.o
[4 36/433 1.087s] Compiling C object src/basic/libbasic.a.p/build.c.o
[4 37/433 1.097s] Generating src/udev/keyboard-keys-from-name.h with a custom command (wrapped by meson to capture output)
[4 38/433 1.141s] Compiling C object src/basic/libbasic.a.p/bus-label.c.o
[4 39/433 1.141s] Compiling C object src/basic/libbasic.a.p/audit-util.c.o
[4 40/433 1.232s] Compiling C object src/basic/libbasic.a.p/cap-list.c.o
[4 41/433 1.402s] Compiling C object src/basic/libbasic.a.p/chattr-util.c.o
[4 42/433 1.525s] Compiling C object src/basic/libbasic.a.p/capability-util.c.o
[4 43/433 1.654s] Compiling C object src/basic/libbasic.a.p/chase-symlinks.c.o
[4 44/433 1.679s] Compiling C object src/basic/libbasic.a.p/devnum-util.c.o
[4 45/433 1.708s] Compiling C object src/basic/libbasic.a.p/conf-files.c.o
[4 46/433 1.748s] Compiling C object src/basic/libbasic.a.p/efivars.c.o
[4 47/433 1.768s] Compiling C object src/basic/libbasic.a.p/dirent-util.c.o
[4 48/433 1.858s] Compiling C object src/basic/libbasic.a.p/errno-list.c.o
[4 49/433 2.074s] Compiling C object src/basic/libbasic.a.p/env-file.c.o
[4 50/433 2.248s] Compiling C object src/basic/libbasic.a.p/escape.c.o
[4 51/433 2.288s] Compiling C object src/basic/libbasic.a.p/ether-addr-util.c.o
[4 52/433 2.378s] Compiling C object src/basic/libbasic.a.p/env-util.c.o
[4 53/433 2.446s] Compiling C object src/basic/libbasic.a.p/cgroup-util.c.o
[4 54/433 2.498s] Compiling C object src/basic/libbasic.a.p/extract-word.c.o
[4 55/433 2.626s] Compiling C object src/basic/libbasic.a.p/format-util.c.o
[4 56/433 2.638s] Compiling C object src/basic/libbasic.a.p/filesystems.c.o
[4 57/433 2.759s] Compiling C object src/basic/libbasic.a.p/glob-util.c.o
../src/basic/glob-util.c:21:13: warning: ‘closedir_wrapper’ defined but not used [-Wunused-function]
   21 | static void closedir_wrapper(void* v) {
      |             ^~~~~~~~~~~~~~~~
[4 58/433 2.835s] Compiling C object src/basic/libbasic.a.p/fd-util.c.o
[4 59/433 2.848s] Compiling C object src/basic/libbasic.a.p/glyph-util.c.o
[4 60/433 2.881s] Compiling C object src/basic/libbasic.a.p/gunicode.c.o
[4 61/433 2.984s] Compiling C object src/basic/libbasic.a.p/hash-funcs.c.o
[4 62/433 3.167s] Compiling C object src/basic/libbasic.a.p/fileio.c.o
[4 63/433 3.218s] Compiling C object src/basic/libbasic.a.p/hmac.c.o
[4 64/433 3.355s] Compiling C object src/basic/libbasic.a.p/fs-util.c.o
[4 65/433 3.415s] Compiling C object src/basic/libbasic.a.p/hostname-util.c.o
[4 66/433 3.509s] Compiling C object src/basic/libbasic.a.p/initrd-util.c.o
[4 67/433 3.570s] Compiling C object src/basic/libbasic.a.p/hexdecoct.c.o
[4 68/433 3.630s] Compiling C object src/basic/libbasic.a.p/inotify-util.c.o
[4 69/433 3.719s] Compiling C object src/basic/libbasic.a.p/ioprio-util.c.o
[4 70/433 3.825s] Compiling C object src/basic/libbasic.a.p/hashmap.c.o
[4 71/433 3.829s] Compiling C object src/basic/libbasic.a.p/io-util.c.o
[4 72/433 3.883s] Compiling C object src/basic/libbasic.a.p/limits-util.c.o
[4 73/433 3.936s] Compiling C object src/basic/libbasic.a.p/in-addr-util.c.o
[4 74/433 3.948s] Compiling C object src/basic/libbasic.a.p/login-util.c.o
[4 75/433 4.017s] Compiling C object src/basic/libbasic.a.p/memory-util.c.o
[4 76/433 4.071s] Compiling C object src/basic/libbasic.a.p/memfd-util.c.o
[4 77/433 4.096s] Compiling C object src/basic/libbasic.a.p/mempool.c.o
[4 78/433 4.103s] Compiling C object src/basic/libbasic.a.p/locale-util.c.o
[4 79/433 4.343s] Compiling C object src/basic/libbasic.a.p/mkdir.c.o
[4 80/433 4.411s] Compiling C object src/basic/libbasic.a.p/namespace-util.c.o
[4 81/433 4.492s] Compiling C object src/basic/libbasic.a.p/nulstr-util.c.o
[4 82/433 4.540s] Compiling C object src/basic/libbasic.a.p/ordered-set.c.o
[4 83/433 4.543s] Compiling C object src/basic/libbasic.a.p/mountpoint-util.c.o
[4 84/433 4.873s] Compiling C object src/basic/libbasic.a.p/os-util.c.o
[4 85/433 4.922s] Compiling C object src/basic/libbasic.a.p/log.c.o
[4 86/433 4.989s] Compiling C object src/basic/libbasic.a.p/parse-util.c.o
[4 87/433 5.079s] Compiling C object src/basic/libbasic.a.p/path-lookup.c.o
[4 88/433 5.096s] Compiling C object src/basic/libbasic.a.p/percent-util.c.o
[4 89/433 5.186s] Compiling C object src/basic/libbasic.a.p/prioq.c.o
[4 90/433 5.331s] Compiling C object src/basic/libbasic.a.p/proc-cmdline.c.o
[4 91/433 5.394s] Compiling C object src/basic/libbasic.a.p/procfs-util.c.o
[4 92/433 5.474s] Compiling C object src/basic/libbasic.a.p/ratelimit.c.o
[4 93/433 5.536s] Compiling C object src/basic/libbasic.a.p/random-util.c.o
[4 94/433 5.628s] Compiling C object src/basic/libbasic.a.p/replace-var.c.o
[4 95/433 5.632s] Compiling C object src/basic/libbasic.a.p/path-util.c.o
[4 96/433 5.770s] Compiling C object src/basic/libbasic.a.p/sigbus.c.o
[4 97/433 5.833s] Compiling C object src/basic/libbasic.a.p/recurse-dir.c.o
[4 98/433 5.887s] Compiling C object src/basic/libbasic.a.p/rlimit-util.c.o
[4 99/433 5.956s] Compiling C object src/basic/libbasic.a.p/siphash24.c.o
[4 100/433 6.010s] Compiling C object src/basic/libbasic.a.p/signal-util.c.o
[4 101/433 6.024s] Compiling C object src/basic/libbasic.a.p/sort-util.c.o
[4 102/433 6.140s] Compiling C object src/basic/libbasic.a.p/process-util.c.o
[4 103/433 6.174s] Compiling C object src/basic/libbasic.a.p/strbuf.c.o
[4 104/433 6.211s] Compiling C object src/basic/libbasic.a.p/string-table.c.o
[4 105/433 6.414s] Compiling C object src/basic/libbasic.a.p/stat-util.c.o
[4 106/433 6.541s] Compiling C object src/basic/libbasic.a.p/strxcpyx.c.o
[4 107/433 6.718s] Compiling C object src/basic/libbasic.a.p/sync-util.c.o
[4 108/433 6.726s] Compiling C object src/basic/libbasic.a.p/socket-util.c.o
In file included from ../src/basic/socket-util.c:16:
../src/basic/linux/if.h:135:9: warning: "IFF_VOLATILE" redefined
  135 | #define IFF_VOLATILE    (IFF_LOOPBACK|IFF_POINTOPOINT|IFF_BROADCAST|IFF_ECHO|\
      |         ^~~~~~~~~~~~
In file included from ../src/basic/socket-util.c:6:
/usr/include/net/if.h:48:9: note: this is the location of the previous definition
   48 | #define IFF_VOLATILE (IFF_LOOPBACK|IFF_POINTOPOINT|IFF_BROADCAST| \
      |         ^~~~~~~~~~~~
[4 109/433 6.870s] Compiling C object src/basic/libbasic.a.p/strv.c.o
[4 110/433 6.877s] Compiling C object src/basic/libbasic.a.p/syslog-util.c.o
[4 111/433 6.931s] Compiling C object src/basic/libbasic.a.p/string-util.c.o
[4 112/433 6.953s] Compiling C object src/basic/libbasic.a.p/sysctl-util.c.o
[4 113/433 7.165s] Compiling C object src/basic/libbasic.a.p/uid-range.c.o
[4 114/433 7.258s] Compiling C object src/basic/libbasic.a.p/tmpfile-util.c.o
[4 115/433 7.380s] Compiling C object src/basic/libbasic.a.p/unit-def.c.o
[4 116/433 7.753s] Compiling C object src/basic/libbasic.a.p/terminal-util.c.o
[4 117/433 7.814s] Compiling C object src/basic/libbasic.a.p/time-util.c.o
[4 118/433 7.898s] Compiling C object src/basic/libbasic.a.p/unit-file.c.o
[4 119/433 7.948s] Compiling C object src/basic/libbasic.a.p/unit-name.c.o
[4 120/433 8.170s] Compiling C object src/basic/libbasic.a.p/utf8.c.o
[4 121/433 8.212s] Compiling C object src/basic/libbasic.a.p/xattr-util.c.o
[4 122/433 8.275s] Compiling C object src/basic/libbasic.a.p/parse-printf-format.c.o
[4 123/433 8.282s] Compiling C object src/basic/libbasic.a.p/.._fundamental_bootspec-fundamental.c.o
[4 124/433 8.329s] Compiling C object src/basic/libbasic.a.p/.._fundamental_efivars-fundamental.c.o
[4 125/433 8.361s] Compiling C object src/basic/libbasic.a.p/user-util.c.o
[4 126/433 8.377s] Compiling C object src/basic/libbasic.a.p/.._fundamental_tpm-pcr.c.o
[4 127/433 8.390s] Compiling C object src/basic/libbasic-gcrypt.a.p/gcrypt-util.c.o
[4 128/433 8.436s] Compiling C object src/basic/libbasic.a.p/.._fundamental_sha256.c.o
[4 129/433 8.493s] Compiling C object src/libsystemd/libsystemd_static.a.p/sd-bus_bus-common-errors.c.o
[4 130/433 8.494s] Compiling C object src/basic/libbasic.a.p/virt.c.o
[4 131/433 8.506s] Compiling C object src/basic/libbasic.a.p/.._fundamental_string-util-fundamental.c.o
[4 132/433 8.536s] Compiling C object src/basic/libbasic-compress.a.p/compress.c.o
[4 133/433 8.693s] Compiling C object src/libsystemd/libsystemd_static.a.p/sd-bus_bus-container.c.o
[4 134/433 9.152s] Compiling C object src/libsystemd/libsystemd_static.a.p/sd-bus_bus-control.c.o
[4 135/433 9.192s] Compiling C object src/libsystemd/libsystemd_static.a.p/sd-bus_bus-convenience.c.o
[4 136/433 9.303s] Compiling C object src/libsystemd/libsystemd_static.a.p/sd-bus_bus-dump.c.o
[4 137/433 9.499s] Compiling C object src/libsystemd/libsystemd_static.a.p/sd-bus_bus-internal.c.o
[4 138/433 9.507s] Compiling C object src/libsystemd/libsystemd_static.a.p/sd-bus_bus-error.c.o
../src/libsystemd/sd-bus/bus-error.c: In function ‘bus_error_strerror’:
../src/libsystemd/sd-bus/bus-error.c:457:37: warning: pointer ‘x’ may be used after ‘free’ [-Wuse-after-free]
  457 |                                 t = strdup(x);
      |                                     ^~~~~~~~~
../src/libsystemd/sd-bus/bus-error.c:451:25: note: call to ‘free’ here
  451 |                         free(m);
      |                         ^~~~~~~
../src/libsystemd/sd-bus/bus-error.c:465:44: warning: pointer ‘x’ may be used after ‘free’ [-Wuse-after-free]
  465 |                                 e->message = x;
      |                                 ~~~~~~~~~~~^~~
../src/libsystemd/sd-bus/bus-error.c:451:25: note: call to ‘free’ here
  451 |                         free(m);
      |                         ^~~~~~~
[4 139/433 9.551s] Compiling C object src/libsystemd/libsystemd_static.a.p/sd-bus_bus-introspect.c.o
[4 140/433 9.591s] Compiling C object src/libsystemd/libsystemd_static.a.p/sd-bus_bus-creds.c.o
[4 141/433 9.634s] Compiling C object src/libsystemd/libsystemd_static.a.p/sd-bus_bus-kernel.c.o
[4 142/433 9.762s] Compiling C object src/libsystemd/libsystemd_static.a.p/sd-bus_bus-signature.c.o
[4 143/433 10.053s] Compiling C object src/libsystemd/libsystemd_static.a.p/sd-bus_bus-slot.c.o
[4 144/433 10.098s] Compiling C object src/libsystemd/libsystemd_static.a.p/sd-bus_bus-match.c.o
[4 145/433 10.482s] Compiling C object src/libsystemd/libsystemd_static.a.p/sd-bus_bus-track.c.o
[4 146/433 10.629s] Compiling C object src/libsystemd/libsystemd_static.a.p/sd-bus_bus-type.c.o
[4 147/433 10.959s] Compiling C object src/libsystemd/libsystemd_static.a.p/sd-bus_bus-socket.c.o
[4 148/433 11.369s] Compiling C object src/libsystemd/libsystemd_static.a.p/sd-bus_bus-objects.c.o
[4 149/433 11.519s] Compiling C object src/libsystemd/libsystemd_static.a.p/sd-device_device-filter.c.o
[4 150/433 11.777s] Compiling C object src/libsystemd/libsystemd_static.a.p/sd-device_device-enumerator.c.o
[4 151/433 12.181s] Compiling C object src/libsystemd/libsystemd_static.a.p/sd-bus_bus-message.c.o
[4 152/433 12.269s] Compiling C object src/libsystemd/libsystemd_static.a.p/sd-device_device-monitor.c.o
[4 153/433 12.383s] Compiling C object src/libsystemd/libsystemd_static.a.p/sd-device_device-util.c.o
[4 154/433 12.484s] Compiling C object src/libsystemd/libsystemd_static.a.p/sd-device_device-private.c.o
[4 155/433 12.749s] Compiling C object src/libsystemd/libsystemd_static.a.p/sd-hwdb_sd-hwdb.c.o
[4 156/433 12.798s] Compiling C object src/libsystemd/libsystemd_static.a.p/sd-netlink_netlink-genl.c.o
[4 157/433 13.070s] Compiling C object src/libsystemd/libsystemd_static.a.p/sd-netlink_netlink-message-nfnl.c.o
[4 158/433 13.327s] Compiling C object src/libsystemd/libsystemd_static.a.p/sd-bus_sd-bus.c.o
[4 159/433 13.538s] Compiling C object src/libsystemd/libsystemd_static.a.p/sd-netlink_netlink-slot.c.o
[4 160/433 13.760s] Compiling C object src/libsystemd/libsystemd_static.a.p/sd-netlink_netlink-message-rtnl.c.o
[4 161/433 13.848s] Compiling C object src/libsystemd/libsystemd_static.a.p/sd-netlink_netlink-types-genl.c.o
[4 162/433 13.887s] Compiling C object src/libsystemd/libsystemd_static.a.p/sd-netlink_netlink-socket.c.o
[4 163/433 13.926s] Compiling C object src/libsystemd/libsystemd_static.a.p/sd-netlink_netlink-types-nfnl.c.o
[4 164/433 14.022s] Compiling C object src/libsystemd/libsystemd_static.a.p/sd-netlink_netlink-types-rtnl.c.o
[4 165/433 14.077s] Compiling C object src/libsystemd/libsystemd_static.a.p/sd-netlink_netlink-types.c.o
[4 166/433 14.106s] Compiling C object src/libsystemd/libsystemd_static.a.p/sd-netlink_netlink-message.c.o
[4 167/433 14.170s] Compiling C object src/libsystemd/libsystemd_static.a.p/sd-device_sd-device.c.o
[4 168/433 14.262s] Compiling C object src/libsystemd/libsystemd_static.a.p/sd-network_network-util.c.o
[4 169/433 14.539s] Compiling C object src/libsystemd/libsystemd_static.a.p/sd-netlink_netlink-util.c.o
[4 170/433 14.551s] Compiling C object src/libsystemd/libsystemd_static.a.p/sd-network_sd-network.c.o
[4 171/433 14.595s] Compiling C object src/libsystemd/libsystemd_static.a.p/sd-path_sd-path.c.o
[4 172/433 14.645s] Compiling C object src/libsystemd/libsystemd_static.a.p/sd-journal_audit-type.c.o
[4 173/433 14.665s] Compiling C object src/libsystemd/libsystemd_static.a.p/sd-netlink_sd-netlink.c.o
[4 174/433 15.161s] Compiling C object src/libsystemd/libsystemd_static.a.p/sd-journal_catalog.c.o
[4 175/433 15.198s] Compiling C object src/libsystemd/libsystemd_static.a.p/sd-journal_journal-send.c.o
[4 176/433 15.310s] Compiling C object src/libsystemd/libsystemd_static.a.p/sd-resolve_sd-resolve.c.o
[4 177/433 15.491s] Compiling C object src/libsystemd/libsystemd_static.a.p/sd-journal_journal-vacuum.c.o
[4 178/433 15.660s] Compiling C object src/libsystemd/libsystemd_static.a.p/sd-journal_lookup3.c.o
[4 179/433 15.832s] Compiling C object src/libsystemd/libsystemd_static.a.p/sd-journal_mmap-cache.c.o
[4 180/433 16.005s] Compiling C object src/libsystemd/libsystemd_static.a.p/sd-id128_id128-util.c.o
[4 181/433 16.178s] Compiling C object src/libsystemd/libsystemd_static.a.p/sd-journal_journal-verify.c.o
[4 182/433 16.287s] Compiling C object src/libsystemd/libsystemd_static.a.p/sd-id128_sd-id128.c.o
[4 183/433 16.476s] Compiling C object src/libsystemd/libsystemd_static.a.p/sd-event_event-util.c.o
[4 184/433 16.702s] Compiling C object src/libsystemd/libsystemd_static.a.p/sd-daemon_sd-daemon.c.o
[4 185/433 16.892s] Compiling C object src/libsystemd/libsystemd_static.a.p/sd-journal_journal-file.c.o
[4 186/433 17.305s] Compiling C object src/shared/libsystemd-shared-253.a.p/acl-util.c.o
[4 187/433 17.424s] Compiling C object src/shared/libsystemd-shared-253.a.p/acpi-fpdt.c.o
[4 188/433 17.495s] Compiling C object src/shared/libsystemd-shared-253.a.p/apparmor-util.c.o
[4 189/433 17.608s] Compiling C object src/libsystemd/libsystemd_static.a.p/sd-login_sd-login.c.o
[4 190/433 17.725s] Compiling C object src/libsystemd/libsystemd_static.a.p/sd-journal_sd-journal.c.o
[4 191/433 17.780s] Compiling C object src/shared/libsystemd-shared-253.a.p/barrier.c.o
[4 192/433 17.895s] Compiling C object src/shared/libsystemd-shared-253.a.p/binfmt-util.c.o
[4 193/433 17.902s] Compiling C object src/shared/libsystemd-shared-253.a.p/base-filesystem.c.o
[4 194/433 18.060s] Compiling C object src/shared/libsystemd-shared-253.a.p/bitmap.c.o
[4 195/433 18.180s] Compiling C object src/shared/libsystemd-shared-253.a.p/bond-util.c.o
[4 196/433 18.232s] Compiling C object src/shared/libsystemd-shared-253.a.p/ask-password-api.c.o
[4 197/433 18.249s] Compiling C object src/shared/libsystemd-shared-253.a.p/boot-timestamps.c.o
[4 198/433 18.323s] Compiling C object src/shared/libsystemd-shared-253.a.p/bpf-dlopen.c.o
[4 199/433 18.429s] Compiling C object src/shared/libsystemd-shared-253.a.p/blockdev-util.c.o
[4 200/433 18.511s] Compiling C object src/shared/libsystemd-shared-253.a.p/bridge-util.c.o
[4 201/433 18.659s] Compiling C object src/shared/libsystemd-shared-253.a.p/bpf-program.c.o
[4 202/433 18.792s] Compiling C object src/shared/libsystemd-shared-253.a.p/bus-get-properties.c.o
[4 203/433 18.908s] Compiling C object src/shared/libsystemd-shared-253.a.p/bus-locator.c.o
[4 204/433 19.025s] Compiling C object src/shared/libsystemd-shared-253.a.p/bus-log-control-api.c.o
[4 205/433 19.210s] Compiling C object src/shared/libsystemd-shared-253.a.p/bus-map-properties.c.o
[4 206/433 19.240s] Compiling C object src/libsystemd/libsystemd_static.a.p/sd-event_sd-event.c.o
[4 207/433 19.391s] Compiling C object src/shared/libsystemd-shared-253.a.p/bus-message-util.c.o
[4 208/433 19.456s] Compiling C object src/shared/libsystemd-shared-253.a.p/bus-object.c.o
[4 209/433 19.466s] Compiling C object src/shared/libsystemd-shared-253.a.p/bootspec.c.o
[4 210/433 19.532s] Compiling C object src/shared/libsystemd-shared-253.a.p/btrfs-util.c.o
[4 211/433 19.532s] Compiling C object src/shared/libsystemd-shared-253.a.p/bus-polkit.c.o
[4 212/433 19.794s] Compiling C object src/shared/libsystemd-shared-253.a.p/bus-print-properties.c.o
[4 213/433 19.823s] Compiling C object src/shared/libsystemd-shared-253.a.p/bus-unit-procs.c.o
[4 214/433 19.909s] Compiling C object src/shared/libsystemd-shared-253.a.p/bus-util.c.o
[4 215/433 20.096s] Compiling C object src/shared/libsystemd-shared-253.a.p/bus-wait-for-units.c.o
[4 216/433 20.131s] Compiling C object src/shared/libsystemd-shared-253.a.p/bus-wait-for-jobs.c.o
[4 217/433 20.626s] Compiling C object src/shared/libsystemd-shared-253.a.p/cgroup-show.c.o
[4 218/433 20.734s] Compiling C object src/shared/libsystemd-shared-253.a.p/cgroup-setup.c.o
[4 219/433 20.742s] Compiling C object src/shared/libsystemd-shared-253.a.p/calendarspec.c.o
[4 220/433 20.835s] Compiling C object src/shared/libsystemd-shared-253.a.p/chown-recursive.c.o
[4 221/433 20.893s] Compiling C object src/shared/libsystemd-shared-253.a.p/clock-util.c.o
[4 222/433 20.935s] Compiling C object src/shared/libsystemd-shared-253.a.p/compare-operator.c.o
[4 223/433 21.161s] Compiling C object src/shared/libsystemd-shared-253.a.p/clean-ipc.c.o
[4 224/433 21.852s] Compiling C object src/shared/libsystemd-shared-253.a.p/condition.c.o
[4 225/433 21.961s] Compiling C object src/shared/libsystemd-shared-253.a.p/coredump-util.c.o
[4 226/433 22.077s] Compiling C object src/shared/libsystemd-shared-253.a.p/copy.c.o
[4 227/433 22.097s] Compiling C object src/shared/libsystemd-shared-253.a.p/conf-parser.c.o
[4 228/433 22.198s] Compiling C object src/shared/libsystemd-shared-253.a.p/cryptsetup-util.c.o
[4 229/433 22.284s] Compiling C object src/shared/libsystemd-shared-253.a.p/cpu-set-util.c.o
[4 230/433 22.288s] Compiling C object src/shared/libsystemd-shared-253.a.p/creds-util.c.o
[4 231/433 22.297s] Compiling C object src/shared/libsystemd-shared-253.a.p/daemon-util.c.o
[4 232/433 22.389s] Compiling C object src/shared/libsystemd-shared-253.a.p/device-nodes.c.o
[4 233/433 22.420s] Compiling C object src/shared/libsystemd-shared-253.a.p/dev-setup.c.o
[4 234/433 22.541s] Compiling C object src/shared/libsystemd-shared-253.a.p/bus-unit-util.c.o
[4 235/433 22.544s] Compiling C object src/shared/libsystemd-shared-253.a.p/data-fd-util.c.o
[4 236/433 22.621s] Compiling C object src/shared/libsystemd-shared-253.a.p/dm-util.c.o
[4 237/433 22.629s] Compiling C object src/shared/libsystemd-shared-253.a.p/dlfcn-util.c.o
[4 238/433 22.885s] Compiling C object src/shared/libsystemd-shared-253.a.p/dropin.c.o
[4 239/433 22.955s] Compiling C object src/shared/libsystemd-shared-253.a.p/efi-api.c.o
[4 240/433 23.042s] Compiling C object src/shared/libsystemd-shared-253.a.p/efi-loader.c.o
[4 241/433 23.057s] Compiling C object src/shared/libsystemd-shared-253.a.p/elf-util.c.o
[4 242/433 23.142s] Compiling C object src/shared/libsystemd-shared-253.a.p/enable-mempool.c.o
[4 243/433 23.200s] Compiling C object src/shared/libsystemd-shared-253.a.p/env-file-label.c.o
[4 244/433 23.283s] Compiling C object src/shared/libsystemd-shared-253.a.p/discover-image.c.o
[4 245/433 23.349s] Compiling C object src/shared/libsystemd-shared-253.a.p/dns-domain.c.o
[4 246/433 23.487s] Compiling C object src/shared/libsystemd-shared-253.a.p/exit-status.c.o
[4 247/433 23.659s] Compiling C object src/shared/libsystemd-shared-253.a.p/extension-release.c.o
[4 248/433 23.753s] Compiling C object src/shared/libsystemd-shared-253.a.p/exec-util.c.o
[4 249/433 23.823s] Compiling C object src/shared/libsystemd-shared-253.a.p/fileio-label.c.o
[4 250/433 23.889s] Compiling C object src/shared/libsystemd-shared-253.a.p/fdset.c.o
[4 251/433 24.084s] Compiling C object src/shared/libsystemd-shared-253.a.p/ethtool-util.c.o
In file included from ../src/basic/linux/netdevice.h:29,
                 from ../src/shared/ethtool-util.c:6:
../src/basic/linux/if.h:135:9: warning: "IFF_VOLATILE" redefined
  135 | #define IFF_VOLATILE    (IFF_LOOPBACK|IFF_POINTOPOINT|IFF_BROADCAST|IFF_ECHO|\
      |         ^~~~~~~~~~~~
In file included from ../src/shared/ethtool-util.c:3:
/usr/include/net/if.h:48:9: note: this is the location of the previous definition
   48 | #define IFF_VOLATILE (IFF_LOOPBACK|IFF_POINTOPOINT|IFF_BROADCAST| \
      |         ^~~~~~~~~~~~
../src/basic/linux/netdevice.h:35:9: warning: "MAX_ADDR_LEN" redefined
   35 | #define MAX_ADDR_LEN    32              /* Largest hardware address length */
      |         ^~~~~~~~~~~~
In file included from /usr/include/netinet/if_ether.h:122,
                 from ../src/shared/linux/ethtool.h:19,
                 from ../src/shared/ethtool-util.c:5:
/usr/include/net/if_arp.h:12:9: note: this is the location of the previous definition
   12 | #define MAX_ADDR_LEN    7
      |         ^~~~~~~~~~~~
[4 252/433 24.208s] Compiling C object src/shared/libsystemd-shared-253.a.p/firewall-util.c.o
[4 253/433 24.365s] Compiling C object src/shared/libsystemd-shared-253.a.p/firewall-util-nft.c.o
[4 254/433 24.532s] Compiling C object src/shared/libsystemd-shared-253.a.p/dissect-image.c.o
[4 255/433 24.614s] Compiling C object src/shared/libsystemd-shared-253.a.p/fstab-util.c.o
[4 256/433 24.694s] Compiling C object src/shared/libsystemd-shared-253.a.p/geneve-util.c.o
[4 257/433 24.736s] Compiling C object src/shared/libsystemd-shared-253.a.p/find-esp.c.o
[4 258/433 24.895s] Compiling C object src/shared/libsystemd-shared-253.a.p/gpt.c.o
[4 259/433 24.992s] Compiling C object src/shared/libsystemd-shared-253.a.p/group-record.c.o
[4 260/433 25.098s] Compiling C object src/shared/libsystemd-shared-253.a.p/hostname-setup.c.o
[4 261/433 25.201s] Compiling C object src/shared/libsystemd-shared-253.a.p/generator.c.o
[4 262/433 25.229s] Compiling C object src/shared/libsystemd-shared-253.a.p/id128-print.c.o
[4 263/433 25.242s] Compiling C object src/shared/libsystemd-shared-253.a.p/idn-util.c.o
[4 264/433 25.266s] Compiling C object src/shared/libsystemd-shared-253.a.p/ima-util.c.o
[4 265/433 25.449s] Compiling C object src/shared/libsystemd-shared-253.a.p/import-util.c.o
[4 266/433 25.511s] Compiling C object src/shared/libsystemd-shared-253.a.p/hwdb-util.c.o
[4 267/433 25.530s] Compiling C object src/shared/libsystemd-shared-253.a.p/in-addr-prefix-util.c.o
[4 268/433 25.670s] Compiling C object src/shared/libsystemd-shared-253.a.p/install-printf.c.o
[4 269/433 25.683s] Compiling C object src/shared/libsystemd-shared-253.a.p/install-file.c.o
[4 270/433 25.763s] Compiling C object src/shared/libsystemd-shared-253.a.p/ipvlan-util.c.o
[4 271/433 25.782s] Compiling C object src/shared/libsystemd-shared-253.a.p/ip-protocol-list.c.o
[4 272/433 25.869s] Compiling C object src/shared/libsystemd-shared-253.a.p/format-table.c.o
[4 273/433 25.966s] Compiling C object src/shared/libsystemd-shared-253.a.p/journal-util.c.o
[4 274/433 26.109s] Compiling C object src/shared/libsystemd-shared-253.a.p/journal-importer.c.o
[4 275/433 26.134s] Compiling C object src/shared/libsystemd-shared-253.a.p/kbd-util.c.o
[4 276/433 26.202s] Compiling C object src/shared/libsystemd-shared-253.a.p/keyring-util.c.o
[4 277/433 26.329s] Compiling C object src/shared/libsystemd-shared-253.a.p/label.c.o
[4 278/433 26.401s] Compiling C object src/shared/libsystemd-shared-253.a.p/killall.c.o
[4 279/433 26.468s] Compiling C object src/shared/libsystemd-shared-253.a.p/libfido2-util.c.o
[4 280/433 26.468s] Compiling C object src/shared/libsystemd-shared-253.a.p/libcrypt-util.c.o
[4 281/433 26.549s] Compiling C object src/shared/libsystemd-shared-253.a.p/libmount-util.c.o
[4 282/433 26.843s] Compiling C object src/shared/libsystemd-shared-253.a.p/locale-setup.c.o
[4 283/433 26.860s] Compiling C object src/shared/libsystemd-shared-253.a.p/local-addresses.c.o
[4 284/433 26.992s] Compiling C object src/shared/libsystemd-shared-253.a.p/lockfile-util.c.o
[4 285/433 27.712s] Compiling C object src/shared/libsystemd-shared-253.a.p/loop-util.c.o
[4 286/433 27.844s] Compiling C object src/shared/libsystemd-shared-253.a.p/install.c.o
[4 287/433 27.926s] Compiling C object src/shared/libsystemd-shared-253.a.p/loopback-setup.c.o
[4 288/433 28.039s] Compiling C object src/shared/libsystemd-shared-253.a.p/machine-pool.c.o
[4 289/433 28.119s] Compiling C object src/shared/libsystemd-shared-253.a.p/macvlan-util.c.o
[4 290/433 28.204s] Compiling C object src/shared/libsystemd-shared-253.a.p/mkdir-label.c.o
[4 291/433 28.213s] Compiling C object src/shared/libsystemd-shared-253.a.p/machine-id-setup.c.o
[4 292/433 28.262s] Compiling C object src/shared/libsystemd-shared-253.a.p/logs-show.c.o
[4 293/433 28.507s] Compiling C object src/shared/libsystemd-shared-253.a.p/mount-setup.c.o
[4 294/433 28.821s] Compiling C object src/shared/libsystemd-shared-253.a.p/net-condition.c.o
[4 295/433 28.822s] Compiling C object src/shared/libsystemd-shared-253.a.p/mkfs-util.c.o
[4 296/433 28.884s] Compiling C object src/shared/libsystemd-shared-253.a.p/json.c.o
[4 297/433 28.932s] Compiling C object src/shared/libsystemd-shared-253.a.p/netif-naming-scheme.c.o
[4 298/433 29.032s] Compiling C object src/shared/libsystemd-shared-253.a.p/nsflags.c.o
[4 299/433 29.107s] Compiling C object src/shared/libsystemd-shared-253.a.p/netif-util.c.o
[4 300/433 29.183s] Compiling C object src/shared/libsystemd-shared-253.a.p/mount-util.c.o
[4 301/433 29.244s] Compiling C object src/shared/libsystemd-shared-253.a.p/openssl-util.c.o
[4 302/433 29.247s] Compiling C object src/shared/libsystemd-shared-253.a.p/numa-util.c.o
[4 303/433 29.260s] Compiling C object src/shared/libsystemd-shared-253.a.p/netif-sriov.c.o
[4 304/433 29.277s] Compiling C object src/shared/libsystemd-shared-253.a.p/open-file.c.o
[4 305/433 29.335s] Compiling C object src/shared/libsystemd-shared-253.a.p/output-mode.c.o
[4 306/433 29.416s] Compiling C object src/shared/libsystemd-shared-253.a.p/pcre2-util.c.o
[4 307/433 29.427s] Compiling C object src/shared/libsystemd-shared-253.a.p/parse-argument.c.o
[4 308/433 29.436s] Compiling C object src/shared/libsystemd-shared-253.a.p/parse-helpers.c.o
[4 309/433 29.528s] Compiling C object src/shared/libsystemd-shared-253.a.p/pkcs11-util.c.o
[4 310/433 29.575s] Compiling C object src/shared/libsystemd-shared-253.a.p/pager.c.o
[4 311/433 29.588s] Compiling C object src/shared/libsystemd-shared-253.a.p/psi-util.c.o
[4 312/433 29.609s] Compiling C object src/shared/libsystemd-shared-253.a.p/qrcode-util.c.o
[4 313/433 29.640s] Compiling C object src/shared/libsystemd-shared-253.a.p/pwquality-util.c.o
[4 314/433 29.695s] Compiling C object src/shared/libsystemd-shared-253.a.p/quota-util.c.o
[4 315/433 29.779s] Compiling C object src/shared/libsystemd-shared-253.a.p/pretty-print.c.o
[4 316/433 29.821s] Compiling C object src/shared/libsystemd-shared-253.a.p/recovery-key.c.o
[4 317/433 29.822s] Compiling C object src/shared/libsystemd-shared-253.a.p/reboot-util.c.o
[4 318/433 29.930s] Compiling C object src/shared/libsystemd-shared-253.a.p/resize-fs.c.o
[4 319/433 29.937s] Compiling C object src/shared/libsystemd-shared-253.a.p/ptyfwd.c.o
[4 320/433 29.978s] Compiling C object src/shared/libsystemd-shared-253.a.p/resolve-util.c.o
[4 321/433 30.060s] Compiling C object src/shared/libsystemd-shared-253.a.p/selinux-util.c.o
[4 322/433 30.086s] Compiling C object src/shared/libsystemd-shared-253.a.p/securebits-util.c.o
[4 323/433 30.168s] Compiling C object src/shared/libsystemd-shared-253.a.p/service-util.c.o
[4 324/433 30.201s] Compiling C object src/shared/libsystemd-shared-253.a.p/rm-rf.c.o
[4 325/433 30.210s] Compiling C object src/shared/libsystemd-shared-253.a.p/serialize.c.o
[4 326/433 30.280s] Compiling C object src/shared/libsystemd-shared-253.a.p/smack-util.c.o
[4 327/433 30.369s] Compiling C object src/shared/libsystemd-shared-253.a.p/socket-label.c.o
[4 328/433 30.393s] Compiling C object src/shared/libsystemd-shared-253.a.p/spawn-ask-password-agent.c.o
[4 329/433 30.474s] Compiling C object src/shared/libsystemd-shared-253.a.p/spawn-polkit-agent.c.o
[4 330/433 30.495s] Compiling C object src/shared/libsystemd-shared-253.a.p/socket-netlink.c.o
[4 331/433 30.553s] Compiling C object src/shared/libsystemd-shared-253.a.p/tmpfile-util-label.c.o
[4 332/433 30.587s] Compiling C object src/shared/libsystemd-shared-253.a.p/tomoyo-util.c.o
[4 333/433 30.696s] Compiling C object src/shared/libsystemd-shared-253.a.p/switch-root.c.o
[4 334/433 30.720s] Compiling C object src/shared/libsystemd-shared-253.a.p/specifier.c.o
[4 335/433 30.810s] Compiling C object src/shared/libsystemd-shared-253.a.p/uid-alloc-range.c.o
[4 336/433 31.070s] Compiling C object src/shared/libsystemd-shared-253.a.p/tpm2-util.c.o
[4 337/433 31.073s] Compiling C object src/shared/libsystemd-shared-253.a.p/sleep-config.c.o
[4 338/433 31.251s] Compiling C object src/shared/libsystemd-shared-253.a.p/user-record-nss.c.o
../src/shared/user-record-nss.c: In function ‘nss_sgrp_for_group’:
../src/shared/user-record-nss.c:389:13: warning: unused variable ‘r’ [-Wunused-variable]
  389 |         int r;
      |             ^
../src/shared/user-record-nss.c:388:16: warning: unused variable ‘buflen’ [-Wunused-variable]
  388 |         size_t buflen = 4096;
      |                ^~~~~~
[4 339/433 31.338s] Compiling C object src/shared/libsystemd-shared-253.a.p/udev-util.c.o
[4 340/433 31.563s] Compiling C object src/shared/libsystemd-shared-253.a.p/userdb-dropin.c.o
[4 341/433 31.623s] Compiling C object src/shared/libsystemd-shared-253.a.p/user-record-show.c.o
[4 342/433 31.746s] Compiling C object src/shared/libsystemd-shared-253.a.p/verb-log-control.c.o
[4 343/433 31.899s] Compiling C object src/shared/libsystemd-shared-253.a.p/verbs.c.o
[4 344/433 32.006s] Compiling C object src/shared/libsystemd-shared-253.a.p/vlan-util.c.o
[4 345/433 32.086s] Compiling C object src/shared/libsystemd-shared-253.a.p/volatile-util.c.o
[4 346/433 32.335s] Compiling C object src/shared/libsystemd-shared-253.a.p/userdb.c.o
[4 347/433 32.438s] Compiling C object src/shared/libsystemd-shared-253.a.p/web-util.c.o
[4 348/433 32.473s] Compiling C object src/shared/libsystemd-shared-253.a.p/watchdog.c.o
[4 349/433 32.608s] Compiling C object src/shared/libsystemd-shared-253.a.p/xml.c.o
[4 350/433 32.677s] Compiling C object src/shared/libsystemd-shared-253.a.p/wifi-util.c.o
[4 351/433 32.705s] Compiling C object src/shared/libsystemd-shared-253.a.p/user-record.c.o
[4 352/433 32.843s] Compiling C object src/shared/libsystemd-shared-253.a.p/devnode-acl.c.o
[4 353/433 32.848s] Compiling C object src/udev/libudev-core.a.p/meson-generated_.._link-config-gperf.c.o
[4 354/433 32.912s] Compiling C object src/shared/libsystemd-shared-253.a.p/module-util.c.o
[4 355/433 33.163s] Compiling C object src/udev/libudev-core.a.p/udev-ctrl.c.o
[4 356/433 33.515s] Compiling C object src/shared/libsystemd-shared-253.a.p/varlink.c.o
[4 357/433 33.609s] Compiling C object src/udev/libudev-core.a.p/udev-node.c.o
[4 358/433 33.783s] Compiling C object src/udev/libudev-core.a.p/udev-builtin.c.o
[4 359/433 33.828s] Compiling C object src/udev/libudev-core.a.p/udev-watch.c.o
[4 360/433 33.908s] Compiling C object src/udev/libudev-core.a.p/udev-event.c.o
[4 361/433 33.913s] Compiling C object src/udev/libudev-core.a.p/udev-builtin-btrfs.c.o
[4 362/433 34.049s] Compiling C object src/udev/libudev-core.a.p/udev-builtin-hwdb.c.o
[4 363/433 34.360s] Compiling C object src/udev/libudev-core.a.p/udev-builtin-input_id.c.o
[4 364/433 34.376s] Compiling C object src/udev/libudev-core.a.p/udev-builtin-keyboard.c.o
[4 365/433 34.571s] Compiling C object src/udev/libudev-core.a.p/udev-builtin-net_setup_link.c.o
[4 366/433 34.915s] Compiling C object src/udev/libudev-core.a.p/udev-builtin-path_id.c.o
[4 367/433 34.945s] Compiling C object src/udev/libudev-core.a.p/udev-builtin-usb_id.c.o
[4 368/433 35.081s] Compiling C object src/udev/libudev-core.a.p/udev-builtin-kmod.c.o
[4 369/433 35.192s] Compiling C object src/udev/libudev-core.a.p/udev-builtin-net_id.c.o
In file included from ../src/udev/udev-builtin-net_id.c:20:
../src/basic/linux/if.h:135:9: warning: "IFF_VOLATILE" redefined
  135 | #define IFF_VOLATILE    (IFF_LOOPBACK|IFF_POINTOPOINT|IFF_BROADCAST|IFF_ECHO|\
      |         ^~~~~~~~~~~~
In file included from ../src/udev/udev-builtin-net_id.c:17:
/usr/include/net/if.h:48:9: note: this is the location of the previous definition
   48 | #define IFF_VOLATILE (IFF_LOOPBACK|IFF_POINTOPOINT|IFF_BROADCAST| \
      |         ^~~~~~~~~~~~
[4 370/433 35.314s] Compiling C object src/udev/libudev-core.a.p/udev-builtin-uaccess.c.o
[4 371/433 35.381s] Compiling C object src/udev/libudev-core.a.p/udev-builtin-blkid.c.o
[4 372/433 35.599s] Compiling C object src/libudev/libudev-basic.a.p/libudev-enumerate.c.o
[4 373/433 35.701s] Compiling C object src/libudev/libudev-basic.a.p/libudev-hwdb.c.o
[4 374/433 35.752s] Compiling C object src/libudev/libudev-basic.a.p/libudev-device.c.o
[4 375/433 35.887s] Compiling C object src/libudev/libudev-basic.a.p/libudev-list.c.o
[4 376/433 35.924s] Compiling C object src/udev/libudev-core.a.p/net_link-config.c.o
[4 377/433 35.928s] Compiling C object src/libudev/libudev-basic.a.p/libudev-monitor.c.o
[4 378/433 35.976s] Compiling C object src/libudev/libudev-basic.a.p/libudev-util.c.o
[4 379/433 36.007s] Linking static target src/basic/libbasic.a
[4 380/433 36.010s] Linking static target src/basic/libbasic-gcrypt.a
[4 381/433 36.013s] Linking static target src/basic/libbasic-compress.a
[4 382/433 36.017s] Compiling C object src/libudev/libudev-basic.a.p/libudev-queue.c.o
[4 383/433 36.022s] Compiling C object src/libudev/libudev-basic.a.p/libudev.c.o
[4 384/433 36.037s] Linking static target src/libsystemd/libsystemd_static.a
[4 385/433 36.066s] Linking static target src/shared/libsystemd-shared-253.a
[4 386/433 36.162s] Compiling C object src/udev/libudev-core.a.p/udev-rules.c.o
[4 387/433 36.171s] Linking static target src/udev/libudev-core.a
[4 388/433 36.239s] Compiling C object src/udev/fido_id.p/fido_id_fido_id_desc.c.o
[4 389/433 36.264s] Compiling C object src/udev/fido_id.p/fido_id_fido_id.c.o
[4 390/433 36.309s] Compiling C object src/udev/ata_id.p/ata_id_ata_id.c.o
[4 391/433 36.430s] Compiling C object src/udev/v4l_id.p/v4l_id_v4l_id.c.o
[4 392/433 36.511s] Compiling C object src/udev/mtd_probe.p/mtd_probe_mtd_probe.c.o
[4 393/433 36.549s] Compiling C object src/udev/scsi_id.p/scsi_id_scsi_id.c.o
[4 394/433 36.608s] Compiling C object src/udev/mtd_probe.p/mtd_probe_probe_smartmedia.c.o
[4 395/433 36.614s] Linking static target src/libudev/libudev-basic.a
[4 396/433 36.696s] Compiling C object src/udev/cdrom_id.p/cdrom_id_cdrom_id.c.o
[4 397/433 36.749s] Compiling C object src/udev/scsi_id.p/scsi_id_scsi_serial.c.o
[4 398/433 36.918s] Compiling C object systemd-tmpfiles.standalone.p/src_tmpfiles_offline-passwd.c.o
[4 399/433 36.999s] Compiling C object src/udev/dmi_memory_id.p/dmi_memory_id_dmi_memory_id.c.o
[4 400/433 37.058s] Compiling C object systemd-hwdb.p/src_hwdb_hwdb.c.o
[4 401/433 37.162s] Compiling C object udevadm.p/src_udev_udevadm.c.o
[4 402/433 37.238s] Compiling C object udevadm.p/src_udev_udevadm-hwdb.c.o
[4 403/433 37.279s] Compiling C object udevadm.p/src_udev_udevadm-control.c.o
[4 404/433 37.703s] Compiling C object udevadm.p/src_udev_udevadm-lock.c.o
[4 405/433 37.886s] Compiling C object udevadm.p/src_udev_udevadm-info.c.o
[4 406/433 37.928s] Compiling C object udevadm.p/src_udev_udevadm-monitor.c.o
[4 407/433 38.100s] Compiling C object udevadm.p/src_udev_udevadm-test.c.o
[4 408/433 38.124s] Compiling C object udevadm.p/src_udev_udevadm-settle.c.o
[4 409/433 38.221s] Compiling C object udevadm.p/src_udev_udevadm-test-builtin.c.o
[4 410/433 38.382s] Compiling C object udevadm.p/src_udev_udevadm-util.c.o
[4 411/433 38.442s] Compiling C object systemd-sysusers.standalone.p/src_sysusers_sysusers.c.o
[4 412/433 38.651s] Compiling C object udevadm.p/src_udev_udevadm-trigger.c.o
[4 413/433 38.702s] Linking target src/udev/ata_id
[4 414/433 38.742s] Compiling C object udevadm.p/src_udev_udevadm-wait.c.o
[4 415/433 38.756s] Linking target src/udev/cdrom_id
[4 416/433 38.793s] Linking target src/udev/fido_id
[4 417/433 38.805s] Linking target src/udev/scsi_id
[4 418/433 38.827s] Linking target src/udev/v4l_id
[4 419/433 38.841s] Linking target src/udev/mtd_probe
[4 420/433 38.876s] Linking target src/udev/dmi_memory_id
[4 421/433 38.977s] Generating src/udev/udev.pc with a custom command
[4 422/433 39.014s] Generating src/libudev/libudev.pc with a custom command
[4 423/433 39.037s] Linking target libudev.so.1.7.6
[4 424/433 39.147s] Generating rules.d/50-udev-default.rules with a custom command
[4 425/433 39.172s] Generating rules.d/64-btrfs.rules with a custom command
[4 426/433 39.198s] Linking target systemd-sysusers.standalone
[4 427/433 39.216s] Linking target systemd-hwdb
[4 428/433 39.320s] Generating hwdb.d/60-autosuspend-chromiumos.hwdb with a custom command (wrapped by meson to capture output)
[3 429/433 39.341s] Generating sysusers.d/basic.conf with a custom command
[2 430/433 39.664s] Compiling C object udevadm.p/src_udev_udevd.c.o
[2 431/433 39.750s] Linking target udevadm
[1 432/433 39.791s] Compiling C object systemd-tmpfiles.standalone.p/src_tmpfiles_tmpfiles.c.o
[1 433/433 39.825s] Linking target systemd-tmpfiles.standalone
INFO: autodetecting backend as ninja
INFO: calculating backend command to run: /usr/bin/ninja libudev.so.1.7.6 src/libudev/libudev.pc udevadm systemd-hwdb src/udev/ata_id src/udev/cdrom_id src/udev/fido_id src/udev/mtd_probe src/udev/dmi_memory_id src/udev/scsi_id src/udev/v4l_id src/udev/udev.pc hwdb.d/60-autosuspend-chromiumos.hwdb rules.d/50-udev-default.rules rules.d/64-btrfs.rules systemd-tmpfiles.standalone systemd-sysusers.standalone sysusers.d/basic.conf
Installing libudev.so.1.7.6 to /usr/lib
Installing symlink pointing to libudev.so.1.7.6 to /usr/lib/libudev.so.1
Installing symlink pointing to libudev.so.1 to /usr/lib/libudev.so
install: creating directory '/usr/lib/systemd'
'systemd-tmpfiles.standalone' -> '/usr/bin/systemd-tmpfiles'
'systemd-sysusers.standalone' -> '/usr/bin/systemd-sysusers'
'udevadm' -> '/usr/bin/udevadm'
'systemd-hwdb' -> '/usr/bin/systemd-hwdb'
install: creating directory '/usr/lib/sysusers.d'
'sysusers.d/basic.conf' -> '/usr/lib/sysusers.d/basic.conf'
'/usr/bin/udevd' -> 'udevadm'
'/usr/bin/udev-hwdb' -> 'systemd-hwdb'
'/usr/lib/systemd/systemd-udevd' -> '../../bin/udevadm'
'/usr/bin/sysusers' -> 'systemd-sysusers'
install: creating directory '/usr/lib/udev'
'src/udev/ata_id' -> '/usr/lib/udev/ata_id'
'src/udev/cdrom_id' -> '/usr/lib/udev/cdrom_id'
'src/udev/fido_id' -> '/usr/lib/udev/fido_id'
'src/udev/mtd_probe' -> '/usr/lib/udev/mtd_probe'
'src/udev/dmi_memory_id' -> '/usr/lib/udev/dmi_memory_id'
'src/udev/scsi_id' -> '/usr/lib/udev/scsi_id'
'src/udev/v4l_id' -> '/usr/lib/udev/v4l_id'
install: creating directory '/usr/lib/udev/rules.d'
'rules.d/50-udev-default.rules' -> '/usr/lib/udev/rules.d/50-udev-default.rules'
'rules.d/64-btrfs.rules' -> '/usr/lib/udev/rules.d/64-btrfs.rules'
'/sources/systemd-stable-253.18/build-utils/../rules.d/60-autosuspend.rules' -> '/usr/lib/udev/rules.d/60-autosuspend.rules'
'/sources/systemd-stable-253.18/build-utils/../rules.d/60-block.rules' -> '/usr/lib/udev/rules.d/60-block.rules'
'/sources/systemd-stable-253.18/build-utils/../rules.d/60-cdrom_id.rules' -> '/usr/lib/udev/rules.d/60-cdrom_id.rules'
'/sources/systemd-stable-253.18/build-utils/../rules.d/60-drm.rules' -> '/usr/lib/udev/rules.d/60-drm.rules'
'/sources/systemd-stable-253.18/build-utils/../rules.d/60-evdev.rules' -> '/usr/lib/udev/rules.d/60-evdev.rules'
'/sources/systemd-stable-253.18/build-utils/../rules.d/60-fido-id.rules' -> '/usr/lib/udev/rules.d/60-fido-id.rules'
'/sources/systemd-stable-253.18/build-utils/../rules.d/60-infiniband.rules' -> '/usr/lib/udev/rules.d/60-infiniband.rules'
'/sources/systemd-stable-253.18/build-utils/../rules.d/60-input-id.rules' -> '/usr/lib/udev/rules.d/60-input-id.rules'
'/sources/systemd-stable-253.18/build-utils/../rules.d/60-persistent-alsa.rules' -> '/usr/lib/udev/rules.d/60-persistent-alsa.rules'
'/sources/systemd-stable-253.18/build-utils/../rules.d/60-persistent-input.rules' -> '/usr/lib/udev/rules.d/60-persistent-input.rules'
'/sources/systemd-stable-253.18/build-utils/../rules.d/60-persistent-storage-tape.rules' -> '/usr/lib/udev/rules.d/60-persistent-storage-tape.rules'
'/sources/systemd-stable-253.18/build-utils/../rules.d/60-persistent-storage.rules' -> '/usr/lib/udev/rules.d/60-persistent-storage.rules'
'/sources/systemd-stable-253.18/build-utils/../rules.d/60-persistent-v4l.rules' -> '/usr/lib/udev/rules.d/60-persistent-v4l.rules'
'/sources/systemd-stable-253.18/build-utils/../rules.d/60-sensor.rules' -> '/usr/lib/udev/rules.d/60-sensor.rules'
'/sources/systemd-stable-253.18/build-utils/../rules.d/60-serial.rules' -> '/usr/lib/udev/rules.d/60-serial.rules'
'/sources/systemd-stable-253.18/build-utils/../rules.d/70-camera.rules' -> '/usr/lib/udev/rules.d/70-camera.rules'
'/sources/systemd-stable-253.18/build-utils/../rules.d/70-joystick.rules' -> '/usr/lib/udev/rules.d/70-joystick.rules'
'/sources/systemd-stable-253.18/build-utils/../rules.d/70-memory.rules' -> '/usr/lib/udev/rules.d/70-memory.rules'
'/sources/systemd-stable-253.18/build-utils/../rules.d/70-mouse.rules' -> '/usr/lib/udev/rules.d/70-mouse.rules'
'/sources/systemd-stable-253.18/build-utils/../rules.d/70-power-switch.rules' -> '/usr/lib/udev/rules.d/70-power-switch.rules'
'/sources/systemd-stable-253.18/build-utils/../rules.d/70-touchpad.rules' -> '/usr/lib/udev/rules.d/70-touchpad.rules'
'/sources/systemd-stable-253.18/build-utils/../rules.d/75-net-description.rules' -> '/usr/lib/udev/rules.d/75-net-description.rules'
'/sources/systemd-stable-253.18/build-utils/../rules.d/75-probe_mtd.rules' -> '/usr/lib/udev/rules.d/75-probe_mtd.rules'
'/sources/systemd-stable-253.18/build-utils/../rules.d/78-sound-card.rules' -> '/usr/lib/udev/rules.d/78-sound-card.rules'
'/sources/systemd-stable-253.18/build-utils/../rules.d/80-drivers.rules' -> '/usr/lib/udev/rules.d/80-drivers.rules'
'/sources/systemd-stable-253.18/build-utils/../rules.d/80-net-setup-link.rules' -> '/usr/lib/udev/rules.d/80-net-setup-link.rules'
'/sources/systemd-stable-253.18/build-utils/../rules.d/81-net-dhcp.rules' -> '/usr/lib/udev/rules.d/81-net-dhcp.rules'
install: creating directory '/usr/lib/udev/hwdb.d'
'hwdb.d/60-autosuspend-chromiumos.hwdb' -> '/usr/lib/udev/hwdb.d/60-autosuspend-chromiumos.hwdb'
'/sources/systemd-stable-253.18/build-utils/../hwdb.d/20-OUI.hwdb' -> '/usr/lib/udev/hwdb.d/20-OUI.hwdb'
'/sources/systemd-stable-253.18/build-utils/../hwdb.d/20-acpi-vendor.hwdb' -> '/usr/lib/udev/hwdb.d/20-acpi-vendor.hwdb'
'/sources/systemd-stable-253.18/build-utils/../hwdb.d/20-bluetooth-vendor-product.hwdb' -> '/usr/lib/udev/hwdb.d/20-bluetooth-vendor-product.hwdb'
'/sources/systemd-stable-253.18/build-utils/../hwdb.d/20-dmi-id.hwdb' -> '/usr/lib/udev/hwdb.d/20-dmi-id.hwdb'
'/sources/systemd-stable-253.18/build-utils/../hwdb.d/20-net-ifname.hwdb' -> '/usr/lib/udev/hwdb.d/20-net-ifname.hwdb'
'/sources/systemd-stable-253.18/build-utils/../hwdb.d/20-pci-classes.hwdb' -> '/usr/lib/udev/hwdb.d/20-pci-classes.hwdb'
'/sources/systemd-stable-253.18/build-utils/../hwdb.d/20-pci-vendor-model.hwdb' -> '/usr/lib/udev/hwdb.d/20-pci-vendor-model.hwdb'
'/sources/systemd-stable-253.18/build-utils/../hwdb.d/20-sdio-classes.hwdb' -> '/usr/lib/udev/hwdb.d/20-sdio-classes.hwdb'
'/sources/systemd-stable-253.18/build-utils/../hwdb.d/20-sdio-vendor-model.hwdb' -> '/usr/lib/udev/hwdb.d/20-sdio-vendor-model.hwdb'
'/sources/systemd-stable-253.18/build-utils/../hwdb.d/20-usb-classes.hwdb' -> '/usr/lib/udev/hwdb.d/20-usb-classes.hwdb'
'/sources/systemd-stable-253.18/build-utils/../hwdb.d/20-usb-vendor-model.hwdb' -> '/usr/lib/udev/hwdb.d/20-usb-vendor-model.hwdb'
'/sources/systemd-stable-253.18/build-utils/../hwdb.d/20-vmbus-class.hwdb' -> '/usr/lib/udev/hwdb.d/20-vmbus-class.hwdb'
'/sources/systemd-stable-253.18/build-utils/../hwdb.d/60-autosuspend-fingerprint-reader.hwdb' -> '/usr/lib/udev/hwdb.d/60-autosuspend-fingerprint-reader.hwdb'
'/sources/systemd-stable-253.18/build-utils/../hwdb.d/60-autosuspend.hwdb' -> '/usr/lib/udev/hwdb.d/60-autosuspend.hwdb'
'/sources/systemd-stable-253.18/build-utils/../hwdb.d/60-evdev.hwdb' -> '/usr/lib/udev/hwdb.d/60-evdev.hwdb'
'/sources/systemd-stable-253.18/build-utils/../hwdb.d/60-input-id.hwdb' -> '/usr/lib/udev/hwdb.d/60-input-id.hwdb'
'/sources/systemd-stable-253.18/build-utils/../hwdb.d/60-keyboard.hwdb' -> '/usr/lib/udev/hwdb.d/60-keyboard.hwdb'
'/sources/systemd-stable-253.18/build-utils/../hwdb.d/60-seat.hwdb' -> '/usr/lib/udev/hwdb.d/60-seat.hwdb'
'/sources/systemd-stable-253.18/build-utils/../hwdb.d/60-sensor.hwdb' -> '/usr/lib/udev/hwdb.d/60-sensor.hwdb'
'/sources/systemd-stable-253.18/build-utils/../hwdb.d/70-analyzers.hwdb' -> '/usr/lib/udev/hwdb.d/70-analyzers.hwdb'
'/sources/systemd-stable-253.18/build-utils/../hwdb.d/70-av-production.hwdb' -> '/usr/lib/udev/hwdb.d/70-av-production.hwdb'
'/sources/systemd-stable-253.18/build-utils/../hwdb.d/70-cameras.hwdb' -> '/usr/lib/udev/hwdb.d/70-cameras.hwdb'
'/sources/systemd-stable-253.18/build-utils/../hwdb.d/70-joystick.hwdb' -> '/usr/lib/udev/hwdb.d/70-joystick.hwdb'
'/sources/systemd-stable-253.18/build-utils/../hwdb.d/70-mouse.hwdb' -> '/usr/lib/udev/hwdb.d/70-mouse.hwdb'
'/sources/systemd-stable-253.18/build-utils/../hwdb.d/70-pda.hwdb' -> '/usr/lib/udev/hwdb.d/70-pda.hwdb'
'/sources/systemd-stable-253.18/build-utils/../hwdb.d/70-pointingstick.hwdb' -> '/usr/lib/udev/hwdb.d/70-pointingstick.hwdb'
'/sources/systemd-stable-253.18/build-utils/../hwdb.d/70-sound-card.hwdb' -> '/usr/lib/udev/hwdb.d/70-sound-card.hwdb'
'/sources/systemd-stable-253.18/build-utils/../hwdb.d/70-touchpad.hwdb' -> '/usr/lib/udev/hwdb.d/70-touchpad.hwdb'
'/sources/systemd-stable-253.18/build-utils/../hwdb.d/80-ieee1394-unit-function.hwdb' -> '/usr/lib/udev/hwdb.d/80-ieee1394-unit-function.hwdb'
'/sources/systemd-stable-253.18/build-utils/../hwdb.d/82-net-auto-link-local.hwdb' -> '/usr/lib/udev/hwdb.d/82-net-auto-link-local.hwdb'
removed '/usr/lib/udev/rules.d/70-power-switch.rules'
'src/udev/udev.pc' -> '/usr/lib/pkgconfig/udev.pc'
'src/libudev/libudev.pc' -> '/usr/lib/pkgconfig/libudev.pc'
'/sources/systemd-stable-253.18/build-utils/../src/libudev/libudev.h' -> '/usr/include/libudev.h'
install: creating directory '/etc/udev'
'/sources/systemd-stable-253.18/build-utils/../src/udev/udev.conf' -> '/etc/udev/udev.conf'
install: creating directory '/etc/udev/hwdb.d'
install: creating directory '/etc/udev/rules.d'
install: creating directory '/usr/lib/systemd/network'
'/sources/systemd-stable-253.18/build-utils/../network/99-default.link' -> '/usr/lib/systemd/network/99-default.link'
'/sources/systemd-stable-253.18/build-utils/../shell-completion/bash/udevadm' -> '/usr/share/bash-completion/completions/udevadm'
'/sources/systemd-stable-253.18/build-utils/../shell-completion/zsh/_systemd-tmpfiles' -> '/usr/share/zsh/site-functions/_systemd-tmpfiles'
'/sources/systemd-stable-253.18/build-utils/../shell-completion/zsh/_udevadm' -> '/usr/share/zsh/site-functions/_udevadm'
install: creating directory '/usr/share/doc/systemd-utils'
'README.md' -> '/usr/share/doc/systemd-utils/README.md'
'NEWS' -> '/usr/share/doc/systemd-utils/NEWS'
'README' -> '/usr/share/doc/systemd-utils/README'
'TODO' -> '/usr/share/doc/systemd-utils/TODO'


Fri May 17 12:36:46 CST 2024

Totalseconds: 48

KB: 1755464	/

