Fri Aug  4 00:16:32 CST 2023
KB: 1586704	/

pip 23.1.2 from /usr/lib/python3.11/site-packages/pip (python 3.11)
Processing /sources/Jinja2-3.1.2
  Preparing metadata (setup.py): started
  Preparing metadata (setup.py): finished with status 'done'
Building wheels for collected packages: Jinja2
  Building wheel for Jinja2 (setup.py): started
  Building wheel for Jinja2 (setup.py): finished with status 'done'
  Created wheel for Jinja2: filename=Jinja2-3.1.2-py3-none-any.whl size=133084 sha256=41619e0559c2e8b4fa646ec330c50fc13ade07014305388e6fc93f01958d3520
  Stored in directory: /root/.cache/pip/wheels/7f/9c/ed/dbd4f42ca58e14547349d13239c255123191a062825dcac5d2
Successfully built Jinja2

[notice] A new release of pip is available: 23.1.2 -> 23.2.1
[notice] To update, run: pip3 install --upgrade pip
Looking in links: dist
Processing ./dist/Jinja2-3.1.2-py3-none-any.whl
Requirement already satisfied: MarkupSafe>=2.0 in /usr/lib/python3.11/site-packages (from Jinja2) (2.1.3)
Installing collected packages: Jinja2
Successfully installed Jinja2-3.1.2
WARNING: Running pip as the 'root' user can result in broken permissions and conflicting behaviour with the system package manager. It is recommended to use a virtual environment instead: https://pip.pypa.io/warnings/venv


removed '/root/.cache/pip/selfcheck/241e69162522ccf5846a2f42ebc24b17464915a155679666b89a9f31'
removed directory '/root/.cache/pip/selfcheck'
removed '/root/.cache/pip/wheels/7f/9c/ed/dbd4f42ca58e14547349d13239c255123191a062825dcac5d2/origin.json'
removed '/root/.cache/pip/wheels/7f/9c/ed/dbd4f42ca58e14547349d13239c255123191a062825dcac5d2/Jinja2-3.1.2-py3-none-any.whl'
removed directory '/root/.cache/pip/wheels/7f/9c/ed/dbd4f42ca58e14547349d13239c255123191a062825dcac5d2'
removed directory '/root/.cache/pip/wheels/7f/9c/ed'
removed directory '/root/.cache/pip/wheels/7f/9c'
removed directory '/root/.cache/pip/wheels/7f'
removed directory '/root/.cache/pip/wheels'
removed '/root/.cache/pip/http/a/1/9/5/3/a19537d3cf37c122db841d6fe4cd322bc10d1a558bb00d146b85cb9a'
removed directory '/root/.cache/pip/http/a/1/9/5/3'
removed directory '/root/.cache/pip/http/a/1/9/5'
removed directory '/root/.cache/pip/http/a/1/9'
removed directory '/root/.cache/pip/http/a/1'
removed directory '/root/.cache/pip/http/a'
removed directory '/root/.cache/pip/http'
removed directory '/root/.cache/pip'
removed directory '/root/.cache'


Fri Aug  4 00:16:35 CST 2023

Totalseconds: 3

KB: 1589984	/

