Fri Aug  4 00:16:37 CST 2023
KB: 1588012	/

mkdir: created directory 'patches-musl'
systemd-musl-patches-253.3/0003-errno-util-Make-STRERROR-portable-for-musl.patch
systemd-musl-patches-253.3/0006-test-bus-error-strerror-is-assumed-to-be-GNU-specifi.patch
systemd-musl-patches-253.3/0001-Adjust-for-musl-headers.patch
systemd-musl-patches-253.3/0007-Add-sys-stat.h-for-S_IFDIR.patch
systemd-musl-patches-253.3/0005-pass-correct-parameters-to-getdents64.patch
systemd-musl-patches-253.3/0024-missing_syscall.h-Define-MIPS-ABI-defines-for-musl.patch
systemd-musl-patches-253.3/0023-Handle-missing-gshadow.patch
systemd-musl-patches-253.3/0022-Handle-__cpu_mask-usage.patch
systemd-musl-patches-253.3/0021-do-not-disable-buffer-in-writing-files.patch
systemd-musl-patches-253.3/0020-avoid-redefinition-of-prctl_mm_map-structure.patch
systemd-musl-patches-253.3/0019-distinguish-XSI-compliant-strerror_r-from-GNU-specif.patch
systemd-musl-patches-253.3/0018-Do-not-disable-buffering-when-writing-to-oom_score_a.patch
systemd-musl-patches-253.3/0017-Define-glibc-compatible-basename-for-non-glibc-syste.patch
systemd-musl-patches-253.3/0016-don-t-pass-AT_SYMLINK_NOFOLLOW-flag-to-faccessat.patch
systemd-musl-patches-253.3/0015-test-sizeof.c-Disable-tests-for-missing-typedefs-in-.patch
systemd-musl-patches-253.3/0014-Use-uintmax_t-for-handling-rlim_t.patch
systemd-musl-patches-253.3/0013-add-missing-FTW_-macros-for-musl.patch
systemd-musl-patches-253.3/0012-don-t-fail-if-GLOB_BRACE-and-GLOB_ALTDIRFUNC-is-not-.patch
systemd-musl-patches-253.3/0011-src-basic-missing.h-check-for-missing-strndupa.patch
systemd-musl-patches-253.3/0010-add-fallback-parse_printf_format-implementation.patch
systemd-musl-patches-253.3/0009-missing_type.h-add-comparison_fn_t.patch
removed 'patches-musl/0015-test-sizeof.c-Disable-tests-for-missing-typedefs-in-.patch'
Applying patch 'patches-musl/0001-Adjust-for-musl-headers.patch'...
patching file src/libsystemd-network/sd-dhcp6-client.c
patching file src/network/netdev/bareudp.c
patching file src/network/netdev/batadv.c
patching file src/network/netdev/bond.c
patching file src/network/netdev/bridge.c
patching file src/network/netdev/dummy.c
patching file src/network/netdev/geneve.c
patching file src/network/netdev/ifb.c
patching file src/network/netdev/ipoib.c
patching file src/network/netdev/ipvlan.c
patching file src/network/netdev/macsec.c
patching file src/network/netdev/macvlan.c
patching file src/network/netdev/netdev.c
patching file src/network/netdev/netdevsim.c
patching file src/network/netdev/nlmon.c
patching file src/network/netdev/tunnel.c
patching file src/network/netdev/vcan.c
patching file src/network/netdev/veth.c
patching file src/network/netdev/vlan.c
patching file src/network/netdev/vrf.c
patching file src/network/netdev/vxcan.c
patching file src/network/netdev/vxlan.c
patching file src/network/netdev/wireguard.c
patching file src/network/netdev/xfrm.c
patching file src/network/networkd-bridge-mdb.c
patching file src/network/networkd-dhcp-common.c
patching file src/network/networkd-dhcp-prefix-delegation.c
patching file src/network/networkd-dhcp-server.c
patching file src/network/networkd-dhcp4.c
patching file src/network/networkd-ipv6ll.c
patching file src/network/networkd-link.c
patching file src/network/networkd-ndisc.c
patching file src/network/networkd-route.c
patching file src/network/networkd-setlink.c
patching file src/shared/linux/ethtool.h
patching file src/shared/netif-util.c
patching file src/udev/udev-builtin-net_id.c


Applying patch 'patches-musl/0003-errno-util-Make-STRERROR-portable-for-musl.patch'...
patching file src/basic/errno-util.h


Applying patch 'patches-musl/0005-pass-correct-parameters-to-getdents64.patch'...
patching file src/basic/recurse-dir.c


Applying patch 'patches-musl/0006-test-bus-error-strerror-is-assumed-to-be-GNU-specifi.patch'...
patching file src/libsystemd/sd-bus/test-bus-error.c
patching file src/test/test-errno-util.c


Applying patch 'patches-musl/0007-Add-sys-stat.h-for-S_IFDIR.patch'...
patching file src/shared/mkdir-label.c


Applying patch 'patches-musl/0009-missing_type.h-add-comparison_fn_t.patch'...
patching file src/basic/missing_type.h
patching file src/basic/sort-util.h
patching file src/libsystemd/sd-journal/catalog.c


Applying patch 'patches-musl/0010-add-fallback-parse_printf_format-implementation.patch'...
patching file meson.build
Hunk #1 succeeded at 757 (offset 2 lines).
patching file src/basic/meson.build
patching file src/basic/parse-printf-format.c
patching file src/basic/parse-printf-format.h
patching file src/basic/stdio-util.h
patching file src/libsystemd/sd-journal/journal-send.c


Applying patch 'patches-musl/0011-src-basic-missing.h-check-for-missing-strndupa.patch'...
patching file meson.build
Hunk #1 succeeded at 576 (offset 2 lines).
patching file src/backlight/backlight.c
patching file src/basic/cgroup-util.c
Hunk #1 succeeded at 38 (offset 1 line).
patching file src/basic/env-util.c
patching file src/basic/log.c
Hunk #1 succeeded at 40 (offset 1 line).
patching file src/basic/missing_stdlib.h
patching file src/basic/mkdir.c
patching file src/basic/mountpoint-util.c
patching file src/basic/parse-util.c
patching file src/basic/path-lookup.c
patching file src/basic/percent-util.c
patching file src/basic/proc-cmdline.c
patching file src/basic/procfs-util.c
patching file src/basic/time-util.c
Hunk #1 succeeded at 27 (offset 1 line).
patching file src/boot/bless-boot.c
patching file src/core/dbus-cgroup.c
patching file src/core/dbus-execute.c
patching file src/core/dbus-util.c
patching file src/core/execute.c
patching file src/core/kmod-setup.c
Hunk #1 succeeded at 13 with fuzz 2 (offset 1 line).
patching file src/core/service.c
patching file src/coredump/coredump-vacuum.c
patching file src/fstab-generator/fstab-generator.c
patching file src/journal-remote/journal-remote-main.c
patching file src/journal/journalctl.c
patching file src/libsystemd/sd-bus/bus-message.c
patching file src/libsystemd/sd-bus/bus-objects.c
patching file src/libsystemd/sd-bus/bus-socket.c
patching file src/libsystemd/sd-bus/sd-bus.c
Hunk #1 succeeded at 45 (offset 1 line).
patching file src/libsystemd/sd-bus/test-bus-benchmark.c
patching file src/libsystemd/sd-journal/sd-journal.c
patching file src/login/pam_systemd.c
patching file src/network/generator/network-generator.c
patching file src/nspawn/nspawn-settings.c
patching file src/nss-mymachines/nss-mymachines.c
patching file src/portable/portable.c
patching file src/resolve/resolvectl.c
patching file src/shared/bus-get-properties.c
patching file src/shared/bus-unit-procs.c
patching file src/shared/bus-unit-util.c
patching file src/shared/bus-util.c
patching file src/shared/dns-domain.c
patching file src/shared/journal-importer.c
patching file src/shared/logs-show.c
patching file src/shared/pager.c
patching file src/socket-proxy/socket-proxyd.c
patching file src/test/test-hexdecoct.c
patching file src/udev/udev-builtin-path_id.c
patching file src/udev/udev-event.c
patching file src/udev/udev-rules.c


Applying patch 'patches-musl/0012-don-t-fail-if-GLOB_BRACE-and-GLOB_ALTDIRFUNC-is-not-.patch'...
patching file src/basic/glob-util.c
patching file src/test/test-glob-util.c
patching file src/tmpfiles/tmpfiles.c


Applying patch 'patches-musl/0013-add-missing-FTW_-macros-for-musl.patch'...
patching file src/basic/missing_type.h
patching file src/test/test-recurse-dir.c


Applying patch 'patches-musl/0014-Use-uintmax_t-for-handling-rlim_t.patch'...
patching file src/basic/format-util.h
patching file src/basic/rlimit-util.c
patching file src/core/execute.c
Hunk #1 succeeded at 6040 (offset 6 lines).


Applying patch 'patches-musl/0016-don-t-pass-AT_SYMLINK_NOFOLLOW-flag-to-faccessat.patch'...
patching file src/basic/fs-util.h
patching file src/shared/base-filesystem.c


Applying patch 'patches-musl/0017-Define-glibc-compatible-basename-for-non-glibc-syste.patch'...
patching file src/machine/machine-dbus.c


Applying patch 'patches-musl/0018-Do-not-disable-buffering-when-writing-to-oom_score_a.patch'...
patching file src/basic/process-util.c
Hunk #1 succeeded at 1407 (offset 2 lines).


Applying patch 'patches-musl/0019-distinguish-XSI-compliant-strerror_r-from-GNU-specif.patch'...
patching file src/libsystemd/sd-bus/bus-error.c
patching file src/libsystemd/sd-journal/journal-send.c


Applying patch 'patches-musl/0020-avoid-redefinition-of-prctl_mm_map-structure.patch'...
patching file src/basic/missing_prctl.h


Applying patch 'patches-musl/0021-do-not-disable-buffer-in-writing-files.patch'...
patching file src/basic/cgroup-util.c
Hunk #1 succeeded at 400 (offset 1 line).
Hunk #2 succeeded at 806 (offset 1 line).
Hunk #3 succeeded at 824 (offset 1 line).
Hunk #4 succeeded at 851 (offset 1 line).
Hunk #5 succeeded at 861 (offset 1 line).
Hunk #6 succeeded at 1753 (offset 1 line).
patching file src/basic/namespace-util.c
patching file src/basic/procfs-util.c
patching file src/basic/sysctl-util.c
patching file src/binfmt/binfmt.c
patching file src/core/cgroup.c
patching file src/core/main.c
Hunk #1 succeeded at 1721 (offset 5 lines).
patching file src/core/smack-setup.c
patching file src/hibernate-resume/hibernate-resume.c
patching file src/home/homework.c
patching file src/libsystemd/sd-device/sd-device.c
patching file src/nspawn/nspawn-cgroup.c
patching file src/nspawn/nspawn.c
Hunk #1 succeeded at 2774 (offset 3 lines).
Hunk #2 succeeded at 4215 (offset 4 lines).
Hunk #3 succeeded at 4225 (offset 4 lines).
patching file src/shared/binfmt-util.c
patching file src/shared/cgroup-setup.c
Hunk #1 succeeded at 351 (offset 1 line).
Hunk #2 succeeded at 888 (offset 1 line).
patching file src/shared/coredump-util.c
Hunk #1 succeeded at 71 with fuzz 1.
patching file src/shared/smack-util.c
patching file src/sleep/sleep.c
Hunk #1 succeeded at 52 (offset 2 lines).
Hunk #2 succeeded at 79 (offset 2 lines).
Hunk #3 succeeded at 95 (offset 2 lines).
Hunk #4 succeeded at 116 (offset 2 lines).
patching file src/udev/udev-rules.c
Hunk #1 succeeded at 2355 (offset -2 lines).
patching file src/vconsole/vconsole-setup.c


Applying patch 'patches-musl/0022-Handle-__cpu_mask-usage.patch'...
patching file src/shared/cpu-set-util.h
patching file src/test/test-sizeof.c


Applying patch 'patches-musl/0023-Handle-missing-gshadow.patch'...
patching file src/shared/user-record-nss.c
patching file src/shared/user-record-nss.h
patching file src/shared/userdb.c


Applying patch 'patches-musl/0024-missing_syscall.h-Define-MIPS-ABI-defines-for-musl.patch'...
patching file src/basic/missing_syscall.h
patching file src/shared/base-filesystem.c


mkdir: created directory 'build-utils'
The Meson build system
Version: 1.2.0
Source dir: /sources/systemd-stable-253.7
Build dir: /sources/systemd-stable-253.7/build-utils
Build type: native build
Project name: systemd
Project version: 253
C compiler for the host machine: cc (gcc 13.2.0 "cc (GCC) 13.2.0")
C linker for the host machine: cc ld.bfd 2.41
Host machine cpu family: x86_64
Host machine cpu: x86_64
Program tools/add-git-hook.sh found: YES (/sources/systemd-stable-253.7/tools/add-git-hook.sh)
Program tools/meson-build.sh found: YES (/sources/systemd-stable-253.7/tools/meson-build.sh)
C++ compiler for the host machine: c++ (gcc 13.2.0 "c++ (GCC) 13.2.0")
C++ linker for the host machine: c++ ld.bfd 2.41
Compiler for C supports arguments -Wno-missing-field-initializers: YES 
Compiler for C supports arguments -Wno-unused-parameter: YES 
Compiler for C supports arguments -Warray-bounds: YES 
Compiler for C supports arguments -Warray-bounds=2: YES 
Compiler for C supports arguments -Wdate-time: YES 
Compiler for C supports arguments -Wendif-labels: YES 
Compiler for C supports arguments -Werror=format=2: YES 
Compiler for C supports arguments -Werror=format-signedness: YES 
Compiler for C supports arguments -Werror=implicit-function-declaration: YES 
Compiler for C supports arguments -Werror=implicit-int: YES 
Compiler for C supports arguments -Werror=incompatible-pointer-types: YES 
Compiler for C supports arguments -Werror=int-conversion: YES 
Compiler for C supports arguments -Werror=overflow: YES 
Compiler for C supports arguments -Werror=override-init: YES 
Compiler for C supports arguments -Werror=return-type: YES 
Compiler for C supports arguments -Werror=shift-count-overflow: YES 
Compiler for C supports arguments -Werror=shift-overflow=2: YES 
Compiler for C supports arguments -Werror=undef: YES 
Compiler for C supports arguments -Wfloat-equal: YES 
Compiler for C supports arguments -Wimplicit-fallthrough=5: YES 
Compiler for C supports arguments -Winit-self: YES 
Compiler for C supports arguments -Wlogical-op: YES 
Compiler for C supports arguments -Wmissing-include-dirs: YES 
Compiler for C supports arguments -Wmissing-noreturn: YES 
Compiler for C supports arguments -Wnested-externs: YES 
Compiler for C supports arguments -Wold-style-definition: YES 
Compiler for C supports arguments -Wpointer-arith: YES 
Compiler for C supports arguments -Wredundant-decls: YES 
Compiler for C supports arguments -Wshadow: YES 
Compiler for C supports arguments -Wstrict-aliasing=2: YES 
Compiler for C supports arguments -Wstrict-prototypes: YES 
Compiler for C supports arguments -Wsuggest-attribute=noreturn: YES 
Compiler for C supports arguments -Wunused-function: YES 
Compiler for C supports arguments -Wwrite-strings: YES 
Compiler for C supports arguments -Wzero-length-bounds: YES 
Compiler for C supports arguments -Wno-error=#warnings: NO 
Compiler for C supports arguments -Wno-string-plus-int: NO 
Compiler for C supports arguments -fstrict-flex-arrays: YES 
Compiler for C supports arguments -Wno-maybe-uninitialized: YES 
Compiler for C supports arguments -Wno-unused-result: YES 
Compiler for C supports arguments -ftrivial-auto-var-init=zero: YES 
Compiler for C supports arguments -Werror=missing-declarations: YES 
Compiler for C supports arguments -Werror=missing-prototypes: YES 
Compiler for C supports arguments -fdiagnostics-show-option: YES 
Compiler for C supports arguments -fno-common: YES 
Compiler for C supports arguments -fno-strict-aliasing: YES 
Compiler for C supports arguments -fstack-protector: YES 
Compiler for C supports arguments -fstack-protector-strong: YES 
Compiler for C supports arguments -fstrict-flex-arrays=1: YES 
Compiler for C supports arguments -fvisibility=hidden: YES 
Compiler for C supports arguments --param=ssp-buffer-size=4: YES 
Compiler for C supports arguments -ffunction-sections: YES 
Compiler for C supports arguments -fdata-sections: YES 
Compiler for C supports link arguments -Wl,--fatal-warnings: YES 
Compiler for C supports link arguments -Wl,-z,now: YES 
Compiler for C supports link arguments -Wl,-z,relro: YES 
Compiler for C supports link arguments -fstack-protector: YES 
Compiler for C supports link arguments -Wl,--warn-common: YES 
Compiler for C supports link arguments -Wl,--gc-sections: YES 
Compiler for C supports arguments -Wzero-length-bounds: YES (cached)
Checking if "-Werror=shadow with local shadowing" compiles: YES 
Compiler for C++ supports arguments -Wno-missing-field-initializers: YES 
Compiler for C++ supports arguments -Wno-unused-parameter: YES 
Compiler for C supports arguments -Wstringop-truncation: YES 
Checking for size of "dev_t" : 8 
Checking for size of "ino_t" : 8 
Checking for size of "time_t" : 8 
Checking for size of "rlim_t" : 8 
Checking for size of "typeof(((struct timex *)0)->freq)" : 4 
Computing int of "LONG_MAX" : 2147483647
Checking for size of "char16_t" : 2 
Checking for size of "char32_t" : 4 
Checking for size of "struct mount_attr" : -1 
Checking for size of "struct mount_attr" : 32 
Checking for size of "struct statx" : -1 
Checking for size of "struct statx" : 256 
Checking for size of "struct dirent64" : -1 
Checking for function "secure_getenv" : YES 
Checking for function "__secure_getenv" : NO 
Checking for function "strndupa" : NO 
Checking for function "memfd_create" : YES 
Checking for function "gettid" : YES 
Checking for function "pivot_root" : NO 
Checking for function "ioprio_get" : NO 
Checking for function "ioprio_set" : NO 
Checking for function "name_to_handle_at" : YES 
Checking for function "setns" : YES 
Checking for function "renameat2" : NO 
Checking for function "kcmp" : NO 
Checking for function "keyctl" : NO 
Checking for function "copy_file_range" : YES 
Checking for function "bpf" : NO 
Checking for function "statx" : NO 
Checking for function "explicit_bzero" : YES 
Checking for function "reallocarray" : YES 
Checking for function "set_mempolicy" : NO 
Checking for function "get_mempolicy" : NO 
Checking for function "pidfd_send_signal" : NO 
Checking for function "pidfd_open" : NO 
Checking for function "rt_sigqueueinfo" : NO 
Checking for function "rt_tgsigqueueinfo" : NO 
Checking for function "mallinfo" : NO 
Checking for function "mallinfo2" : NO 
Checking for function "execveat" : NO 
Checking for function "close_range" : NO 
Checking for function "epoll_pwait2" : NO 
Checking for function "mount_setattr" : NO 
Checking for function "move_mount" : NO 
Checking for function "open_tree" : NO 
Checking for function "fsopen" : NO 
Checking for function "fsconfig" : NO 
Checking for function "getdents64" : NO 
Checking for function "getrandom" : YES 
Configuring version.h using configuration
Program sh found: YES (/usr/bin/sh)
Program echo found: YES (/usr/bin/echo)
Program sed found: YES (/usr/bin/sed)
Program awk found: YES (/usr/bin/awk)
Program stat found: YES (/usr/bin/stat)
Program ln found: YES (/usr/bin/ln)
Program git found: NO
Program env found: YES (/usr/bin/env)
Program perl found: YES (/usr/bin/perl)
Program rsync found: NO
Program quotaon /usr/sbin/quotaon /sbin/quotaon found: NO
Program quotacheck /usr/sbin/quotacheck /sbin/quotacheck found: NO
Program kmod found: YES (/usr/bin/kmod)
Program kexec /usr/sbin/kexec /sbin/kexec found: NO
Program sulogin found: YES (/usr/sbin/sulogin)
Program mount found: YES (/usr/bin/mount)
Program umount found: YES (/usr/bin/umount)
Program loadkeys found: YES (/usr/bin/loadkeys)
Program setfont found: YES (/usr/bin/setfont)
Message: Using /usr/bin/false for nologin
Program gperf found: YES (/usr/bin/gperf)
Message: gperf len type is size_t
Has header "sys/capability.h" : YES 
Has header "crypt.h" : YES 
Has header "linux/memfd.h" : YES 
Has header "linux/vm_sockets.h" : YES 
Has header "printf.h" : NO 
Has header "sys/auxv.h" : YES 
Has header "threads.h" : YES 
Has header "valgrind/memcheck.h" : NO 
Has header "valgrind/valgrind.h" : NO 
Has header "linux/time_types.h" : YES 
Has header "sys/sdt.h" : NO 
Run-time dependency threads found: YES
Library rt found: YES
Library m found: YES
Library dl found: YES
Found pkg-config: /usr/bin/pkg-config (1.9.5)
Run-time dependency libcrypt found: YES 4.4.36
Run-time dependency libcap found: YES 2.69
Checking if "libatomic" : links: YES 
Checking for function "crypt_ra" with dependency libcrypt: YES 
Checking for function "crypt_preferred_method" with dependency libcrypt: YES 
Checking for function "crypt_gensalt_ra" with dependency libcrypt: YES 
Did not find CMake 'cmake'
Found CMake: NO
Run-time dependency libbpf found: NO (tried pkgconfig and cmake)
Run-time dependency mount found: YES 2.39.1
Run-time dependency libacl found: YES 2.3.1
Run-time dependency blkid found: YES 2.39.1
Checking for function "blkid_probe_set_hint" with dependency blkid: YES 
Run-time dependency libkmod found: YES 30
Run-time dependency xencontrol found: NO (tried pkgconfig and cmake)
Checking for function "crypt_activate_by_token_pin" : NO 
Run-time dependency tss2-esys tss2-rc tss2-mu found: NO (tried pkgconfig and cmake)
Run-time dependency bzip2 found: NO (tried pkgconfig and cmake)
Library bz2 found: YES
Program python3 (jinja2) found: YES (/usr/bin/python3) modules: jinja2
Program tools/generate-gperfs.py found: YES (/sources/systemd-stable-253.7/tools/generate-gperfs.py)
Program tools/make-autosuspend-rules.py found: YES (/sources/systemd-stable-253.7/tools/make-autosuspend-rules.py)
Program tools/make-directive-index.py found: YES (/sources/systemd-stable-253.7/tools/make-directive-index.py)
Program tools/make-man-index.py found: YES (/sources/systemd-stable-253.7/tools/make-man-index.py)
Program tools/meson-render-jinja2.py found: YES (/sources/systemd-stable-253.7/tools/meson-render-jinja2.py)
Program tools/update-dbus-docs.py found: YES (/sources/systemd-stable-253.7/tools/update-dbus-docs.py)
Program tools/update-man-rules.py found: YES (/sources/systemd-stable-253.7/tools/update-man-rules.py)
Program tools/update-hwdb.sh found: YES (/sources/systemd-stable-253.7/tools/update-hwdb.sh)
Program tools/update-hwdb-autosuspend.sh found: YES (/sources/systemd-stable-253.7/tools/update-hwdb-autosuspend.sh)
Program tools/update-syscall-tables.sh found: YES (/sources/systemd-stable-253.7/tools/update-syscall-tables.sh)
Program tools/xml_helper.py found: YES (/sources/systemd-stable-253.7/tools/xml_helper.py)
Program tools/dbus_exporter.py found: YES (/sources/systemd-stable-253.7/tools/dbus_exporter.py)
Configuring config.h using configuration
Program msgfmt found: YES (/usr/bin/msgfmt)
Program msginit found: YES (/usr/bin/msginit)
Program msgmerge found: YES (/usr/bin/msgmerge)
Program xgettext found: YES (/usr/bin/xgettext)
Program generate-af-list.sh found: YES (/sources/systemd-stable-253.7/src/basic/generate-af-list.sh)
Program generate-arphrd-list.sh found: YES (/sources/systemd-stable-253.7/src/basic/generate-arphrd-list.sh)
Program generate-cap-list.sh found: YES (/sources/systemd-stable-253.7/src/basic/generate-cap-list.sh)
Program generate-errno-list.sh found: YES (/sources/systemd-stable-253.7/src/basic/generate-errno-list.sh)
Program missing_syscalls.py found: YES (/usr/bin/python3.11 /sources/systemd-stable-253.7/src/basic/missing_syscalls.py)
Program check-filesystems.sh found: YES (/sources/systemd-stable-253.7/src/basic/check-filesystems.sh)
Program generate-filesystem-list.py found: YES (/sources/systemd-stable-253.7/src/basic/generate-filesystem-list.py)
Program generate-filesystem-switch-case.py found: YES (/sources/systemd-stable-253.7/src/basic/generate-filesystem-switch-case.py)
Program sd-journal/generate-audit_type-list.sh found: YES (/sources/systemd-stable-253.7/src/libsystemd/sd-journal/generate-audit_type-list.sh)
../src/libsystemd/meson.build:134: WARNING: Project targets '>= 0.53.2' but uses feature introduced in '0.60.0': install_tag arg in custom_target.
Program generate-syscall-list.py found: YES (/sources/systemd-stable-253.7/src/shared/generate-syscall-list.py)
Program generate-ip-protocol-list.sh found: YES (/sources/systemd-stable-253.7/src/shared/generate-ip-protocol-list.sh)
Program generate-keyboard-keys-list.sh found: YES (/sources/systemd-stable-253.7/src/udev/generate-keyboard-keys-list.sh)
Program generate-keyboard-keys-gperf.sh found: YES (/sources/systemd-stable-253.7/src/udev/generate-keyboard-keys-gperf.sh)
../src/libudev/meson.build:34: WARNING: Project targets '>= 0.53.2' but uses feature introduced in '0.60.0': install_tag arg in custom_target.
Program generate-dns_type-gperf.py found: YES (/sources/systemd-stable-253.7/src/resolve/generate-dns_type-gperf.py)
Program generate-sym-test.py found: YES (/sources/systemd-stable-253.7/src/test/generate-sym-test.py)
Program test-bootctl-json.sh found: YES (/sources/systemd-stable-253.7/test/test-bootctl-json.sh)
Program test-fstab-generator.sh found: YES (/sources/systemd-stable-253.7/test/test-fstab-generator.sh)
Program test-network-generator-conversion.sh found: YES (/sources/systemd-stable-253.7/test/test-network-generator-conversion.sh)
Program test-systemctl-enable.sh found: YES (/usr/bin/env bash /sources/systemd-stable-253.7/test/test-systemctl-enable.sh)
Program test-systemd-tmpfiles.py found: YES (/sources/systemd-stable-253.7/test/test-systemd-tmpfiles.py)
Program hwdb-test.sh found: YES (/sources/systemd-stable-253.7/test/hwdb-test.sh)
Configuring test-sysusers.sh using configuration
Program rule-syntax-check.py found: YES (/sources/systemd-stable-253.7/test/rule-syntax-check.py)
Program sys-script.py found: YES (/sources/systemd-stable-253.7/test/sys-script.py)
Program udev-test.pl found: YES (/sources/systemd-stable-253.7/test/udev-test.pl)
Program rpm found: NO
Program rpmspec found: NO
Program test-rpm-macros.sh found: YES (/sources/systemd-stable-253.7/test/test-rpm-macros.sh)
Message: Skipping test-rpm-macros since rpm and/or rpmspec are not available
Program generate-directives.py found: YES (/usr/bin/python3.11 /sources/systemd-stable-253.7/test/fuzz/generate-directives.py)
Message: test-bus-benchmark is a manual test
Message: test-ipv4ll-manual is a manual test
Message: test-acd is a manual test
Message: test-coredump-vacuum is a manual test
Message: Not compiling test-qcow2 because HAVE_ZLIB is not true
Message: test-inhibit is a manual test
Message: test-session-properties is a manual test
Message: test-patch-uid is a manual test
Message: Not compiling test-dnssec because HAVE_OPENSSL_OR_GCRYPT is not true
Message: test-dnssec-complex is a manual test
Message: test-ns is a manual test
Message: Not compiling test-boot-timestamps because ENABLE_EFI is not true
Message: Not compiling test-seccomp because HAVE_SECCOMP is not true
Message: test-ask-password-api is a manual test
Message: test-ipcrm is an unsafe test
Message: test-btrfs is a manual test
Message: test-netlink-manual is a manual test
Message: Not compiling test-sbat because HAVE_GNU_EFI is not true
Message: test-chase-symlinks is a manual test
Message: test-install is a manual test
Message: test-watchdog is an unsafe test
Message: Not compiling test-utmp because ENABLE_UTMP is not true
Message: test-udev is a manual test
Message: Not compiling test-cryptolib because HAVE_OPENSSL_OR_GCRYPT is not true
Message: Not compiling test-nss-hosts because ENABLE_NSS is not true
Message: Not compiling test-nss-users because ENABLE_NSS is not true
Message: Not compiling test-nscd-flush because ENABLE_NSCD is not true
Message: Not compiling test-socket-bind because BPF_FRAMEWORK is not true
Program xsltproc found: NO
Message: Skipping binfmt.d.5 because ENABLE_BINFMT is false
Message: Skipping bootctl.1 because HAVE_GNU_EFI is false
Message: Skipping coredump.conf.5 because ENABLE_COREDUMP is false
Message: Skipping coredumpctl.1 because ENABLE_COREDUMP is false
Message: Skipping crypttab.5 because HAVE_LIBCRYPTSETUP is false
Message: Skipping dnssec-trust-anchors.d.5 because ENABLE_RESOLVE is false
Message: Skipping environment.d.5 because ENABLE_ENVIRONMENT_D is false
Message: Skipping homectl.1 because ENABLE_HOMED is false
Message: Skipping homed.conf.5 because ENABLE_HOMED is false
Message: Skipping hostnamectl.1 because ENABLE_HOSTNAMED is false
Message: Skipping integritytab.5 because HAVE_LIBCRYPTSETUP is false
Message: Skipping journal-remote.conf.5 because HAVE_MICROHTTPD is false
Message: Skipping journal-upload.conf.5 because HAVE_MICROHTTPD is false
Message: Skipping kernel-install.8 because ENABLE_KERNEL_INSTALL is false
Message: Skipping loader.conf.5 because HAVE_GNU_EFI is false
Message: Skipping localectl.1 because ENABLE_LOCALED is false
Message: Skipping loginctl.1 because ENABLE_LOGIND is false
Message: Skipping logind.conf.5 because ENABLE_LOGIND is false
Message: Skipping machinectl.1 because ENABLE_MACHINED is false
Message: Skipping networkctl.1 because ENABLE_NETWORKD is false
Message: Skipping networkd.conf.5 because ENABLE_NETWORKD is false
Message: Skipping nss-myhostname.8 because ENABLE_NSS_MYHOSTNAME is false
Message: Skipping nss-mymachines.8 because ENABLE_NSS_MYMACHINES is false
Message: Skipping nss-resolve.8 because ENABLE_NSS_RESOLVE is false
Message: Skipping nss-systemd.8 because ENABLE_NSS_SYSTEMD is false
Message: Skipping oomctl.1 because ENABLE_OOMD is false
Message: Skipping oomd.conf.5 because ENABLE_OOMD is false
Message: Skipping org.freedesktop.home1.5 because ENABLE_HOMED is false
Message: Skipping org.freedesktop.hostname1.5 because ENABLE_HOSTNAMED is false
Message: Skipping org.freedesktop.import1.5 because ENABLE_IMPORTD is false
Message: Skipping org.freedesktop.locale1.5 because ENABLE_LOCALED is false
Message: Skipping org.freedesktop.login1.5 because ENABLE_LOGIND is false
Message: Skipping org.freedesktop.machine1.5 because ENABLE_MACHINED is false
Message: Skipping org.freedesktop.network1.5 because ENABLE_NETWORKD is false
Message: Skipping org.freedesktop.oom1.5 because ENABLE_OOMD is false
Message: Skipping org.freedesktop.portable1.5 because ENABLE_PORTABLED is false
Message: Skipping org.freedesktop.resolve1.5 because ENABLE_RESOLVE is false
Message: Skipping org.freedesktop.timedate1.5 because ENABLE_TIMEDATED is false
Message: Skipping pam_systemd.8 because HAVE_PAM is false
Message: Skipping pam_systemd_home.8 because ENABLE_PAM_HOME is false
Message: Skipping portablectl.1 because ENABLE_PORTABLED is false
Message: Skipping pstore.conf.5 because ENABLE_PSTORE is false
Message: Skipping repart.d.5 because ENABLE_REPART is false
Message: Skipping resolvectl.1 because ENABLE_RESOLVE is false
Message: Skipping resolved.conf.5 because ENABLE_RESOLVE is false
Message: Skipping runlevel.8 because HAVE_SYSV_COMPAT is false
Message: Skipping sd-login.3 because HAVE_PAM is false
Message: Skipping sd_get_seats.3 because HAVE_PAM is false
Message: Skipping sd_login_monitor_new.3 because HAVE_PAM is false
Message: Skipping sd_pid_get_owner_uid.3 because HAVE_PAM is false
Message: Skipping sd_seat_get_active.3 because HAVE_PAM is false
Message: Skipping sd_session_is_active.3 because HAVE_PAM is false
Message: Skipping sd_uid_get_state.3 because HAVE_PAM is false
Message: Skipping systemd-analyze.1 because ENABLE_ANALYZE is false
Message: Skipping systemd-backlight@.service.8 because ENABLE_BACKLIGHT is false
Message: Skipping systemd-binfmt.service.8 because ENABLE_BINFMT is false
Message: Skipping systemd-bless-boot-generator.8 because HAVE_GNU_EFI is false
Message: Skipping systemd-bless-boot.service.8 because HAVE_GNU_EFI is false
Message: Skipping systemd-boot-random-seed.service.8 because HAVE_GNU_EFI is false
Message: Skipping systemd-boot.7 because HAVE_GNU_EFI is false
Message: Skipping systemd-coredump.8 because ENABLE_COREDUMP is false
Message: Skipping systemd-cryptenroll.1 because HAVE_LIBCRYPTSETUP is false
Message: Skipping systemd-cryptsetup-generator.8 because HAVE_LIBCRYPTSETUP is false
Message: Skipping systemd-cryptsetup@.service.8 because HAVE_LIBCRYPTSETUP is false
Message: Skipping systemd-environment-d-generator.8 because ENABLE_ENVIRONMENT_D is false
Message: Skipping systemd-firstboot.1 because ENABLE_FIRSTBOOT is false
Message: Skipping systemd-hibernate-resume-generator.8 because ENABLE_HIBERNATE is false
Message: Skipping systemd-hibernate-resume@.service.8 because ENABLE_HIBERNATE is false
Message: Skipping systemd-homed.service.8 because ENABLE_HOMED is false
Message: Skipping systemd-hostnamed.service.8 because ENABLE_HOSTNAMED is false
Message: Skipping systemd-importd.service.8 because ENABLE_IMPORTD is false
Message: Skipping systemd-initctl.service.8 because HAVE_SYSV_COMPAT is false
Message: Skipping systemd-integritysetup-generator.8 because HAVE_LIBCRYPTSETUP is false
Message: Skipping systemd-integritysetup@.service.8 because HAVE_LIBCRYPTSETUP is false
Message: Skipping systemd-journal-gatewayd.service.8 because HAVE_MICROHTTPD is false
Message: Skipping systemd-journal-remote.service.8 because HAVE_MICROHTTPD is false
Message: Skipping systemd-journal-upload.service.8 because HAVE_MICROHTTPD is false
Message: Skipping systemd-localed.service.8 because ENABLE_LOCALED is false
Message: Skipping systemd-logind.service.8 because ENABLE_LOGIND is false
Message: Skipping systemd-machined.service.8 because ENABLE_MACHINED is false
Message: Skipping systemd-measure.1 because HAVE_GNU_EFI is false
Message: Skipping systemd-networkd-wait-online.service.8 because ENABLE_NETWORKD is false
Message: Skipping systemd-networkd.service.8 because ENABLE_NETWORKD is false
Message: Skipping systemd-oomd.service.8 because ENABLE_OOMD is false
Message: Skipping systemd-pcrphase.service.8 because HAVE_GNU_EFI is false
Message: Skipping systemd-portabled.service.8 because ENABLE_PORTABLED is false
Message: Skipping systemd-pstore.service.8 because ENABLE_PSTORE is false
Message: Skipping systemd-quotacheck.service.8 because ENABLE_QUOTACHECK is false
Message: Skipping systemd-random-seed.service.8 because ENABLE_RANDOMSEED is false
Message: Skipping systemd-rc-local-generator.8 because HAVE_SYSV_COMPAT is false
Message: Skipping systemd-repart.8 because ENABLE_REPART is false
Message: Skipping systemd-resolved.service.8 because ENABLE_RESOLVE is false
Message: Skipping systemd-rfkill.service.8 because ENABLE_RFKILL is false
Message: Skipping systemd-stub.7 because HAVE_GNU_EFI is false
Message: Skipping systemd-sysupdate.8 because ENABLE_SYSUPDATE is false
Message: Skipping systemd-sysv-generator.8 because HAVE_SYSV_COMPAT is false
Message: Skipping systemd-time-wait-sync.service.8 because ENABLE_TIMESYNCD is false
Message: Skipping systemd-timedated.service.8 because ENABLE_TIMEDATED is false
Message: Skipping systemd-timesyncd.service.8 because ENABLE_TIMESYNCD is false
Message: Skipping systemd-update-utmp.service.8 because ENABLE_UTMP is false
Message: Skipping systemd-user-sessions.service.8 because HAVE_PAM is false
Message: Skipping systemd-userdbd.service.8 because ENABLE_USERDB is false
Message: Skipping systemd-vconsole-setup.service.8 because ENABLE_VCONSOLE is false
Message: Skipping systemd-veritysetup-generator.8 because HAVE_LIBCRYPTSETUP is false
Message: Skipping systemd-veritysetup@.service.8 because HAVE_LIBCRYPTSETUP is false
Message: Skipping systemd-xdg-autostart-generator.8 because ENABLE_XDG_AUTOSTART is false
Message: Skipping systemd.dnssd.5 because ENABLE_RESOLVE is false
Message: Skipping systemd.environment-generator.7 because ENABLE_ENVIRONMENT_D is false
Message: Skipping systemd.netdev.5 because ENABLE_NETWORKD is false
Message: Skipping systemd.network.5 because ENABLE_NETWORKD is false
Message: Skipping sysupdate.d.5 because ENABLE_SYSUPDATE is false
Message: Skipping telinit.8 because HAVE_SYSV_COMPAT is false
Message: Skipping timedatectl.1 because ENABLE_TIMEDATECTL is false
Message: Skipping timesyncd.conf.5 because ENABLE_TIMESYNCD is false
Message: Skipping ukify.1 because ENABLE_UKIFY is false
Message: Skipping userdbctl.1 because ENABLE_USERDB is false
Message: Skipping vconsole.conf.5 because ENABLE_VCONSOLE is false
Message: Skipping veritytab.5 because HAVE_LIBCRYPTSETUP is false
Message: python-lxml not available, not making man page indices
Configuring man using configuration
Configuring html using configuration
Run-time dependency bash-completion found: NO (tried pkgconfig and cmake)
Checking for size of "long" : 4 
Message: Not installing sysusers.d/systemd-coredump.conf because ENABLE_COREDUMP is 0
Message: Not installing sysusers.d/systemd-oom.conf because ENABLE_OOMD is 0
Message: Not installing tmpfiles.d/portables.conf because ENABLE_PORTABLED is 0
Message: Not installing tmpfiles.d/systemd-network.conf because ENABLE_NETWORKD is 0
Message: Not installing tmpfiles.d/systemd-nologin.conf because HAVE_PAM is 0
Message: Not installing tmpfiles.d/systemd-nspawn.conf because ENABLE_MACHINED is 0
Message: Not installing tmpfiles.d/systemd-pstore.conf because ENABLE_PSTORE is 0
Message: Not installing tmpfiles.d/systemd-resolve.conf because ENABLE_RESOLVE is 0
Message: Not installing tmpfiles.d/legacy.conf because HAVE_SYSV_COMPAT is 0
Program jekyll found: NO
Program tools/check-help.sh found: YES (/sources/systemd-stable-253.7/tools/check-help.sh)
Program tools/check-version.sh found: YES (/sources/systemd-stable-253.7/tools/check-version.sh)
Compiler for C supports link arguments -fsanitize=address,undefined: NO 
Program tools/check-api-docs.sh found: YES (/sources/systemd-stable-253.7/tools/check-api-docs.sh)
Build targets in project: 662
WARNING: Project specifies a minimum meson_version '>= 0.53.2' but uses features which were added in newer versions:
 * 0.60.0: {'install_tag arg in custom_target'}
NOTICE: Future-deprecated features used:
 * 0.55.0: {'ExternalProgram.path'}

systemd 253

    build mode                     : release
    split /usr                     : False
    split bin-sbin                 : True
    prefix directory               : /usr
    rootprefix directory           : /usr
    sysconf directory              : /etc
    include directory              : /usr/include
    lib directory                  : /usr/lib
    rootlib directory              : /usr/lib
    SysV init scripts              : 
    SysV rc?.d directories         : /etc/rc.d
    PAM modules directory          : /usr/lib/security
    PAM configuration directory    : /usr/lib/pam.d
    libcryptsetup plugins directory: /usr/lib/cryptsetup
    RPM macros directory           : /usr/lib/rpm/macros.d
    modprobe.d directory           : /usr/lib/modprobe.d
    D-Bus policy directory         : /usr/share/dbus-1/system.d
    D-Bus session directory        : /usr/share/dbus-1/services
    D-Bus system directory         : /usr/share/dbus-1/system-services
    D-Bus interfaces directory     : /usr/share/dbus-1/interfaces
    bash completions directory     : /usr/share/bash-completion/completions
    zsh completions directory      : /usr/share/zsh/site-functions
    private shared lib version tag : 253
    extra start script             : /etc/rc.local
    debug shell                    : /bin/sh @ /dev/tty9
    system UIDs                    : <=999 (alloc >=101)
    system GIDs                    : <=999 (alloc >=101)
    dynamic UIDs                   : 61184…65519
    container UID bases            : 524288…1878982656
    static UID/GID allocations     : tty-gid:5 users-gid:999
    /dev/kvm access mode           : 0666
    render group access mode       : 0666
    certificate root directory     : /etc/ssl
    support URL                    : https://lists.freedesktop.org/mailman/listinfo/systemd-devel
    nobody user name               : nobody
    nobody group name              : nogroup
    fallback hostname              : localhost
    default compression method     : none
    default DNSSEC mode            : no
    default DNS-over-TLS mode      : no
    default mDNS mode              : yes
    default LLMNR mode             : yes
    default DNS servers            : 
    default NTP servers            : 
    default cgroup hierarchy       : unified
    default net.naming-scheme value: latest
    default KillUserProcesses value: True
    default locale                 : C.UTF-8
    default nspawn locale          : C.UTF-8
    default status unit format     : description
    default user $PATH             : (same as system services)
    systemd service watchdog       : 3min
    time epoch                     : 1689610134 (2023-07-17T16:08:54+00:00)

  Features
    enabled                        : ACL, blkid, bzip2, hwdb, sysusers, tmpfiles, kmod, link-systemctl-shared, link-networkd-shared, link-timesyncd-shared, link-journalctl-shared, standalone-binaries
    disabled                       : AUDIT, AppArmor, IMA, PAM, SECCOMP, SELinux, SMACK, elfutils, gcrypt, gnutls, libbpf, libcryptsetup, libcryptsetup-plugins, libcurl, libfdisk, libfido2, libidn, libidn2, libiptc, microhttpd, openssl, p11kit, pcre2, pwquality, qrencode, tpm2, xkbcommon, zstd, lz4, xz, zlib, backlight, binfmt, bpf-framework, coredump, environment.d, efi, gnu-efi, firstboot, hibernate, homed, hostnamed, importd, initrd, kernel-install, localed, logind, machined, networkd, nss-myhostname, nss-mymachines, nss-resolve, nss-systemd, oomd, portabled, pstore, quotacheck, randomseed, repart, resolve, rfkill, sysext, systemd-analyze, sysupdate, timedated, timesyncd, userdb, vconsole, xdg-autostart, idn, polkit, nscd, legacy-pkla, xenctrl, dbus, glib, tpm, man pages, html pages, man page indices, SysV compat, compat-mutable-uid-boundaries, utmp, ldconfig, adm group, wheel group, gshadow, debug hashmap, debug mmap cache, debug siphash, valgrind, trace logging, install tests, link-udev-shared, link-boot-shared, first-boot-full-preset, fexecve, coverage, static-libsystemd, static-libudev, cryptolib, DNS-over-TLS

  User defined options
    buildtype                      : release
    prefix                         : /usr
    sysconfdir                     : /etc
    acl                            : true
    adm-group                      : false
    analyze                        : false
    apparmor                       : false
    audit                          : false
    backlight                      : false
    binfmt                         : false
    blkid                          : true
    coredump                       : false
    dbus                           : false
    default-dnssec                 : no
    dns-servers                    : 
    efi                            : false
    elfutils                       : false
    environment-d                  : false
    fdisk                          : false
    firstboot                      : false
    gcrypt                         : false
    glib                           : false
    gnu-efi                        : false
    gnutls                         : false
    gshadow                        : false
    hibernate                      : false
    hostnamed                      : false
    hwdb                           : true
    idn                            : false
    ima                            : false
    initrd                         : false
    install-tests                  : false
    kernel-install                 : false
    kmod                           : true
    ldconfig                       : false
    libcryptsetup                  : false
    libcurl                        : false
    libfido2                       : false
    libidn                         : false
    libidn2                        : false
    libiptc                        : false
    link-boot-shared               : false
    link-udev-shared               : false
    localed                        : false
    logind                         : false
    lz4                            : false
    machined                       : false
    man                            : false
    microhttpd                     : false
    mode                           : release
    networkd                       : false
    nobody-group                   : nogroup
    nobody-user                    : nobody
    nologin-path                   : /usr/bin/false
    nscd                           : false
    nss-myhostname                 : false
    nss-resolve                    : false
    nss-systemd                    : false
    ntp-servers                    : 
    oomd                           : false
    openssl                        : false
    p11kit                         : false
    pam                            : false
    pcre2                          : false
    polkit                         : false
    portabled                      : false
    pstore                         : false
    pwquality                      : false
    qrencode                       : false
    quotacheck                     : false
    randomseed                     : false
    resolve                        : false
    rfkill                         : false
    seccomp                        : false
    selinux                        : false
    smack                          : false
    standalone-binaries            : true
    sysext                         : false
    sysusers                       : true
    sysvinit-path                  : 
    tests                          : false
    timedated                      : false
    timesyncd                      : false
    tmpfiles                       : true
    tpm                            : false
    userdb                         : false
    users-gid                      : 999
    utmp                           : false
    vconsole                       : false
    version-tag                    : 253.7
    wheel-group                    : false
    xdg-autostart                  : false
    xkbcommon                      : false
    xz                             : false
    zlib                           : false
    zstd                           : false

Found ninja-1.11.1 at /usr/bin/ninja
[2 1/433 0.156s] Generating src/basic/af-list.txt with a custom command (wrapped by meson to capture output)
[2 2/433 0.157s] Generating src/basic/arphrd-list.txt with a custom command (wrapped by meson to capture output)
[2 3/433 0.263s] Generating src/basic/errno-list.txt with a custom command (wrapped by meson to capture output)
[2 4/433 0.263s] Generating src/basic/cap-list.txt with a custom command (wrapped by meson to capture output)
[2 5/433 0.347s] Generating src/basic/af-to-name.h with a custom command (wrapped by meson to capture output)
[2 6/433 0.363s] Generating src/basic/af-from-name.gperf with a custom command (wrapped by meson to capture output)
[2 7/433 0.451s] Generating src/basic/af-from-name.h with a custom command (wrapped by meson to capture output)
[2 8/433 0.453s] Generating src/basic/arphrd-from-name.gperf with a custom command (wrapped by meson to capture output)
[2 9/433 0.540s] Generating src/basic/arphrd-to-name.h with a custom command (wrapped by meson to capture output)
[2 10/433 0.544s] Generating src/basic/arphrd-from-name.h with a custom command (wrapped by meson to capture output)
[2 11/433 0.634s] Generating src/basic/cap-to-name.h with a custom command (wrapped by meson to capture output)
[2 12/433 0.649s] Generating src/basic/cap-from-name.gperf with a custom command (wrapped by meson to capture output)
[2 13/433 0.744s] Generating src/basic/cap-from-name.h with a custom command (wrapped by meson to capture output)
[2 14/433 0.745s] Generating src/basic/errno-from-name.gperf with a custom command (wrapped by meson to capture output)
[2 15/433 0.838s] Generating src/basic/errno-to-name.h with a custom command (wrapped by meson to capture output)
[2 16/433 0.843s] Generating src/basic/errno-from-name.h with a custom command (wrapped by meson to capture output)
[2 17/433 0.844s] Generating src/basic/filesystems-gperf.h with a custom command
[2 18/433 0.948s] Generating src/basic/filesystem-list.h with a custom command (wrapped by meson to capture output)
[2 19/433 0.950s] Generating src/basic/filesystem-switch-case.h with a custom command (wrapped by meson to capture output)
[2 20/433 0.964s] Compiling C object src/basic/libbasic-gcrypt.a.p/gcrypt-util.c.o
[2 21/433 0.988s] Compiling C object src/basic/libbasic.a.p/MurmurHash2.c.o
[2 22/433 1.064s] Compiling C object src/basic/libbasic.a.p/af-list.c.o
[2 23/433 1.088s] Compiling C object src/basic/libbasic.a.p/alloc-util.c.o
[2 24/433 1.140s] Compiling C object src/basic/libbasic.a.p/architecture.c.o
[2 25/433 1.241s] Compiling C object src/basic/libbasic.a.p/arphrd-util.c.o
[2 26/433 1.275s] Compiling C object src/basic/libbasic.a.p/argv-util.c.o
[2 27/433 1.368s] Compiling C object src/basic/libbasic.a.p/async.c.o
[2 28/433 1.425s] Compiling C object src/basic/libbasic.a.p/audit-util.c.o
[2 29/433 1.456s] Compiling C object src/basic/libbasic.a.p/build.c.o
[2 30/433 1.517s] Compiling C object src/basic/libbasic.a.p/bus-label.c.o
[2 31/433 1.589s] Compiling C object src/basic/libbasic.a.p/cap-list.c.o
[2 32/433 1.885s] Compiling C object src/basic/libbasic.a.p/capability-util.c.o
[2 33/433 2.292s] Compiling C object src/basic/libbasic.a.p/chase-symlinks.c.o
[2 34/433 2.443s] Compiling C object src/basic/libbasic.a.p/chattr-util.c.o
[2 35/433 2.705s] Compiling C object src/basic/libbasic.a.p/conf-files.c.o
[2 36/433 2.722s] Compiling C object src/basic/libbasic.a.p/cgroup-util.c.o
[2 37/433 2.831s] Compiling C object src/basic/libbasic.a.p/dirent-util.c.o
[2 38/433 2.845s] Compiling C object src/basic/libbasic.a.p/devnum-util.c.o
[2 39/433 2.899s] Compiling C object src/basic/libbasic.a.p/efivars.c.o
[2 40/433 3.159s] Compiling C object src/basic/libbasic.a.p/env-file.c.o
[2 41/433 3.235s] Compiling C object src/basic/libbasic.a.p/errno-list.c.o
[2 42/433 3.444s] Compiling C object src/basic/libbasic.a.p/env-util.c.o
[2 43/433 3.544s] Compiling C object src/basic/libbasic.a.p/escape.c.o
[2 44/433 3.627s] Compiling C object src/basic/libbasic.a.p/ether-addr-util.c.o
[2 45/433 3.731s] Compiling C object src/basic/libbasic.a.p/extract-word.c.o
[2 46/433 4.112s] Compiling C object src/basic/libbasic.a.p/fd-util.c.o
[2 47/433 4.294s] Compiling C object src/basic/libbasic.a.p/filesystems.c.o
[2 48/433 4.401s] Compiling C object src/basic/libbasic.a.p/format-util.c.o
[2 49/433 4.432s] Compiling C object src/basic/libbasic.a.p/fileio.c.o
[2 50/433 4.540s] Compiling C object src/basic/libbasic.a.p/glob-util.c.o
../src/basic/glob-util.c:21:13: warning: ‘closedir_wrapper’ defined but not used [-Wunused-function]
   21 | static void closedir_wrapper(void* v) {
      |             ^~~~~~~~~~~~~~~~
[2 51/433 4.624s] Compiling C object src/basic/libbasic.a.p/glyph-util.c.o
[2 52/433 4.667s] Compiling C object src/basic/libbasic.a.p/gunicode.c.o
[2 53/433 4.800s] Compiling C object src/basic/libbasic.a.p/hash-funcs.c.o
[2 54/433 5.004s] Compiling C object src/basic/libbasic.a.p/fs-util.c.o
[2 55/433 5.446s] Compiling C object src/basic/libbasic.a.p/hexdecoct.c.o
[2 56/433 5.493s] Compiling C object src/basic/libbasic.a.p/hmac.c.o
[2 57/433 5.631s] Compiling C object src/basic/libbasic.a.p/hashmap.c.o
[2 58/433 5.663s] Compiling C object src/basic/libbasic.a.p/hostname-util.c.o
[2 59/433 5.748s] Compiling C object src/basic/libbasic.a.p/initrd-util.c.o
[2 60/433 5.842s] Compiling C object src/basic/libbasic.a.p/inotify-util.c.o
[2 61/433 6.064s] Compiling C object src/basic/libbasic.a.p/io-util.c.o
[2 62/433 6.116s] Compiling C object src/basic/libbasic.a.p/in-addr-util.c.o
[2 63/433 6.144s] Compiling C object src/basic/libbasic.a.p/ioprio-util.c.o
[2 64/433 6.249s] Compiling C object src/basic/libbasic.a.p/limits-util.c.o
[2 65/433 6.368s] Compiling C object src/basic/libbasic.a.p/locale-util.c.o
[2 66/433 6.428s] Compiling C object src/basic/libbasic.a.p/login-util.c.o
[2 67/433 6.559s] Compiling C object src/basic/libbasic.a.p/memfd-util.c.o
[2 68/433 6.622s] Compiling C object src/basic/libbasic.a.p/memory-util.c.o
[2 69/433 6.696s] Compiling C object src/basic/libbasic.a.p/mempool.c.o
[2 70/433 6.937s] Compiling C object src/basic/libbasic.a.p/mkdir.c.o
[2 71/433 7.222s] Compiling C object src/basic/libbasic.a.p/log.c.o
[2 72/433 7.316s] Compiling C object src/basic/libbasic.a.p/mountpoint-util.c.o
[2 73/433 7.452s] Compiling C object src/basic/libbasic.a.p/nulstr-util.c.o
[2 74/433 7.480s] Compiling C object src/basic/libbasic.a.p/namespace-util.c.o
[2 75/433 7.577s] Compiling C object src/basic/libbasic.a.p/ordered-set.c.o
[2 76/433 7.796s] Compiling C object src/basic/libbasic.a.p/os-util.c.o
[2 77/433 7.991s] Compiling C object src/basic/libbasic.a.p/parse-util.c.o
[2 78/433 8.250s] Compiling C object src/basic/libbasic.a.p/path-lookup.c.o
[2 79/433 8.393s] Compiling C object src/basic/libbasic.a.p/percent-util.c.o
[2 80/433 8.575s] Compiling C object src/basic/libbasic.a.p/prioq.c.o
[2 81/433 8.670s] Compiling C object src/basic/libbasic.a.p/path-util.c.o
[2 82/433 8.802s] Compiling C object src/basic/libbasic.a.p/proc-cmdline.c.o
[2 83/433 8.999s] Compiling C object src/basic/libbasic.a.p/procfs-util.c.o
[2 84/433 9.185s] Compiling C object src/basic/libbasic.a.p/random-util.c.o
[2 85/433 9.259s] Compiling C object src/basic/libbasic.a.p/ratelimit.c.o
[2 86/433 9.535s] Compiling C object src/basic/libbasic.a.p/process-util.c.o
[2 87/433 9.558s] Compiling C object src/basic/libbasic.a.p/recurse-dir.c.o
[2 88/433 9.618s] Compiling C object src/basic/libbasic.a.p/replace-var.c.o
[2 89/433 9.751s] Compiling C object src/basic/libbasic.a.p/sigbus.c.o
[2 90/433 9.808s] Compiling C object src/basic/libbasic.a.p/rlimit-util.c.o
[2 91/433 9.916s] Compiling C object src/basic/libbasic.a.p/siphash24.c.o
[2 92/433 9.975s] Compiling C object src/basic/libbasic.a.p/signal-util.c.o
[2 93/433 10.041s] Compiling C object src/basic/libbasic.a.p/sort-util.c.o
[2 94/433 10.390s] Compiling C object src/basic/libbasic.a.p/stat-util.c.o
[2 95/433 10.526s] Compiling C object src/basic/libbasic.a.p/strbuf.c.o
[2 96/433 10.591s] Compiling C object src/basic/libbasic.a.p/string-table.c.o
[2 97/433 10.693s] Compiling C object src/basic/libbasic.a.p/socket-util.c.o
In file included from ../src/basic/socket-util.c:16:
../src/basic/linux/if.h:135: warning: "IFF_VOLATILE" redefined
  135 | #define IFF_VOLATILE    (IFF_LOOPBACK|IFF_POINTOPOINT|IFF_BROADCAST|IFF_ECHO|\
      | 
In file included from ../src/basic/socket-util.c:6:
/usr/include/net/if.h:48: note: this is the location of the previous definition
   48 | #define IFF_VOLATILE (IFF_LOOPBACK|IFF_POINTOPOINT|IFF_BROADCAST| \
      | 
[2 98/433 11.232s] Compiling C object src/basic/libbasic.a.p/string-util.c.o
[2 99/433 11.271s] Compiling C object src/basic/libbasic.a.p/strv.c.o
[2 100/433 11.352s] Compiling C object src/basic/libbasic.a.p/strxcpyx.c.o
[2 101/433 11.425s] Compiling C object src/basic/libbasic.a.p/sync-util.c.o
[2 102/433 11.557s] Compiling C object src/basic/libbasic.a.p/sysctl-util.c.o
[2 103/433 11.570s] Compiling C object src/basic/libbasic.a.p/syslog-util.c.o
[2 104/433 12.357s] Compiling C object src/basic/libbasic.a.p/terminal-util.c.o
[2 105/433 12.370s] Compiling C object src/basic/libbasic.a.p/time-util.c.o
[2 106/433 12.572s] Compiling C object src/basic/libbasic.a.p/uid-range.c.o
[2 107/433 12.648s] Compiling C object src/basic/libbasic.a.p/tmpfile-util.c.o
[2 108/433 12.789s] Compiling C object src/basic/libbasic.a.p/unit-def.c.o
[2 109/433 13.171s] Compiling C object src/basic/libbasic.a.p/unit-file.c.o
[2 110/433 13.257s] Compiling C object src/basic/libbasic.a.p/unit-name.c.o
[2 111/433 13.554s] Compiling C object src/basic/libbasic.a.p/utf8.c.o
[2 112/433 13.713s] Compiling C object src/basic/libbasic.a.p/user-util.c.o
[2 113/433 13.941s] Compiling C object src/basic/libbasic.a.p/xattr-util.c.o
[2 114/433 14.026s] Compiling C object src/basic/libbasic.a.p/virt.c.o
[2 115/433 14.032s] Compiling C object src/basic/libbasic.a.p/parse-printf-format.c.o
[2 116/433 14.083s] Compiling C object src/basic/libbasic.a.p/.._fundamental_efivars-fundamental.c.o
[2 117/433 14.084s] Compiling C object src/basic/libbasic.a.p/.._fundamental_bootspec-fundamental.c.o
[2 118/433 14.212s] Compiling C object src/basic/libbasic.a.p/.._fundamental_sha256.c.o
[2 119/433 14.227s] Compiling C object src/basic/libbasic.a.p/.._fundamental_string-util-fundamental.c.o
[2 120/433 14.231s] Linking static target src/basic/libbasic-gcrypt.a
[2 121/433 14.232s] Compiling C object src/basic/libbasic.a.p/.._fundamental_tpm-pcr.c.o
[2 122/433 14.270s] Linking static target src/basic/libbasic.a
[2 123/433 14.384s] Compiling C object src/basic/libbasic-compress.a.p/compress.c.o
[2 124/433 14.388s] Linking static target src/basic/libbasic-compress.a
[2 125/433 14.398s] Generating src/libsystemd/audit_type-list.txt with a custom command (wrapped by meson to capture output)
[2 126/433 14.485s] Generating src/libsystemd/audit_type-to-name.h with a custom command (wrapped by meson to capture output)
[2 127/433 14.497s] Generating src/shared/ip-protocol-list.txt with a custom command (wrapped by meson to capture output)
[2 128/433 14.550s] Compiling C object src/libsystemd/libsystemd_static.a.p/sd-bus_bus-common-errors.c.o
[2 129/433 14.674s] Compiling C object src/libsystemd/libsystemd_static.a.p/sd-bus_bus-container.c.o
[2 130/433 15.102s] Compiling C object src/libsystemd/libsystemd_static.a.p/sd-bus_bus-control.c.o
[2 131/433 15.306s] Compiling C object src/libsystemd/libsystemd_static.a.p/sd-bus_bus-convenience.c.o
[2 132/433 15.836s] Compiling C object src/libsystemd/libsystemd_static.a.p/sd-bus_bus-dump.c.o
[2 133/433 15.989s] Compiling C object src/libsystemd/libsystemd_static.a.p/sd-bus_bus-creds.c.o
[2 134/433 16.151s] Compiling C object src/libsystemd/libsystemd_static.a.p/sd-bus_bus-error.c.o
../src/libsystemd/sd-bus/bus-error.c: In function ‘bus_error_strerror’:
../src/libsystemd/sd-bus/bus-error.c:455:37: warning: pointer ‘x’ may be used after ‘free’ [-Wuse-after-free]
  455 |                                 t = strdup(x);
      |                                     ^~~~~~~~~
../src/libsystemd/sd-bus/bus-error.c:449:25: note: call to ‘free’ here
  449 |                         free(m);
      |                         ^~~~~~~
../src/libsystemd/sd-bus/bus-error.c:463:44: warning: pointer ‘x’ may be used after ‘free’ [-Wuse-after-free]
  463 |                                 e->message = x;
      |                                 ~~~~~~~~~~~^~~
../src/libsystemd/sd-bus/bus-error.c:449:25: note: call to ‘free’ here
  449 |                         free(m);
      |                         ^~~~~~~
[2 135/433 16.262s] Compiling C object src/libsystemd/libsystemd_static.a.p/sd-bus_bus-internal.c.o
[2 136/433 16.361s] Compiling C object src/libsystemd/libsystemd_static.a.p/sd-bus_bus-introspect.c.o
[2 137/433 16.396s] Compiling C object src/libsystemd/libsystemd_static.a.p/sd-bus_bus-kernel.c.o
[2 138/433 16.852s] Compiling C object src/libsystemd/libsystemd_static.a.p/sd-bus_bus-match.c.o
[2 139/433 18.281s] Compiling C object src/libsystemd/libsystemd_static.a.p/sd-bus_bus-objects.c.o
[2 140/433 18.398s] Compiling C object src/libsystemd/libsystemd_static.a.p/sd-bus_bus-signature.c.o
[2 141/433 18.559s] Compiling C object src/libsystemd/libsystemd_static.a.p/sd-bus_bus-message.c.o
[2 142/433 18.658s] Compiling C object src/libsystemd/libsystemd_static.a.p/sd-bus_bus-slot.c.o
[2 143/433 19.009s] Compiling C object src/libsystemd/libsystemd_static.a.p/sd-bus_bus-track.c.o
[2 144/433 19.148s] Compiling C object src/libsystemd/libsystemd_static.a.p/sd-bus_bus-type.c.o
[2 145/433 19.291s] Compiling C object src/libsystemd/libsystemd_static.a.p/sd-bus_bus-socket.c.o
[2 146/433 20.029s] Compiling C object src/libsystemd/libsystemd_static.a.p/sd-device_device-enumerator.c.o
[2 147/433 20.162s] Compiling C object src/libsystemd/libsystemd_static.a.p/sd-device_device-filter.c.o
[2 148/433 20.806s] Compiling C object src/libsystemd/libsystemd_static.a.p/sd-device_device-monitor.c.o
[2 149/433 21.434s] Compiling C object src/libsystemd/libsystemd_static.a.p/sd-device_device-private.c.o
[2 150/433 21.526s] Compiling C object src/libsystemd/libsystemd_static.a.p/sd-bus_sd-bus.c.o
[2 151/433 21.618s] Compiling C object src/libsystemd/libsystemd_static.a.p/sd-device_device-util.c.o
[2 152/433 21.936s] Compiling C object src/libsystemd/libsystemd_static.a.p/sd-hwdb_sd-hwdb.c.o
[2 153/433 22.205s] Compiling C object src/libsystemd/libsystemd_static.a.p/sd-netlink_netlink-genl.c.o
[2 154/433 22.489s] Compiling C object src/libsystemd/libsystemd_static.a.p/sd-netlink_netlink-message-nfnl.c.o
[2 155/433 23.123s] Compiling C object src/libsystemd/libsystemd_static.a.p/sd-device_sd-device.c.o
[2 156/433 23.371s] Compiling C object src/libsystemd/libsystemd_static.a.p/sd-netlink_netlink-message-rtnl.c.o
[2 157/433 23.559s] Compiling C object src/libsystemd/libsystemd_static.a.p/sd-netlink_netlink-slot.c.o
[2 158/433 23.875s] Compiling C object src/libsystemd/libsystemd_static.a.p/sd-netlink_netlink-socket.c.o
[2 159/433 23.956s] Compiling C object src/libsystemd/libsystemd_static.a.p/sd-netlink_netlink-types-genl.c.o
[2 160/433 24.004s] Compiling C object src/libsystemd/libsystemd_static.a.p/sd-netlink_netlink-message.c.o
[2 161/433 24.029s] Compiling C object src/libsystemd/libsystemd_static.a.p/sd-netlink_netlink-types-nfnl.c.o
[2 162/433 24.141s] Compiling C object src/libsystemd/libsystemd_static.a.p/sd-netlink_netlink-types-rtnl.c.o
[2 163/433 24.179s] Compiling C object src/libsystemd/libsystemd_static.a.p/sd-netlink_netlink-types.c.o
[2 164/433 24.581s] Compiling C object src/libsystemd/libsystemd_static.a.p/sd-netlink_netlink-util.c.o
[2 165/433 24.689s] Compiling C object src/libsystemd/libsystemd_static.a.p/sd-netlink_sd-netlink.c.o
[2 166/433 24.732s] Compiling C object src/libsystemd/libsystemd_static.a.p/sd-network_network-util.c.o
[2 167/433 25.021s] Compiling C object src/libsystemd/libsystemd_static.a.p/sd-path_sd-path.c.o
[2 168/433 25.077s] Compiling C object src/libsystemd/libsystemd_static.a.p/sd-network_sd-network.c.o
[2 169/433 25.161s] Compiling C object src/libsystemd/libsystemd_static.a.p/sd-journal_audit-type.c.o
[2 170/433 25.663s] Compiling C object src/libsystemd/libsystemd_static.a.p/sd-journal_catalog.c.o
[2 171/433 25.675s] Compiling C object src/libsystemd/libsystemd_static.a.p/sd-resolve_sd-resolve.c.o
[2 172/433 26.118s] Compiling C object src/libsystemd/libsystemd_static.a.p/sd-journal_journal-send.c.o
[2 173/433 26.391s] Compiling C object src/libsystemd/libsystemd_static.a.p/sd-journal_journal-vacuum.c.o
[2 174/433 27.203s] Compiling C object src/libsystemd/libsystemd_static.a.p/sd-journal_journal-verify.c.o
[2 175/433 27.457s] Compiling C object src/libsystemd/libsystemd_static.a.p/sd-journal_journal-file.c.o
[2 176/433 27.481s] Compiling C object src/libsystemd/libsystemd_static.a.p/sd-journal_lookup3.c.o
[2 177/433 27.737s] Compiling C object src/libsystemd/libsystemd_static.a.p/sd-journal_mmap-cache.c.o
[2 178/433 27.896s] Compiling C object src/libsystemd/libsystemd_static.a.p/sd-id128_id128-util.c.o
[2 179/433 28.144s] Compiling C object src/libsystemd/libsystemd_static.a.p/sd-id128_sd-id128.c.o
[2 180/433 28.603s] Compiling C object src/libsystemd/libsystemd_static.a.p/sd-daemon_sd-daemon.c.o
[2 181/433 28.768s] Compiling C object src/libsystemd/libsystemd_static.a.p/sd-event_event-util.c.o
[2 182/433 29.262s] Compiling C object src/libsystemd/libsystemd_static.a.p/sd-journal_sd-journal.c.o
[2 183/433 30.081s] Compiling C object src/libsystemd/libsystemd_static.a.p/sd-login_sd-login.c.o
[2 184/433 30.194s] Generating src/shared/ip-protocol-from-name.gperf with a custom command (wrapped by meson to capture output)
[2 185/433 30.291s] Generating src/shared/ip-protocol-from-name.h with a custom command (wrapped by meson to capture output)
[2 186/433 30.380s] Generating src/shared/ip-protocol-to-name.h with a custom command (wrapped by meson to capture output)
[2 187/433 30.729s] Compiling C object src/shared/libsystemd-shared-253.a.p/acl-util.c.o
[2 188/433 30.833s] Compiling C object src/shared/libsystemd-shared-253.a.p/acpi-fpdt.c.o
[2 189/433 30.894s] Compiling C object src/shared/libsystemd-shared-253.a.p/apparmor-util.c.o
[2 190/433 31.122s] Compiling C object src/libsystemd/libsystemd_static.a.p/sd-event_sd-event.c.o
[2 191/433 31.149s] Linking static target src/libsystemd/libsystemd_static.a
[2 192/433 31.299s] Compiling C object src/shared/libsystemd-shared-253.a.p/barrier.c.o
[2 193/433 31.447s] Compiling C object src/shared/libsystemd-shared-253.a.p/base-filesystem.c.o
[2 194/433 31.494s] Compiling C object src/shared/libsystemd-shared-253.a.p/ask-password-api.c.o
[2 195/433 31.550s] Compiling C object src/shared/libsystemd-shared-253.a.p/binfmt-util.c.o
[2 196/433 31.649s] Compiling C object src/shared/libsystemd-shared-253.a.p/bitmap.c.o
[2 197/433 31.760s] Compiling C object src/shared/libsystemd-shared-253.a.p/bond-util.c.o
[2 198/433 31.821s] Compiling C object src/shared/libsystemd-shared-253.a.p/boot-timestamps.c.o
[2 199/433 32.003s] Compiling C object src/shared/libsystemd-shared-253.a.p/blockdev-util.c.o
[2 200/433 32.074s] Compiling C object src/shared/libsystemd-shared-253.a.p/bpf-dlopen.c.o
[2 201/433 32.392s] Compiling C object src/shared/libsystemd-shared-253.a.p/bpf-program.c.o
[2 202/433 32.468s] Compiling C object src/shared/libsystemd-shared-253.a.p/bridge-util.c.o
[2 203/433 32.840s] Compiling C object src/shared/libsystemd-shared-253.a.p/bootspec.c.o
[2 204/433 32.962s] Compiling C object src/shared/libsystemd-shared-253.a.p/bus-get-properties.c.o
[2 205/433 33.070s] Compiling C object src/shared/libsystemd-shared-253.a.p/bus-locator.c.o
[2 206/433 33.180s] Compiling C object src/shared/libsystemd-shared-253.a.p/bus-log-control-api.c.o
[2 207/433 33.320s] Compiling C object src/shared/libsystemd-shared-253.a.p/btrfs-util.c.o
[2 208/433 33.335s] Compiling C object src/shared/libsystemd-shared-253.a.p/bus-map-properties.c.o
[2 209/433 33.484s] Compiling C object src/shared/libsystemd-shared-253.a.p/bus-message-util.c.o
[2 210/433 33.527s] Compiling C object src/shared/libsystemd-shared-253.a.p/bus-object.c.o
[2 211/433 33.614s] Compiling C object src/shared/libsystemd-shared-253.a.p/bus-polkit.c.o
[2 212/433 33.824s] Compiling C object src/shared/libsystemd-shared-253.a.p/bus-print-properties.c.o
[2 213/433 33.910s] Compiling C object src/shared/libsystemd-shared-253.a.p/bus-unit-procs.c.o
[2 214/433 34.263s] Compiling C object src/shared/libsystemd-shared-253.a.p/bus-util.c.o
[2 215/433 34.560s] Compiling C object src/shared/libsystemd-shared-253.a.p/bus-wait-for-jobs.c.o
[2 216/433 34.808s] Compiling C object src/shared/libsystemd-shared-253.a.p/bus-wait-for-units.c.o
[2 217/433 35.501s] Compiling C object src/shared/libsystemd-shared-253.a.p/calendarspec.c.o
[2 218/433 36.050s] Compiling C object src/shared/libsystemd-shared-253.a.p/cgroup-setup.c.o
[2 219/433 36.335s] Compiling C object src/shared/libsystemd-shared-253.a.p/bus-unit-util.c.o
[2 220/433 36.471s] Compiling C object src/shared/libsystemd-shared-253.a.p/cgroup-show.c.o
[2 221/433 36.503s] Compiling C object src/shared/libsystemd-shared-253.a.p/chown-recursive.c.o
[2 222/433 36.643s] Compiling C object src/shared/libsystemd-shared-253.a.p/clock-util.c.o
[2 223/433 36.738s] Compiling C object src/shared/libsystemd-shared-253.a.p/compare-operator.c.o
[2 224/433 36.821s] Compiling C object src/shared/libsystemd-shared-253.a.p/clean-ipc.c.o
[2 225/433 37.569s] Compiling C object src/shared/libsystemd-shared-253.a.p/condition.c.o
[2 226/433 37.802s] Compiling C object src/shared/libsystemd-shared-253.a.p/conf-parser.c.o
[2 227/433 37.913s] Compiling C object src/shared/libsystemd-shared-253.a.p/coredump-util.c.o
[2 228/433 38.183s] Compiling C object src/shared/libsystemd-shared-253.a.p/cpu-set-util.c.o
[2 229/433 38.273s] Compiling C object src/shared/libsystemd-shared-253.a.p/copy.c.o
[2 230/433 38.370s] Compiling C object src/shared/libsystemd-shared-253.a.p/cryptsetup-util.c.o
[2 231/433 38.393s] Compiling C object src/shared/libsystemd-shared-253.a.p/creds-util.c.o
[2 232/433 38.472s] Compiling C object src/shared/libsystemd-shared-253.a.p/daemon-util.c.o
[2 233/433 38.598s] Compiling C object src/shared/libsystemd-shared-253.a.p/dev-setup.c.o
[2 234/433 38.602s] Compiling C object src/shared/libsystemd-shared-253.a.p/data-fd-util.c.o
[2 235/433 38.688s] Compiling C object src/shared/libsystemd-shared-253.a.p/device-nodes.c.o
[2 236/433 39.378s] Compiling C object src/shared/libsystemd-shared-253.a.p/discover-image.c.o
[2 237/433 39.458s] Compiling C object src/shared/libsystemd-shared-253.a.p/dlfcn-util.c.o
[2 238/433 39.529s] Compiling C object src/shared/libsystemd-shared-253.a.p/dm-util.c.o
[2 239/433 40.124s] Compiling C object src/shared/libsystemd-shared-253.a.p/dns-domain.c.o
[2 240/433 40.317s] Compiling C object src/shared/libsystemd-shared-253.a.p/dissect-image.c.o
[2 241/433 40.337s] Compiling C object src/shared/libsystemd-shared-253.a.p/dropin.c.o
[2 242/433 40.383s] Compiling C object src/shared/libsystemd-shared-253.a.p/efi-api.c.o
[2 243/433 40.398s] Compiling C object src/shared/libsystemd-shared-253.a.p/elf-util.c.o
[2 244/433 40.417s] Compiling C object src/shared/libsystemd-shared-253.a.p/efi-loader.c.o
[2 245/433 40.477s] Compiling C object src/shared/libsystemd-shared-253.a.p/env-file-label.c.o
[2 246/433 40.480s] Compiling C object src/shared/libsystemd-shared-253.a.p/enable-mempool.c.o
[2 247/433 40.891s] Compiling C object src/shared/libsystemd-shared-253.a.p/exec-util.c.o
[2 248/433 41.020s] Compiling C object src/shared/libsystemd-shared-253.a.p/exit-status.c.o
[2 249/433 41.172s] Compiling C object src/shared/libsystemd-shared-253.a.p/extension-release.c.o
[2 250/433 41.234s] Compiling C object src/shared/libsystemd-shared-253.a.p/ethtool-util.c.o
In file included from ../src/basic/linux/netdevice.h:29,
                 from ../src/shared/ethtool-util.c:6:
../src/basic/linux/if.h:135: warning: "IFF_VOLATILE" redefined
  135 | #define IFF_VOLATILE    (IFF_LOOPBACK|IFF_POINTOPOINT|IFF_BROADCAST|IFF_ECHO|\
      | 
In file included from ../src/shared/ethtool-util.c:3:
/usr/include/net/if.h:48: note: this is the location of the previous definition
   48 | #define IFF_VOLATILE (IFF_LOOPBACK|IFF_POINTOPOINT|IFF_BROADCAST| \
      | 
../src/basic/linux/netdevice.h:35: warning: "MAX_ADDR_LEN" redefined
   35 | #define MAX_ADDR_LEN    32              /* Largest hardware address length */
      | 
In file included from /usr/include/netinet/if_ether.h:122,
                 from ../src/shared/linux/ethtool.h:19,
                 from ../src/shared/ethtool-util.c:5:
/usr/include/net/if_arp.h:12: note: this is the location of the previous definition
   12 | #define MAX_ADDR_LEN    7
      | 
[2 251/433 41.299s] Compiling C object src/shared/libsystemd-shared-253.a.p/fileio-label.c.o
[2 252/433 41.378s] Compiling C object src/shared/libsystemd-shared-253.a.p/fdset.c.o
[2 253/433 41.762s] Compiling C object src/shared/libsystemd-shared-253.a.p/firewall-util-nft.c.o
[2 254/433 41.872s] Compiling C object src/shared/libsystemd-shared-253.a.p/firewall-util.c.o
[2 255/433 42.062s] Compiling C object src/shared/libsystemd-shared-253.a.p/find-esp.c.o
[2 256/433 42.289s] Compiling C object src/shared/libsystemd-shared-253.a.p/fstab-util.c.o
[2 257/433 42.869s] Compiling C object src/shared/libsystemd-shared-253.a.p/generator.c.o
[2 258/433 42.945s] Compiling C object src/shared/libsystemd-shared-253.a.p/geneve-util.c.o
[2 259/433 43.137s] Compiling C object src/shared/libsystemd-shared-253.a.p/gpt.c.o
[2 260/433 43.201s] Compiling C object src/shared/libsystemd-shared-253.a.p/format-table.c.o
[2 261/433 43.363s] Compiling C object src/shared/libsystemd-shared-253.a.p/group-record.c.o
[2 262/433 43.384s] Compiling C object src/shared/libsystemd-shared-253.a.p/hostname-setup.c.o
[2 263/433 43.496s] Compiling C object src/shared/libsystemd-shared-253.a.p/id128-print.c.o
[2 264/433 43.535s] Compiling C object src/shared/libsystemd-shared-253.a.p/idn-util.c.o
[2 265/433 43.566s] Compiling C object src/shared/libsystemd-shared-253.a.p/ima-util.c.o
[2 266/433 43.751s] Compiling C object src/shared/libsystemd-shared-253.a.p/import-util.c.o
[2 267/433 43.815s] Compiling C object src/shared/libsystemd-shared-253.a.p/hwdb-util.c.o
[2 268/433 43.973s] Compiling C object src/shared/libsystemd-shared-253.a.p/in-addr-prefix-util.c.o
[2 269/433 43.995s] Compiling C object src/shared/libsystemd-shared-253.a.p/install-file.c.o
[2 270/433 44.118s] Compiling C object src/shared/libsystemd-shared-253.a.p/install-printf.c.o
[2 271/433 44.227s] Compiling C object src/shared/libsystemd-shared-253.a.p/ip-protocol-list.c.o
[2 272/433 44.306s] Compiling C object src/shared/libsystemd-shared-253.a.p/ipvlan-util.c.o
[2 273/433 44.604s] Compiling C object src/shared/libsystemd-shared-253.a.p/journal-importer.c.o
[2 274/433 44.772s] Compiling C object src/shared/libsystemd-shared-253.a.p/journal-util.c.o
[2 275/433 45.924s] Compiling C object src/shared/libsystemd-shared-253.a.p/install.c.o
[2 276/433 46.075s] Compiling C object src/shared/libsystemd-shared-253.a.p/kbd-util.c.o
[2 277/433 46.163s] Compiling C object src/shared/libsystemd-shared-253.a.p/keyring-util.c.o
[2 278/433 46.386s] Compiling C object src/shared/libsystemd-shared-253.a.p/killall.c.o
[2 279/433 46.513s] Compiling C object src/shared/libsystemd-shared-253.a.p/label.c.o
[2 280/433 46.651s] Compiling C object src/shared/libsystemd-shared-253.a.p/libcrypt-util.c.o
[2 281/433 46.719s] Compiling C object src/shared/libsystemd-shared-253.a.p/libfido2-util.c.o
[2 282/433 46.799s] Compiling C object src/shared/libsystemd-shared-253.a.p/libmount-util.c.o
[2 283/433 47.099s] Compiling C object src/shared/libsystemd-shared-253.a.p/json.c.o
[2 284/433 47.117s] Compiling C object src/shared/libsystemd-shared-253.a.p/local-addresses.c.o
[2 285/433 47.250s] Compiling C object src/shared/libsystemd-shared-253.a.p/lockfile-util.c.o
[2 286/433 47.347s] Compiling C object src/shared/libsystemd-shared-253.a.p/locale-setup.c.o
[2 287/433 47.898s] Compiling C object src/shared/libsystemd-shared-253.a.p/loop-util.c.o
[2 288/433 48.085s] Compiling C object src/shared/libsystemd-shared-253.a.p/loopback-setup.c.o
[2 289/433 48.359s] Compiling C object src/shared/libsystemd-shared-253.a.p/logs-show.c.o
[2 290/433 48.398s] Compiling C object src/shared/libsystemd-shared-253.a.p/machine-id-setup.c.o
[2 291/433 48.463s] Compiling C object src/shared/libsystemd-shared-253.a.p/machine-pool.c.o
[2 292/433 48.474s] Compiling C object src/shared/libsystemd-shared-253.a.p/macvlan-util.c.o
[2 293/433 48.540s] Compiling C object src/shared/libsystemd-shared-253.a.p/mkdir-label.c.o
[2 294/433 48.795s] Compiling C object src/shared/libsystemd-shared-253.a.p/mount-setup.c.o
[2 295/433 48.939s] Compiling C object src/shared/libsystemd-shared-253.a.p/mkfs-util.c.o
[2 296/433 49.226s] Compiling C object src/shared/libsystemd-shared-253.a.p/net-condition.c.o
[2 297/433 49.329s] Compiling C object src/shared/libsystemd-shared-253.a.p/netif-naming-scheme.c.o
[2 298/433 49.575s] Compiling C object src/shared/libsystemd-shared-253.a.p/mount-util.c.o
[2 299/433 49.726s] Compiling C object src/shared/libsystemd-shared-253.a.p/netif-sriov.c.o
[2 300/433 49.785s] Compiling C object src/shared/libsystemd-shared-253.a.p/netif-util.c.o
[2 301/433 49.823s] Compiling C object src/shared/libsystemd-shared-253.a.p/nsflags.c.o
[2 302/433 49.978s] Compiling C object src/shared/libsystemd-shared-253.a.p/open-file.c.o
[2 303/433 49.983s] Compiling C object src/shared/libsystemd-shared-253.a.p/numa-util.c.o
[2 304/433 50.036s] Compiling C object src/shared/libsystemd-shared-253.a.p/openssl-util.c.o
[2 305/433 50.065s] Compiling C object src/shared/libsystemd-shared-253.a.p/output-mode.c.o
[2 306/433 50.215s] Compiling C object src/shared/libsystemd-shared-253.a.p/parse-argument.c.o
[2 307/433 50.328s] Compiling C object src/shared/libsystemd-shared-253.a.p/pager.c.o
[2 308/433 50.359s] Compiling C object src/shared/libsystemd-shared-253.a.p/parse-helpers.c.o
[2 309/433 50.404s] Compiling C object src/shared/libsystemd-shared-253.a.p/pcre2-util.c.o
[2 310/433 50.462s] Compiling C object src/shared/libsystemd-shared-253.a.p/pkcs11-util.c.o
[2 311/433 50.597s] Compiling C object src/shared/libsystemd-shared-253.a.p/psi-util.c.o
[2 312/433 50.699s] Compiling C object src/shared/libsystemd-shared-253.a.p/pretty-print.c.o
[2 313/433 50.764s] Compiling C object src/shared/libsystemd-shared-253.a.p/pwquality-util.c.o
[2 314/433 50.784s] Compiling C object src/shared/libsystemd-shared-253.a.p/qrcode-util.c.o
[2 315/433 50.867s] Compiling C object src/shared/libsystemd-shared-253.a.p/quota-util.c.o
[2 316/433 50.945s] Compiling C object src/shared/libsystemd-shared-253.a.p/ptyfwd.c.o
[2 317/433 51.035s] Compiling C object src/shared/libsystemd-shared-253.a.p/reboot-util.c.o
[2 318/433 51.072s] Compiling C object src/shared/libsystemd-shared-253.a.p/recovery-key.c.o
[2 319/433 51.177s] Compiling C object src/shared/libsystemd-shared-253.a.p/resize-fs.c.o
[2 320/433 51.227s] Compiling C object src/shared/libsystemd-shared-253.a.p/resolve-util.c.o
[2 321/433 51.323s] Compiling C object src/shared/libsystemd-shared-253.a.p/securebits-util.c.o
[2 322/433 51.443s] Compiling C object src/shared/libsystemd-shared-253.a.p/selinux-util.c.o
[2 323/433 51.497s] Compiling C object src/shared/libsystemd-shared-253.a.p/rm-rf.c.o
[2 324/433 51.590s] Compiling C object src/shared/libsystemd-shared-253.a.p/service-util.c.o
[2 325/433 51.644s] Compiling C object src/shared/libsystemd-shared-253.a.p/serialize.c.o
[2 326/433 51.749s] Compiling C object src/shared/libsystemd-shared-253.a.p/smack-util.c.o
[2 327/433 51.891s] Compiling C object src/shared/libsystemd-shared-253.a.p/socket-label.c.o
[2 328/433 52.135s] Compiling C object src/shared/libsystemd-shared-253.a.p/socket-netlink.c.o
[2 329/433 52.245s] Compiling C object src/shared/libsystemd-shared-253.a.p/spawn-ask-password-agent.c.o
[2 330/433 52.338s] Compiling C object src/shared/libsystemd-shared-253.a.p/spawn-polkit-agent.c.o
[2 331/433 52.433s] Compiling C object src/shared/libsystemd-shared-253.a.p/sleep-config.c.o
[2 332/433 52.622s] Compiling C object src/shared/libsystemd-shared-253.a.p/switch-root.c.o
[2 333/433 52.658s] Compiling C object src/shared/libsystemd-shared-253.a.p/specifier.c.o
[2 334/433 52.674s] Compiling C object src/shared/libsystemd-shared-253.a.p/tmpfile-util-label.c.o
[2 335/433 52.689s] Compiling C object src/shared/libsystemd-shared-253.a.p/tomoyo-util.c.o
[2 336/433 53.094s] Compiling C object src/shared/libsystemd-shared-253.a.p/tpm2-util.c.o
[2 337/433 53.177s] Compiling C object src/shared/libsystemd-shared-253.a.p/uid-alloc-range.c.o
[2 338/433 53.232s] Compiling C object src/shared/libsystemd-shared-253.a.p/udev-util.c.o
[2 339/433 53.511s] Compiling C object src/shared/libsystemd-shared-253.a.p/user-record-nss.c.o
../src/shared/user-record-nss.c: In function ‘nss_sgrp_for_group’:
../src/shared/user-record-nss.c:389:13: warning: unused variable ‘r’ [-Wunused-variable]
  389 |         int r;
      |             ^
../src/shared/user-record-nss.c:388:16: warning: unused variable ‘buflen’ [-Wunused-variable]
  388 |         size_t buflen = 4096;
      |                ^~~~~~
[2 340/433 53.690s] Compiling C object src/shared/libsystemd-shared-253.a.p/user-record-show.c.o
[2 341/433 53.955s] Compiling C object src/shared/libsystemd-shared-253.a.p/userdb-dropin.c.o
[2 342/433 54.764s] Compiling C object src/shared/libsystemd-shared-253.a.p/userdb.c.o
[2 343/433 54.956s] Compiling C object src/shared/libsystemd-shared-253.a.p/user-record.c.o
[2 344/433 55.074s] Compiling C object src/shared/libsystemd-shared-253.a.p/verb-log-control.c.o
[2 345/433 55.209s] Compiling C object src/shared/libsystemd-shared-253.a.p/verbs.c.o
[2 346/433 55.308s] Compiling C object src/shared/libsystemd-shared-253.a.p/vlan-util.c.o
[2 347/433 55.384s] Compiling C object src/shared/libsystemd-shared-253.a.p/volatile-util.c.o
[2 348/433 55.722s] Compiling C object src/shared/libsystemd-shared-253.a.p/watchdog.c.o
[2 349/433 55.835s] Compiling C object src/shared/libsystemd-shared-253.a.p/web-util.c.o
[2 350/433 56.035s] Compiling C object src/shared/libsystemd-shared-253.a.p/wifi-util.c.o
[2 351/433 56.152s] Compiling C object src/shared/libsystemd-shared-253.a.p/xml.c.o
[2 352/433 56.355s] Compiling C object src/shared/libsystemd-shared-253.a.p/devnode-acl.c.o
[2 353/433 56.374s] Compiling C object src/shared/libsystemd-shared-253.a.p/varlink.c.o
[2 354/433 56.489s] Generating src/udev/keyboard-keys-list.txt with a custom command (wrapped by meson to capture output)
[2 355/433 56.501s] Compiling C object src/shared/libsystemd-shared-253.a.p/module-util.c.o
[2 356/433 56.558s] Linking static target src/shared/libsystemd-shared-253.a
[2 357/433 56.570s] Generating src/udev/link-config-gperf.c with a custom command
[2 358/433 56.583s] Generating src/udev/keyboard-keys-from-name.gperf with a custom command (wrapped by meson to capture output)
[2 359/433 56.813s] Compiling C object src/udev/ata_id.p/ata_id_ata_id.c.o
[2 360/433 56.877s] Linking target src/udev/ata_id
[2 361/433 57.007s] Generating src/udev/keyboard-keys-from-name.h with a custom command (wrapped by meson to capture output)
[2 362/433 57.140s] Compiling C object src/udev/libudev-core.a.p/meson-generated_.._link-config-gperf.c.o
[2 363/433 57.405s] Compiling C object src/udev/cdrom_id.p/cdrom_id_cdrom_id.c.o
[2 364/433 57.417s] Compiling C object src/udev/libudev-core.a.p/udev-ctrl.c.o
[2 365/433 58.033s] Compiling C object src/udev/libudev-core.a.p/udev-node.c.o
[2 366/433 58.341s] Compiling C object src/udev/libudev-core.a.p/udev-event.c.o
[2 367/433 58.636s] Compiling C object src/udev/libudev-core.a.p/udev-watch.c.o
[2 368/433 58.806s] Compiling C object src/udev/libudev-core.a.p/udev-builtin.c.o
[2 369/433 58.929s] Compiling C object src/udev/libudev-core.a.p/udev-builtin-btrfs.c.o
[2 370/433 59.130s] Compiling C object src/udev/libudev-core.a.p/udev-builtin-hwdb.c.o
[2 371/433 59.503s] Compiling C object src/udev/libudev-core.a.p/udev-builtin-input_id.c.o
[2 372/433 59.922s] Compiling C object src/udev/libudev-core.a.p/udev-builtin-keyboard.c.o
[2 373/433 60.661s] Compiling C object src/udev/libudev-core.a.p/udev-rules.c.o
[2 374/433 60.855s] Compiling C object src/udev/libudev-core.a.p/udev-builtin-net_setup_link.c.o
[2 375/433 60.925s] Compiling C object src/udev/libudev-core.a.p/udev-builtin-net_id.c.o
In file included from ../src/udev/udev-builtin-net_id.c:20:
../src/basic/linux/if.h:135: warning: "IFF_VOLATILE" redefined
  135 | #define IFF_VOLATILE    (IFF_LOOPBACK|IFF_POINTOPOINT|IFF_BROADCAST|IFF_ECHO|\
      | 
In file included from ../src/udev/udev-builtin-net_id.c:17:
/usr/include/net/if.h:48: note: this is the location of the previous definition
   48 | #define IFF_VOLATILE (IFF_LOOPBACK|IFF_POINTOPOINT|IFF_BROADCAST| \
      | 
[2 376/433 61.262s] Compiling C object src/udev/libudev-core.a.p/udev-builtin-usb_id.c.o
[2 377/433 61.320s] Compiling C object src/udev/libudev-core.a.p/udev-builtin-path_id.c.o
[2 378/433 61.465s] Compiling C object src/udev/libudev-core.a.p/udev-builtin-kmod.c.o
[2 379/433 61.731s] Compiling C object src/udev/libudev-core.a.p/udev-builtin-blkid.c.o
[2 380/433 61.838s] Compiling C object src/udev/libudev-core.a.p/udev-builtin-uaccess.c.o
[2 381/433 61.910s] Linking target src/udev/cdrom_id
[2 382/433 62.082s] Compiling C object src/udev/fido_id.p/fido_id_fido_id.c.o
[2 383/433 62.135s] Compiling C object src/udev/libudev-core.a.p/net_link-config.c.o
[2 384/433 62.138s] Compiling C object src/udev/fido_id.p/fido_id_fido_id_desc.c.o
[2 385/433 62.145s] Linking static target src/udev/libudev-core.a
[2 386/433 62.209s] Linking target src/udev/fido_id
[2 387/433 62.400s] Compiling C object src/udev/scsi_id.p/scsi_id_scsi_id.c.o
[2 388/433 62.491s] Compiling C object src/udev/v4l_id.p/v4l_id_v4l_id.c.o
[2 389/433 62.535s] Linking target src/udev/v4l_id
[2 390/433 62.605s] Compiling C object src/udev/mtd_probe.p/mtd_probe_mtd_probe.c.o
[2 391/433 62.613s] Compiling C object src/udev/scsi_id.p/scsi_id_scsi_serial.c.o
[2 392/433 62.675s] Linking target src/udev/scsi_id
[2 393/433 62.687s] Compiling C object src/udev/mtd_probe.p/mtd_probe_probe_smartmedia.c.o
[2 394/433 62.731s] Linking target src/udev/mtd_probe
[2 395/433 62.853s] Generating src/udev/udev.pc with a custom command
[2 396/433 63.043s] Compiling C object src/udev/dmi_memory_id.p/dmi_memory_id_dmi_memory_id.c.o
[2 397/433 63.110s] Linking target src/udev/dmi_memory_id
[2 398/433 63.255s] Compiling C object src/libudev/libudev-basic.a.p/libudev-device.c.o
[2 399/433 63.314s] Compiling C object src/libudev/libudev-basic.a.p/libudev-enumerate.c.o
[2 400/433 63.353s] Compiling C object src/libudev/libudev-basic.a.p/libudev-hwdb.c.o
[2 401/433 63.493s] Compiling C object src/libudev/libudev-basic.a.p/libudev-list.c.o
[2 402/433 63.510s] Compiling C object src/libudev/libudev-basic.a.p/libudev-monitor.c.o
[2 403/433 63.555s] Compiling C object src/libudev/libudev-basic.a.p/libudev-util.c.o
[2 404/433 63.626s] Compiling C object src/libudev/libudev-basic.a.p/libudev-queue.c.o
[2 405/433 63.651s] Compiling C object src/libudev/libudev-basic.a.p/libudev.c.o
[2 406/433 63.657s] Linking static target src/libudev/libudev-basic.a
[2 407/433 63.736s] Linking target libudev.so.1.7.6
[2 408/433 63.746s] Generating src/libudev/libudev.pc with a custom command
[2 409/433 63.856s] Generating rules.d/50-udev-default.rules with a custom command
[2 410/433 63.866s] Generating rules.d/64-btrfs.rules with a custom command
[2 411/433 65.410s] Compiling C object systemd-sysusers.standalone.p/src_sysusers_sysusers.c.o
[2 412/433 65.492s] Linking target systemd-sysusers.standalone
[2 413/433 65.660s] Compiling C object systemd-tmpfiles.standalone.p/src_tmpfiles_offline-passwd.c.o
[2 414/433 65.795s] Compiling C object systemd-hwdb.p/src_hwdb_hwdb.c.o
[2 415/433 65.852s] Linking target systemd-hwdb
[2 416/433 66.004s] Compiling C object udevadm.p/src_udev_udevadm.c.o
[2 417/433 66.193s] Compiling C object udevadm.p/src_udev_udevadm-control.c.o
[2 418/433 66.266s] Compiling C object udevadm.p/src_udev_udevadm-hwdb.c.o
[2 419/433 66.603s] Compiling C object systemd-tmpfiles.standalone.p/src_tmpfiles_tmpfiles.c.o
[2 420/433 66.681s] Linking target systemd-tmpfiles.standalone
[2 421/433 66.839s] Compiling C object udevadm.p/src_udev_udevadm-info.c.o
[2 422/433 67.026s] Compiling C object udevadm.p/src_udev_udevadm-monitor.c.o
[2 423/433 67.031s] Compiling C object udevadm.p/src_udev_udevadm-lock.c.o
[2 424/433 67.185s] Compiling C object udevadm.p/src_udev_udevadm-test.c.o
[2 425/433 67.249s] Compiling C object udevadm.p/src_udev_udevadm-settle.c.o
[2 426/433 67.293s] Compiling C object udevadm.p/src_udev_udevadm-test-builtin.c.o
[2 427/433 67.438s] Compiling C object udevadm.p/src_udev_udevadm-util.c.o
[2 428/433 67.687s] Compiling C object udevadm.p/src_udev_udevadm-trigger.c.o
[2 429/433 67.761s] Compiling C object udevadm.p/src_udev_udevadm-wait.c.o
[2 430/433 67.874s] Generating hwdb.d/60-autosuspend-chromiumos.hwdb with a custom command (wrapped by meson to capture output)
[2 431/433 67.994s] Generating sysusers.d/basic.conf with a custom command
[1 432/433 68.886s] Compiling C object udevadm.p/src_udev_udevd.c.o
[1 433/433 69.062s] Linking target udevadm
INFO: autodetecting backend as ninja
INFO: calculating backend command to run: /usr/bin/ninja libudev.so.1.7.6 src/libudev/libudev.pc udevadm systemd-hwdb src/udev/ata_id src/udev/cdrom_id src/udev/fido_id src/udev/mtd_probe src/udev/dmi_memory_id src/udev/scsi_id src/udev/v4l_id src/udev/udev.pc hwdb.d/60-autosuspend-chromiumos.hwdb rules.d/50-udev-default.rules rules.d/64-btrfs.rules systemd-tmpfiles.standalone systemd-sysusers.standalone sysusers.d/basic.conf
Installing libudev.so.1.7.6 to /usr/lib
Installing symlink pointing to libudev.so.1.7.6 to /usr/lib/libudev.so.1
Installing symlink pointing to libudev.so.1 to /usr/lib/libudev.so
install: creating directory '/usr/lib/systemd'
'systemd-tmpfiles.standalone' -> '/usr/bin/systemd-tmpfiles'
'systemd-sysusers.standalone' -> '/usr/bin/systemd-sysusers'
'udevadm' -> '/usr/bin/udevadm'
'systemd-hwdb' -> '/usr/bin/systemd-hwdb'
install: creating directory '/usr/lib/sysusers.d'
'sysusers.d/basic.conf' -> '/usr/lib/sysusers.d/basic.conf'
'/usr/bin/udevd' -> 'udevadm'
'/usr/bin/udev-hwdb' -> 'systemd-hwdb'
'/usr/lib/systemd/systemd-udevd' -> '../../bin/udevadm'
'/usr/bin/sysusers' -> 'systemd-sysusers'
install: creating directory '/usr/lib/udev'
'src/udev/ata_id' -> '/usr/lib/udev/ata_id'
'src/udev/cdrom_id' -> '/usr/lib/udev/cdrom_id'
'src/udev/fido_id' -> '/usr/lib/udev/fido_id'
'src/udev/mtd_probe' -> '/usr/lib/udev/mtd_probe'
'src/udev/dmi_memory_id' -> '/usr/lib/udev/dmi_memory_id'
'src/udev/scsi_id' -> '/usr/lib/udev/scsi_id'
'src/udev/v4l_id' -> '/usr/lib/udev/v4l_id'
install: creating directory '/usr/lib/udev/rules.d'
'rules.d/50-udev-default.rules' -> '/usr/lib/udev/rules.d/50-udev-default.rules'
'rules.d/64-btrfs.rules' -> '/usr/lib/udev/rules.d/64-btrfs.rules'
'/sources/systemd-stable-253.7/build-utils/../rules.d/60-autosuspend.rules' -> '/usr/lib/udev/rules.d/60-autosuspend.rules'
'/sources/systemd-stable-253.7/build-utils/../rules.d/60-block.rules' -> '/usr/lib/udev/rules.d/60-block.rules'
'/sources/systemd-stable-253.7/build-utils/../rules.d/60-cdrom_id.rules' -> '/usr/lib/udev/rules.d/60-cdrom_id.rules'
'/sources/systemd-stable-253.7/build-utils/../rules.d/60-drm.rules' -> '/usr/lib/udev/rules.d/60-drm.rules'
'/sources/systemd-stable-253.7/build-utils/../rules.d/60-evdev.rules' -> '/usr/lib/udev/rules.d/60-evdev.rules'
'/sources/systemd-stable-253.7/build-utils/../rules.d/60-fido-id.rules' -> '/usr/lib/udev/rules.d/60-fido-id.rules'
'/sources/systemd-stable-253.7/build-utils/../rules.d/60-infiniband.rules' -> '/usr/lib/udev/rules.d/60-infiniband.rules'
'/sources/systemd-stable-253.7/build-utils/../rules.d/60-input-id.rules' -> '/usr/lib/udev/rules.d/60-input-id.rules'
'/sources/systemd-stable-253.7/build-utils/../rules.d/60-persistent-alsa.rules' -> '/usr/lib/udev/rules.d/60-persistent-alsa.rules'
'/sources/systemd-stable-253.7/build-utils/../rules.d/60-persistent-input.rules' -> '/usr/lib/udev/rules.d/60-persistent-input.rules'
'/sources/systemd-stable-253.7/build-utils/../rules.d/60-persistent-storage-tape.rules' -> '/usr/lib/udev/rules.d/60-persistent-storage-tape.rules'
'/sources/systemd-stable-253.7/build-utils/../rules.d/60-persistent-storage.rules' -> '/usr/lib/udev/rules.d/60-persistent-storage.rules'
'/sources/systemd-stable-253.7/build-utils/../rules.d/60-persistent-v4l.rules' -> '/usr/lib/udev/rules.d/60-persistent-v4l.rules'
'/sources/systemd-stable-253.7/build-utils/../rules.d/60-sensor.rules' -> '/usr/lib/udev/rules.d/60-sensor.rules'
'/sources/systemd-stable-253.7/build-utils/../rules.d/60-serial.rules' -> '/usr/lib/udev/rules.d/60-serial.rules'
'/sources/systemd-stable-253.7/build-utils/../rules.d/70-camera.rules' -> '/usr/lib/udev/rules.d/70-camera.rules'
'/sources/systemd-stable-253.7/build-utils/../rules.d/70-joystick.rules' -> '/usr/lib/udev/rules.d/70-joystick.rules'
'/sources/systemd-stable-253.7/build-utils/../rules.d/70-memory.rules' -> '/usr/lib/udev/rules.d/70-memory.rules'
'/sources/systemd-stable-253.7/build-utils/../rules.d/70-mouse.rules' -> '/usr/lib/udev/rules.d/70-mouse.rules'
'/sources/systemd-stable-253.7/build-utils/../rules.d/70-power-switch.rules' -> '/usr/lib/udev/rules.d/70-power-switch.rules'
'/sources/systemd-stable-253.7/build-utils/../rules.d/70-touchpad.rules' -> '/usr/lib/udev/rules.d/70-touchpad.rules'
'/sources/systemd-stable-253.7/build-utils/../rules.d/75-net-description.rules' -> '/usr/lib/udev/rules.d/75-net-description.rules'
'/sources/systemd-stable-253.7/build-utils/../rules.d/75-probe_mtd.rules' -> '/usr/lib/udev/rules.d/75-probe_mtd.rules'
'/sources/systemd-stable-253.7/build-utils/../rules.d/78-sound-card.rules' -> '/usr/lib/udev/rules.d/78-sound-card.rules'
'/sources/systemd-stable-253.7/build-utils/../rules.d/80-drivers.rules' -> '/usr/lib/udev/rules.d/80-drivers.rules'
'/sources/systemd-stable-253.7/build-utils/../rules.d/80-net-setup-link.rules' -> '/usr/lib/udev/rules.d/80-net-setup-link.rules'
'/sources/systemd-stable-253.7/build-utils/../rules.d/81-net-dhcp.rules' -> '/usr/lib/udev/rules.d/81-net-dhcp.rules'
install: creating directory '/usr/lib/udev/hwdb.d'
'hwdb.d/60-autosuspend-chromiumos.hwdb' -> '/usr/lib/udev/hwdb.d/60-autosuspend-chromiumos.hwdb'
'/sources/systemd-stable-253.7/build-utils/../hwdb.d/20-OUI.hwdb' -> '/usr/lib/udev/hwdb.d/20-OUI.hwdb'
'/sources/systemd-stable-253.7/build-utils/../hwdb.d/20-acpi-vendor.hwdb' -> '/usr/lib/udev/hwdb.d/20-acpi-vendor.hwdb'
'/sources/systemd-stable-253.7/build-utils/../hwdb.d/20-bluetooth-vendor-product.hwdb' -> '/usr/lib/udev/hwdb.d/20-bluetooth-vendor-product.hwdb'
'/sources/systemd-stable-253.7/build-utils/../hwdb.d/20-dmi-id.hwdb' -> '/usr/lib/udev/hwdb.d/20-dmi-id.hwdb'
'/sources/systemd-stable-253.7/build-utils/../hwdb.d/20-net-ifname.hwdb' -> '/usr/lib/udev/hwdb.d/20-net-ifname.hwdb'
'/sources/systemd-stable-253.7/build-utils/../hwdb.d/20-pci-classes.hwdb' -> '/usr/lib/udev/hwdb.d/20-pci-classes.hwdb'
'/sources/systemd-stable-253.7/build-utils/../hwdb.d/20-pci-vendor-model.hwdb' -> '/usr/lib/udev/hwdb.d/20-pci-vendor-model.hwdb'
'/sources/systemd-stable-253.7/build-utils/../hwdb.d/20-sdio-classes.hwdb' -> '/usr/lib/udev/hwdb.d/20-sdio-classes.hwdb'
'/sources/systemd-stable-253.7/build-utils/../hwdb.d/20-sdio-vendor-model.hwdb' -> '/usr/lib/udev/hwdb.d/20-sdio-vendor-model.hwdb'
'/sources/systemd-stable-253.7/build-utils/../hwdb.d/20-usb-classes.hwdb' -> '/usr/lib/udev/hwdb.d/20-usb-classes.hwdb'
'/sources/systemd-stable-253.7/build-utils/../hwdb.d/20-usb-vendor-model.hwdb' -> '/usr/lib/udev/hwdb.d/20-usb-vendor-model.hwdb'
'/sources/systemd-stable-253.7/build-utils/../hwdb.d/20-vmbus-class.hwdb' -> '/usr/lib/udev/hwdb.d/20-vmbus-class.hwdb'
'/sources/systemd-stable-253.7/build-utils/../hwdb.d/60-autosuspend-fingerprint-reader.hwdb' -> '/usr/lib/udev/hwdb.d/60-autosuspend-fingerprint-reader.hwdb'
'/sources/systemd-stable-253.7/build-utils/../hwdb.d/60-autosuspend.hwdb' -> '/usr/lib/udev/hwdb.d/60-autosuspend.hwdb'
'/sources/systemd-stable-253.7/build-utils/../hwdb.d/60-evdev.hwdb' -> '/usr/lib/udev/hwdb.d/60-evdev.hwdb'
'/sources/systemd-stable-253.7/build-utils/../hwdb.d/60-input-id.hwdb' -> '/usr/lib/udev/hwdb.d/60-input-id.hwdb'
'/sources/systemd-stable-253.7/build-utils/../hwdb.d/60-keyboard.hwdb' -> '/usr/lib/udev/hwdb.d/60-keyboard.hwdb'
'/sources/systemd-stable-253.7/build-utils/../hwdb.d/60-seat.hwdb' -> '/usr/lib/udev/hwdb.d/60-seat.hwdb'
'/sources/systemd-stable-253.7/build-utils/../hwdb.d/60-sensor.hwdb' -> '/usr/lib/udev/hwdb.d/60-sensor.hwdb'
'/sources/systemd-stable-253.7/build-utils/../hwdb.d/70-analyzers.hwdb' -> '/usr/lib/udev/hwdb.d/70-analyzers.hwdb'
'/sources/systemd-stable-253.7/build-utils/../hwdb.d/70-av-production.hwdb' -> '/usr/lib/udev/hwdb.d/70-av-production.hwdb'
'/sources/systemd-stable-253.7/build-utils/../hwdb.d/70-cameras.hwdb' -> '/usr/lib/udev/hwdb.d/70-cameras.hwdb'
'/sources/systemd-stable-253.7/build-utils/../hwdb.d/70-joystick.hwdb' -> '/usr/lib/udev/hwdb.d/70-joystick.hwdb'
'/sources/systemd-stable-253.7/build-utils/../hwdb.d/70-mouse.hwdb' -> '/usr/lib/udev/hwdb.d/70-mouse.hwdb'
'/sources/systemd-stable-253.7/build-utils/../hwdb.d/70-pda.hwdb' -> '/usr/lib/udev/hwdb.d/70-pda.hwdb'
'/sources/systemd-stable-253.7/build-utils/../hwdb.d/70-pointingstick.hwdb' -> '/usr/lib/udev/hwdb.d/70-pointingstick.hwdb'
'/sources/systemd-stable-253.7/build-utils/../hwdb.d/70-sound-card.hwdb' -> '/usr/lib/udev/hwdb.d/70-sound-card.hwdb'
'/sources/systemd-stable-253.7/build-utils/../hwdb.d/70-touchpad.hwdb' -> '/usr/lib/udev/hwdb.d/70-touchpad.hwdb'
'/sources/systemd-stable-253.7/build-utils/../hwdb.d/80-ieee1394-unit-function.hwdb' -> '/usr/lib/udev/hwdb.d/80-ieee1394-unit-function.hwdb'
removed '/usr/lib/udev/rules.d/70-power-switch.rules'
'src/udev/udev.pc' -> '/usr/lib/pkgconfig/udev.pc'
'src/libudev/libudev.pc' -> '/usr/lib/pkgconfig/libudev.pc'
'/sources/systemd-stable-253.7/build-utils/../src/libudev/libudev.h' -> '/usr/include/libudev.h'
install: creating directory '/etc/udev'
'/sources/systemd-stable-253.7/build-utils/../src/udev/udev.conf' -> '/etc/udev/udev.conf'
install: creating directory '/etc/udev/hwdb.d'
install: creating directory '/etc/udev/rules.d'
install: creating directory '/usr/lib/systemd/network'
'/sources/systemd-stable-253.7/build-utils/../network/99-default.link' -> '/usr/lib/systemd/network/99-default.link'
'/sources/systemd-stable-253.7/build-utils/../shell-completion/bash/udevadm' -> '/usr/share/bash-completion/completions/udevadm'
'/sources/systemd-stable-253.7/build-utils/../shell-completion/zsh/_systemd-tmpfiles' -> '/usr/share/zsh/site-functions/_systemd-tmpfiles'
'/sources/systemd-stable-253.7/build-utils/../shell-completion/zsh/_udevadm' -> '/usr/share/zsh/site-functions/_udevadm'
install: creating directory '/usr/share/doc/systemd-utils'
'README.md' -> '/usr/share/doc/systemd-utils/README.md'
'NEWS' -> '/usr/share/doc/systemd-utils/NEWS'
'README' -> '/usr/share/doc/systemd-utils/README'
'TODO' -> '/usr/share/doc/systemd-utils/TODO'


Fri Aug  4 00:17:58 CST 2023

Totalseconds: 81

KB: 1705908	/

