Thu May  2 23:19:23 CST 2024
KB: 1636824	/

hwclock from util-linux 2.40
System Time: 1714663163.795766
Trying to open: /dev/rtc0
Using the rtc interface to the clock.
Last drift adjustment done at 0 seconds after 1969
Last calibration done at 0 seconds after 1969
Hardware clock is on local time
Assuming hardware clock is kept in local time.
Waiting for clock tick...
...got clock tick
Time read from Hardware Clock: 2024/05/02 15:19:24
Hw clock time : 2024/05/02 15:19:24 = 1714634364 seconds since 1969
Time since last adjustment is 1714634364 seconds
Calculated Hardware Clock drift is 0.000000 seconds
2024-05-02 15:19:22.984918+08:00
install: creating directory '/etc/colors'
'/sources/DIR_COLORS' -> '/etc/colors/DIR_COLORS'
'/sources/DIR_COLORS.256color' -> '/etc/colors/DIR_COLORS.256color'
'/sources/DIR_COLORS.xterm' -> '/etc/colors/DIR_COLORS.xterm'
'/dev/stdin' -> '/etc/profile.d/dircolors.sh'
'/dev/stdin' -> '/etc/profile'
mkdir: created directory '/etc/skel'


Thu May  2 23:19:24 CST 2024

Totalseconds: 1

KB: 1518812	/

