Tue Jan  2 18:36:24 CST 2024
KB: 1522132	/

The Meson build system
Version: 1.3.1
Source dir: /sources/p11-kit-0.25.3
Build dir: /sources/p11-kit-0.25.3/p11-build
Build type: native build
Project name: p11-kit
Project version: 0.25.3
C compiler for the host machine: cc (gcc 13.2.0 "cc (GCC) 13.2.0")
C linker for the host machine: cc ld.bfd 2.41
Host machine cpu family: x86
Host machine cpu: i686
Has header "libintl.h" : YES 
Library intl found: YES
Checking for function "dgettext" with dependency -lintl: YES 
Checking for size of "unsigned long" : 4 
Run-time dependency threads found: YES
Checking for function "pthread_create" with dependency threads: YES 
Checking for function "nanosleep" : YES 
Checking for function "dlopen" : YES 
Library nsl found: NO
Has header "locale.h" : YES 
Checking for type "locale_t" : YES 
Checking for function "newlocale" : YES 
Checking for function "strerror_l" : YES 
Has header "sys/resource.h" : YES 
Has header "sys/un.h" : YES 
Has header "ucred.h" : NO 
Checking for function "fdwalk" : NO 
Checking for function "getauxval" : YES 
Checking for function "getexecname" : NO 
Checking for function "getpeereid" : NO 
Checking for function "getpeerucred" : NO 
Checking for function "getprogname" : NO 
Checking for function "getresuid" : YES 
Checking for function "isatty" : YES 
Checking for function "issetugid" : YES 
Checking for function "mkdtemp" : YES 
Checking for function "mkstemp" : YES 
Checking for function "readpassphrase" : NO 
Checking for function "secure_getenv" : YES 
Checking for function "strndup" : YES 
Checking whether type "struct dirent" has member "d_type" : YES 
Checking if "thread-local storage class" compiles: YES 
Checking for function "gmtime_r" : YES 
Checking if "program_invocation_short_name_test_code" : links: YES 
Checking if "__libc_enable_secure" : links: NO 
Checking if "vsock_test" compiles: YES 
Checking for type "sighandler_t" : NO 
Checking for type "sig_t" : NO 
Checking for type "__sighandler_t" : NO 
Checking for type "sighandler_t" : NO 
Checking for type "sig_t" : YES 
Checking for type "__sighandler_t" : NO 
Has header "stdbool.h" : YES 
Checking for function "asprintf" : YES 
Checking for function "basename" : YES 
Checking for function "memdup" : NO 
Checking for function "reallocarray" : YES 
Checking for function "secure_getenv" : YES (cached)
Checking for function "setenv" : YES 
Checking for function "strnstr" : NO 
Checking for function "vasprintf" : YES 
Checking for function "strerror_r" : YES 
Checking if "GNU strerror_r check" compiles: NO 
Header "errno.h" has symbol "program_invocation_short_name" : YES 
Header "stdio.h" has symbol "asprintf" : YES 
Header "stdio.h" has symbol "vasprintf" : YES 
Header "stdlib.h" has symbol "reallocarray" : YES 
Found pkg-config: YES (/usr/bin/pkg-config) 2.1.0
Run-time dependency libffi found: YES 3.4.4
Run-time dependency libtasn1 found: YES 4.19.0
Program asn1Parser found: YES (/usr/bin/asn1Parser)
Did not find CMake 'cmake'
Found CMake: NO
Run-time dependency libsystemd found: NO (tried pkgconfig and cmake)
Run-time dependency systemd found: NO (tried pkgconfig and cmake)
Configuring config.h using configuration
Program python3 found: YES (/usr/bin/python3.12)

Executing subproject pkcs11-json 

pkcs11-json| Project name: pkcs11-json
pkcs11-json| Project version: undefined
pkcs11-json| Program castxml found: NO
pkcs11-json| Program cp found: YES (/usr/bin/cp)
pkcs11-json| Build targets in project: 0
pkcs11-json| Subproject pkcs11-json finished.

Checking for function "readpassphrase" : NO (cached)
Configuring test-init.sh using configuration
Compiler for C supports link arguments -Wl,--version-script,/sources/p11-kit-0.25.3/p11-kit/libp11-kit.map: YES 
Compiler for C supports link arguments -Wl,-z,nodelete: YES 
Compiler for C supports link arguments -Wl,--version-script,/sources/p11-kit-0.25.3/p11-kit/p11-module.map: YES 
Program gen-pkcs11-gnu.sh found: YES (/sources/p11-kit-0.25.3/p11-kit/gen-pkcs11-gnu.sh)
Program test-objects.sh found: YES (/sources/p11-kit-0.25.3/p11-kit/test-objects.sh)
Program test-lists.sh found: YES (/sources/p11-kit-0.25.3/p11-kit/test-lists.sh)
Program test-messages.sh found: YES (/sources/p11-kit-0.25.3/p11-kit/test-messages.sh)
Program test-server.sh found: YES (/sources/p11-kit-0.25.3/p11-kit/test-server.sh)
Program test-list-mechanisms.sh found: YES (/sources/p11-kit-0.25.3/p11-kit/test-list-mechanisms.sh)
Program test-list-tokens.sh found: YES (/sources/p11-kit-0.25.3/p11-kit/test-list-tokens.sh)
Program test-generate-keypair.sh found: YES (/sources/p11-kit-0.25.3/p11-kit/test-generate-keypair.sh)
Program test-export-public.sh found: YES (/sources/p11-kit-0.25.3/p11-kit/test-export-public.sh)
Program test-import-public.sh found: YES (/sources/p11-kit-0.25.3/p11-kit/test-import-public.sh)
Program test-profiles.sh found: YES (/sources/p11-kit-0.25.3/p11-kit/test-profiles.sh)
Configuring pkcs11.conf.example using configuration
Program msgfmt found: YES (/usr/bin/msgfmt)
Program msginit found: YES (/usr/bin/msginit)
Program msgmerge found: YES (/usr/bin/msgmerge)
Program xgettext found: YES (/usr/bin/xgettext)
Run-time dependency bash-completion found: NO (tried pkgconfig and cmake)
../bash-completion/meson.build:7: WARNING: Will not install bash completion due to missing dependencies!
Build targets in project: 195

p11-kit 0.25.3

  Subprojects
    pkcs11-json: YES

  User defined options
    buildtype  : release
    prefix     : /usr
    trust_paths: /etc/pki/anchors

Found ninja-1.11.1 at /usr/bin/ninja
[4 1/416 0.107s] Compiling C object common/libp11-common.a.p/argv.c.o
[4 2/416 0.143s] Compiling C object common/libp11-common.a.p/array.c.o
[4 3/416 0.206s] Compiling C object common/libp11-common.a.p/base64.c.o
[4 4/416 0.265s] Compiling C object common/libp11-common.a.p/buffer.c.o
[4 5/416 0.394s] Compiling C object common/libp11-common.a.p/compat.c.o
../common/compat.c: In function ‘p11_recursive_mutex_init’:
../common/compat.c:230:13: warning: variable ‘ret’ set but not used [-Wunused-but-set-variable]
  230 |         int ret;
      |             ^~~
[4 6/416 0.401s] Compiling C object common/libp11-common.a.p/debug.c.o
[4 7/416 0.417s] Compiling C object common/libp11-common.a.p/constants.c.o
[4 8/416 0.476s] Compiling C object common/libp11-common.a.p/hex.c.o
[4 9/416 0.496s] Compiling C object common/libp11-common.a.p/hash.c.o
[4 10/416 0.616s] Compiling C object common/libp11-common.a.p/message.c.o
[4 11/416 0.630s] Compiling C object common/libp11-common.a.p/attrs.c.o
[4 12/416 0.640s] Compiling C object common/libp11-common.a.p/dict.c.o
[4 13/416 0.671s] Compiling C object common/libp11-common.a.p/lexer.c.o
[4 14/416 0.750s] Compiling C object common/libp11-common.a.p/runtime.c.o
[4 15/416 0.788s] Compiling C object common/libp11-common.a.p/pem.c.o
[4 16/416 0.788s] Compiling C object common/libp11-common.a.p/url.c.o
[4 17/416 0.850s] Compiling C object common/libp11-common.a.p/vsock.c.o
[4 18/416 0.884s] Compiling C object common/libp11-common.a.p/path.c.o
[4 19/416 0.885s] Compiling C object common/libp11-library.a.p/library.c.o
[4 20/416 0.890s] Linking static target common/libp11-library.a
[4 21/416 0.895s] Linking static target common/libp11-common.a
[4 22/416 1.032s] Compiling C object common/libp11-tool.a.p/print.c.o
[4 23/416 1.091s] Compiling C object common/libp11-tool.a.p/unix-peer.c.o
[4 24/416 1.146s] Compiling C object common/libp11-tool.a.p/tool.c.o
[4 25/416 1.148s] Generating common/basic.asn.h with a custom command
Done.
[4 26/416 1.151s] Generating common/pkix.asn.h with a custom command
Done.
[4 27/416 1.154s] Generating common/openssl.asn.h with a custom command
Done.
[4 28/416 1.186s] Compiling C object common/libp11-test.a.p/test.c.o
[4 29/416 1.258s] Compiling C object common/libp11-tool.a.p/readpassphrase.c.o
[4 30/416 1.265s] Linking static target common/libp11-tool.a
[4 31/416 1.276s] Compiling C object common/libp11-asn1.a.p/oid.c.o
[4 32/416 1.364s] Compiling C object common/test-tests.p/test-tests.c.o
[4 33/416 1.438s] Compiling C object common/libp11-asn1.a.p/asn1.c.o
[4 34/416 1.522s] Compiling C object common/test-compat.p/test-compat.c.o
[4 35/416 1.528s] Compiling C object common/test-hash.p/test-hash.c.o
[4 36/416 1.736s] Compiling C object common/libp11-asn1.a.p/persist.c.o
[4 37/416 1.742s] Linking static target common/libp11-asn1.a
[4 38/416 1.746s] Compiling C object common/test-array.p/test-array.c.o
[4 39/416 1.899s] Compiling C object common/test-constants.p/test-constants.c.o
[4 40/416 2.073s] Compiling C object common/test-dict.p/test-dict.c.o
../common/test-dict.c: In function ‘test_set_clear’:
../common/test-dict.c:254:15: warning: variable ‘check’ set but not used [-Wunused-but-set-variable]
  254 |         char *check;
      |               ^~~~~
[4 41/416 2.156s] Compiling C object common/test-buffer.p/test-buffer.c.o
[4 42/416 2.270s] Compiling C object common/test-url.p/test-url.c.o
[4 43/416 2.445s] Compiling C object common/test-lexer.p/test-lexer.c.o
[4 44/416 2.539s] Compiling C object common/test-message.p/test-message.c.o
[4 45/416 2.541s] Compiling C object common/test-path.p/test-path.c.o
[4 46/416 2.642s] Compiling C object common/test-attrs.p/test-attrs.c.o
[4 47/416 2.683s] Compiling C object common/test-argv.p/test-argv.c.o
[4 48/416 2.708s] Compiling C object common/test-runtime.p/test-runtime.c.o
[4 49/416 2.778s] Compiling C object common/frob-getauxval.p/frob-getauxval.c.o
[4 50/416 2.782s] Compiling C object common/test-asn1.p/test-asn1.c.o
[4 51/416 2.794s] Linking target common/frob-getauxval
[4 52/416 2.857s] Compiling C object common/frob-getenv.p/frob-getenv.c.o
[4 53/416 2.862s] Compiling C object common/test-oid.p/test-oid.c.o
[4 54/416 2.864s] Generating 'p11-kit/virtual-ffi-generated.h.p/pkcs11.json'
[4 55/416 2.874s] Linking target common/frob-getenv
[4 56/416 2.876s] Generating 'p11-kit/virtual-fixed-wrappers.h.p/pkcs11.json'
[4 57/416 2.900s] Compiling C object common/frob-getprogname.p/frob-getprogname.c.o
[4 58/416 2.916s] Linking target common/frob-getprogname
[4 59/416 2.945s] Generating p11-kit/generate virtual-ffi-generated.h with a custom command
[4 60/416 2.948s] Generating 'p11-kit/virtual-stack-generated.h.p/pkcs11.json'
[4 61/416 2.957s] Generating p11-kit/generate virtual-fixed-wrappers.h with a custom command
[4 62/416 2.959s] Generating 'p11-kit/virtual-base-generated.h.p/pkcs11.json'
[4 63/416 2.977s] Generating p11-kit/generate virtual-fixed-closures.h with a custom command
[4 64/416 2.979s] Generating 'p11-kit/proxy-generated.h.p/pkcs11.json'
[4 65/416 3.027s] Generating p11-kit/generate virtual-stack-generated.h with a custom command
[4 66/416 3.039s] Generating p11-kit/generate virtual-base-generated.h with a custom command
[4 67/416 3.065s] Generating p11-kit/generate proxy-generated.h with a custom command
[4 68/416 3.205s] Compiling C object p11-kit/p11-kit-client.so.p/client.c.o
[4 69/416 3.347s] Compiling C object p11-kit/libp11-kit-internal.a.p/conf.c.o
[4 70/416 3.366s] Compiling C object common/libp11-test.a.p/mock.c.o
[4 71/416 3.372s] Linking static target common/libp11-test.a
[4 72/416 3.391s] Linking target common/test-tests
[4 73/416 3.410s] Linking target common/test-compat
[4 74/416 3.429s] Linking target common/test-hash
[4 75/416 3.449s] Linking target common/test-dict
[4 76/416 3.469s] Linking target common/test-array
[4 77/416 3.490s] Compiling C object p11-kit/libp11-kit-internal.a.p/filter.c.o
[4 78/416 3.490s] Linking target common/test-constants
[4 79/416 3.513s] Linking target common/test-buffer
[4 80/416 3.514s] Linking target common/test-attrs
[4 81/416 3.531s] Linking target common/test-url
[4 82/416 3.532s] Linking target common/test-path
[4 83/416 3.551s] Linking target common/test-lexer
[4 84/416 3.551s] Linking target common/test-message
[4 85/416 3.570s] Linking target common/test-argv
[4 86/416 3.571s] Linking target common/test-runtime
[4 87/416 3.591s] Linking target common/test-asn1
[4 88/416 3.591s] Linking target common/test-oid
[4 89/416 3.894s] Compiling C object p11-kit/libp11-kit-internal.a.p/rpc-transport.c.o
[4 90/416 4.688s] Compiling C object p11-kit/libp11-kit-internal.a.p/rpc-message.c.o
[4 91/416 5.231s] Compiling C object p11-kit/libp11-kit.so.0.3.1.p/iter.c.o
[4 92/416 5.394s] Compiling C object p11-kit/libp11-kit.so.0.3.1.p/messages.c.o
[4 93/416 5.841s] Compiling C object p11-kit/libp11-kit-internal.a.p/log.c.o
[4 94/416 5.859s] Compiling C object p11-kit/libp11-kit-internal.a.p/rpc-client.c.o
[4 95/416 6.120s] Compiling C object p11-kit/libp11-kit.so.0.3.1.p/pin.c.o
[4 96/416 6.196s] Compiling C object p11-kit/libp11-kit.so.0.3.1.p/proxy-init.c.o
[4 97/416 6.544s] Compiling C object p11-kit/libp11-kit.so.0.3.1.p/modules.c.o
[4 98/416 7.223s] Compiling C object p11-kit/libp11-kit.so.0.3.1.p/proxy.c.o
../p11-kit/proxy.c: In function ‘proxy_C_Initialize’:
../p11-kit/proxy.c:427:35: warning: ‘py’ may be used uninitialized [-Wmaybe-uninitialized]
  427 |                         state->px = py;
      |                         ~~~~~~~~~~^~~~
../p11-kit/proxy.c:379:16: note: ‘py’ was declared here
  379 |         Proxy *py;
      |                ^~
[4 99/416 7.358s] Compiling C object p11-kit/libp11-kit.so.0.3.1.p/util.c.o
[4 100/416 7.432s] Compiling C object p11-kit/p11-kit-client.so.p/client-init.c.o
[4 101/416 7.433s] Compiling C object p11-kit/libp11-kit.so.0.3.1.p/uri.c.o
[4 102/416 7.746s] Compiling C object p11-kit/libp11-kit-testable.a.p/conf.c.o
[4 103/416 7.914s] Compiling C object p11-kit/libp11-kit.so.0.3.1.p/rpc-server.c.o
[4 104/416 8.034s] Compiling C object p11-kit/libp11-kit-testable.a.p/filter.c.o
[4 105/416 8.454s] Compiling C object p11-kit/libp11-kit-testable.a.p/rpc-transport.c.o
[4 106/416 9.164s] Compiling C object p11-kit/libp11-kit-testable.a.p/rpc-message.c.o
[4 107/416 10.166s] Compiling C object p11-kit/libp11-kit-testable.a.p/log.c.o
[4 108/416 10.587s] Compiling C object p11-kit/libp11-kit-testable.a.p/rpc-client.c.o
[4 109/416 10.715s] Compiling C object p11-kit/libp11-kit-testable.a.p/iter.c.o
[4 110/416 10.758s] Compiling C object p11-kit/libp11-kit-testable.a.p/messages.c.o
[4 111/416 11.034s] Compiling C object p11-kit/libp11-kit-testable.a.p/pin.c.o
[4 112/416 11.870s] Compiling C object p11-kit/libp11-kit-testable.a.p/modules.c.o
[4 113/416 11.948s] Compiling C object p11-kit/libp11-kit-testable.a.p/proxy-init.c.o
[4 114/416 12.413s] Compiling C object p11-kit/libp11-kit-testable.a.p/proxy.c.o
../p11-kit/proxy.c: In function ‘proxy_C_Initialize’:
../p11-kit/proxy.c:427:35: warning: ‘py’ may be used uninitialized [-Wmaybe-uninitialized]
  427 |                         state->px = py;
      |                         ~~~~~~~~~~^~~~
../p11-kit/proxy.c:379:16: note: ‘py’ was declared here
  379 |         Proxy *py;
      |                ^~
[4 115/416 13.305s] Compiling C object p11-kit/libp11-kit-testable.a.p/uri.c.o
[4 116/416 13.436s] Compiling C object p11-kit/libp11-kit-testable.a.p/util.c.o
[4 117/416 13.628s] Compiling C object p11-kit/p11-kit.p/add-profile.c.o
[4 118/416 13.649s] Compiling C object p11-kit/libp11-kit-testable.a.p/rpc-server.c.o
[4 119/416 13.762s] Compiling C object p11-kit/p11-kit.p/delete-object.c.o
[4 120/416 13.840s] Compiling C object p11-kit/p11-kit.p/delete-profile.c.o
[4 121/416 14.063s] Compiling C object p11-kit/p11-kit.p/export-object.c.o
[4 122/416 14.121s] Compiling C object p11-kit/p11-kit.p/generate-keypair.c.o
[4 123/416 14.428s] Compiling C object p11-kit/p11-kit.p/import-object.c.o
../p11-kit/import-object.c: In function ‘add_attrs_pubkey_rsa’:
../p11-kit/import-object.c:223:62: warning: passing argument 3 of ‘p11_asn1_read’ from incompatible pointer type [-Wincompatible-pointer-types]
  223 |         attr_modulus.pValue = p11_asn1_read (asn, "modulus", &attr_modulus.ulValueLen);
      |                                                              ^~~~~~~~~~~~~~~~~~~~~~~~
      |                                                              |
      |                                                              long unsigned int *
In file included from ../p11-kit/import-object.c:53:
../common/asn1.h:60:62: note: expected ‘size_t *’ {aka ‘unsigned int *’} but argument is of type ‘long unsigned int *’
   60 |                                                      size_t *length);
      |                                                      ~~~~~~~~^~~~~~
../p11-kit/import-object.c:229:70: warning: passing argument 3 of ‘p11_asn1_read’ from incompatible pointer type [-Wincompatible-pointer-types]
  229 |         attr_exponent.pValue = p11_asn1_read (asn, "publicExponent", &attr_exponent.ulValueLen);
      |                                                                      ^~~~~~~~~~~~~~~~~~~~~~~~~
      |                                                                      |
      |                                                                      long unsigned int *
../common/asn1.h:60:62: note: expected ‘size_t *’ {aka ‘unsigned int *’} but argument is of type ‘long unsigned int *’
   60 |                                                      size_t *length);
      |                                                      ~~~~~~~~^~~~~~
../p11-kit/import-object.c: In function ‘add_attrs_pubkey_ec’:
../p11-kit/import-object.c:264:78: warning: passing argument 3 of ‘p11_asn1_read’ from incompatible pointer type [-Wincompatible-pointer-types]
  264 |         attr_ec_params.pValue = p11_asn1_read (info, "algorithm.parameters", &attr_ec_params.ulValueLen);
      |                                                                              ^~~~~~~~~~~~~~~~~~~~~~~~~~
      |                                                                              |
      |                                                                              long unsigned int *
../common/asn1.h:60:62: note: expected ‘size_t *’ {aka ‘unsigned int *’} but argument is of type ‘long unsigned int *’
   60 |                                                      size_t *length);
      |                                                      ~~~~~~~~^~~~~~
[4 124/416 14.454s] Compiling C object p11-kit/p11-kit.p/list-objects.c.o
[4 125/416 14.602s] Compiling C object p11-kit/p11-kit.p/list-profiles.c.o
[4 126/416 14.719s] Compiling C object p11-kit/p11-kit.p/list-mechanisms.c.o
[4 127/416 14.738s] Compiling C object p11-kit/p11-kit.p/list-tokens.c.o
[4 128/416 14.870s] Compiling C object p11-kit/p11-kit.p/p11-kit.c.o
[4 129/416 14.970s] Compiling C object p11-kit/p11-kit.p/print-config.c.o
[4 130/416 14.985s] Compiling C object p11-kit/p11-kit.p/lists.c.o
[4 131/416 15.060s] Compiling C object p11-kit/p11-kit.p/tty.c.o
[4 132/416 15.174s] Compiling C object p11-kit/p11-kit-testable.p/add-profile.c.o
[4 133/416 15.197s] Compiling C object p11-kit/p11-kit-testable.p/delete-object.c.o
[4 134/416 15.362s] Compiling C object p11-kit/p11-kit-testable.p/delete-profile.c.o
[4 135/416 15.502s] Compiling C object p11-kit/p11-kit-testable.p/export-object.c.o
[4 136/416 15.660s] Compiling C object p11-kit/p11-kit-testable.p/generate-keypair.c.o
[4 137/416 15.870s] Compiling C object p11-kit/p11-kit-testable.p/import-object.c.o
../p11-kit/import-object.c: In function ‘add_attrs_pubkey_rsa’:
../p11-kit/import-object.c:223:62: warning: passing argument 3 of ‘p11_asn1_read’ from incompatible pointer type [-Wincompatible-pointer-types]
  223 |         attr_modulus.pValue = p11_asn1_read (asn, "modulus", &attr_modulus.ulValueLen);
      |                                                              ^~~~~~~~~~~~~~~~~~~~~~~~
      |                                                              |
      |                                                              long unsigned int *
In file included from ../p11-kit/import-object.c:53:
../common/asn1.h:60:62: note: expected ‘size_t *’ {aka ‘unsigned int *’} but argument is of type ‘long unsigned int *’
   60 |                                                      size_t *length);
      |                                                      ~~~~~~~~^~~~~~
../p11-kit/import-object.c:229:70: warning: passing argument 3 of ‘p11_asn1_read’ from incompatible pointer type [-Wincompatible-pointer-types]
  229 |         attr_exponent.pValue = p11_asn1_read (asn, "publicExponent", &attr_exponent.ulValueLen);
      |                                                                      ^~~~~~~~~~~~~~~~~~~~~~~~~
      |                                                                      |
      |                                                                      long unsigned int *
../common/asn1.h:60:62: note: expected ‘size_t *’ {aka ‘unsigned int *’} but argument is of type ‘long unsigned int *’
   60 |                                                      size_t *length);
      |                                                      ~~~~~~~~^~~~~~
../p11-kit/import-object.c: In function ‘add_attrs_pubkey_ec’:
../p11-kit/import-object.c:264:78: warning: passing argument 3 of ‘p11_asn1_read’ from incompatible pointer type [-Wincompatible-pointer-types]
  264 |         attr_ec_params.pValue = p11_asn1_read (info, "algorithm.parameters", &attr_ec_params.ulValueLen);
      |                                                                              ^~~~~~~~~~~~~~~~~~~~~~~~~~
      |                                                                              |
      |                                                                              long unsigned int *
../common/asn1.h:60:62: note: expected ‘size_t *’ {aka ‘unsigned int *’} but argument is of type ‘long unsigned int *’
   60 |                                                      size_t *length);
      |                                                      ~~~~~~~~^~~~~~
[4 138/416 15.991s] Compiling C object p11-kit/p11-kit-testable.p/list-objects.c.o
[4 139/416 16.043s] Compiling C object p11-kit/p11-kit-testable.p/list-profiles.c.o
[4 140/416 16.181s] Compiling C object p11-kit/p11-kit-testable.p/list-tokens.c.o
[4 141/416 16.257s] Compiling C object p11-kit/p11-kit-testable.p/list-mechanisms.c.o
[4 142/416 16.394s] Compiling C object p11-kit/p11-kit-testable.p/p11-kit.c.o
[4 143/416 16.456s] Compiling C object p11-kit/p11-kit-testable.p/lists.c.o
[4 144/416 16.499s] Compiling C object p11-kit/p11-kit-testable.p/print-config.c.o
[4 145/416 16.554s] Compiling C object p11-kit/p11-kit-testable.p/tty.c.o
[4 146/416 16.628s] Compiling C object p11-kit/p11-kit-remote.p/remote.c.o
[4 147/416 16.679s] Compiling C object p11-kit/p11-kit-remote-testable.p/remote.c.o
[4 148/416 17.171s] Compiling C object p11-kit/p11-kit-server.p/server.c.o
../p11-kit/server.c: In function ‘server_loop’:
../p11-kit/server.c:561:40: warning: format ‘%lu’ expects argument of type ‘long unsigned int’, but argument 3 has type ‘time_t’ {aka ‘long long int’} [-Wformat=]
  561 |                         p11_message (_("no connections to %s for %lu secs, exiting"), server->socket_name, timeout->tv_sec);
      |                                        ^~~~~~~~~~~~~~~~~~~~~~~~~~~~~~~~~~~~~~~~~~~~
../p11-kit/server.c:90:37: note: in definition of macro ‘_’
   90 | #define _(x) dgettext(PACKAGE_NAME, x)
      |                                     ^
../p11-kit/server.c:561:68: note: format string is defined here
  561 |                         p11_message (_("no connections to %s for %lu secs, exiting"), server->socket_name, timeout->tv_sec);
      |                                                                  ~~^
      |                                                                    |
      |                                                                    long unsigned int
      |                                                                  %llu
[4 149/416 17.181s] Generating 'p11-kit/libp11-kit-pkcs11-gnu.a.p/pkcs11-gnu-iter.h'
[4 150/416 17.191s] Generating 'p11-kit/libp11-kit-pkcs11-gnu.a.p/pkcs11-gnu-pin.h'
[4 151/416 17.202s] Generating 'p11-kit/libp11-kit-pkcs11-gnu.a.p/pkcs11-gnu-uri.h'
[4 152/416 17.211s] Compiling C object p11-kit/p11-kit-server-testable.p/server.c.o
../p11-kit/server.c: In function ‘server_loop’:
../p11-kit/server.c:561:40: warning: format ‘%lu’ expects argument of type ‘long unsigned int’, but argument 3 has type ‘time_t’ {aka ‘long long int’} [-Wformat=]
  561 |                         p11_message (_("no connections to %s for %lu secs, exiting"), server->socket_name, timeout->tv_sec);
      |                                        ^~~~~~~~~~~~~~~~~~~~~~~~~~~~~~~~~~~~~~~~~~~~
../p11-kit/server.c:90:37: note: in definition of macro ‘_’
   90 | #define _(x) dgettext(PACKAGE_NAME, x)
      |                                     ^
../p11-kit/server.c:561:68: note: format string is defined here
  561 |                         p11_message (_("no connections to %s for %lu secs, exiting"), server->socket_name, timeout->tv_sec);
      |                                                                  ~~^
      |                                                                    |
      |                                                                    long unsigned int
      |                                                                  %llu
[4 153/416 17.246s] Compiling C object p11-kit/libp11-kit-pkcs11-gnu.a.p/pkcs11-gnu.c.o
[4 154/416 17.251s] Linking static target p11-kit/libp11-kit-pkcs11-gnu.a
[4 155/416 17.328s] Compiling C object p11-kit/test-progname.p/test-progname.c.o
[4 156/416 17.356s] Compiling C object p11-kit/test-util.p/test-util.c.o
[4 157/416 17.974s] Compiling C object p11-kit/test-conf.p/test-conf.c.o
[4 158/416 18.225s] Compiling C object p11-kit/test-pin.p/test-pin.c.o
../p11-kit/test-pin.c: In function ‘callback_one’:
../p11-kit/test-pin.c:53:14: warning: unused variable ‘data’ [-Wunused-variable]
   53 |         int *data = callback_data;
      |              ^~~~
../p11-kit/test-pin.c: In function ‘test_pin_read’:
../p11-kit/test-pin.c:94:30: warning: variable ‘ptr’ set but not used [-Wunused-but-set-variable]
   94 |         const unsigned char *ptr;
      |                              ^~~
../p11-kit/test-pin.c: In function ‘test_pin_register_duplicate’:
../p11-kit/test-pin.c:137:30: warning: variable ‘ptr’ set but not used [-Wunused-but-set-variable]
  137 |         const unsigned char *ptr;
      |                              ^~~
../p11-kit/test-pin.c: In function ‘test_pin_register_fallback’:
../p11-kit/test-pin.c:187:30: warning: variable ‘ptr’ set but not used [-Wunused-but-set-variable]
  187 |         const unsigned char *ptr;
      |                              ^~~
../p11-kit/test-pin.c: In function ‘test_pin_file’:
../p11-kit/test-pin.c:230:30: warning: variable ‘ptr’ set but not used [-Wunused-but-set-variable]
  230 |         const unsigned char *ptr;
      |                              ^~~
[4 159/416 18.522s] Compiling C object p11-kit/test-init.p/test-init.c.o
../p11-kit/test-init.c: In function ‘mock_C_Initialize__with_fork’:
../p11-kit/test-init.c:67:15: warning: variable ‘ret’ set but not used [-Wunused-but-set-variable]
   67 |         pid_t ret;
      |               ^~~
../p11-kit/test-init.c:65:15: warning: variable ‘rv’ set but not used [-Wunused-but-set-variable]
   65 |         CK_RV rv;
      |               ^~
../p11-kit/test-init.c: In function ‘test_fork_initialization’:
../p11-kit/test-init.c:93:15: warning: variable ‘rv’ set but not used [-Wunused-but-set-variable]
   93 |         CK_RV rv;
      |               ^~
../p11-kit/test-init.c: In function ‘mock_C_Initialize__with_recursive’:
../p11-kit/test-init.c:129:15: warning: variable ‘rv’ set but not used [-Wunused-but-set-variable]
  129 |         CK_RV rv;
      |               ^~
../p11-kit/test-init.c: In function ‘test_threaded_initialization’:
../p11-kit/test-init.c:227:15: warning: variable ‘rv’ set but not used [-Wunused-but-set-variable]
  227 |         CK_RV rv;
      |               ^~
../p11-kit/test-init.c: In function ‘mock_C_Initialize__test_mutexes’:
../p11-kit/test-init.c:297:15: warning: variable ‘rv’ set but not used [-Wunused-but-set-variable]
  297 |         CK_RV rv;
      |               ^~
../p11-kit/test-init.c: In function ‘test_mutexes’:
../p11-kit/test-init.c:321:15: warning: variable ‘rv’ set but not used [-Wunused-but-set-variable]
  321 |         CK_RV rv;
      |               ^~
../p11-kit/test-init.c: In function ‘test_load_and_initialize’:
../p11-kit/test-init.c:344:13: warning: variable ‘ret’ set but not used [-Wunused-but-set-variable]
  344 |         int ret;
      |             ^~~
../p11-kit/test-init.c:343:15: warning: variable ‘rv’ set but not used [-Wunused-but-set-variable]
  343 |         CK_RV rv;
      |               ^~
[4 160/416 18.730s] Compiling C object p11-kit/test-uri.p/test-uri.c.o
../p11-kit/test-uri.c: In function ‘test_uri_parse_with_token’:
../p11-kit/test-uri.c:352:27: warning: variable ‘token’ set but not used [-Wunused-but-set-variable]
  352 |         CK_TOKEN_INFO_PTR token;
      |                           ^~~~~
../p11-kit/test-uri.c: In function ‘test_uri_parse_with_spaces’:
../p11-kit/test-uri.c:405:21: warning: variable ‘info’ set but not used [-Wunused-but-set-variable]
  405 |         CK_INFO_PTR info;
      |                     ^~~~
../p11-kit/test-uri.c: In function ‘test_uri_parse_with_library’:
../p11-kit/test-uri.c:428:21: warning: variable ‘info’ set but not used [-Wunused-but-set-variable]
  428 |         CK_INFO_PTR info;
      |                     ^~~~
../p11-kit/test-uri.c: In function ‘test_uri_parse_with_slot’:
../p11-kit/test-uri.c:465:26: warning: variable ‘slot’ set but not used [-Wunused-but-set-variable]
  465 |         CK_SLOT_INFO_PTR slot;
      |                          ^~~~
../p11-kit/test-uri.c: At top level:
../p11-kit/test-uri.c:335:1: warning: ‘is_space_string’ defined but not used [-Wunused-function]
  335 | is_space_string (CK_UTF8CHAR_PTR string, CK_ULONG size, const char *check)
      | ^~~~~~~~~~~~~~~
../p11-kit/test-uri.c:78:1: warning: ‘are_attributes_empty’ defined but not used [-Wunused-function]
   78 | are_attributes_empty (P11KitUri *uri)
      | ^~~~~~~~~~~~~~~~~~~~
../p11-kit/test-uri.c:68:1: warning: ‘is_token_empty’ defined but not used [-Wunused-function]
   68 | is_token_empty (P11KitUri *uri)
      | ^~~~~~~~~~~~~~
../p11-kit/test-uri.c:60:1: warning: ‘is_slot_empty’ defined but not used [-Wunused-function]
   60 | is_slot_empty (P11KitUri *uri)
      | ^~~~~~~~~~~~~
../p11-kit/test-uri.c:50:1: warning: ‘is_module_empty’ defined but not used [-Wunused-function]
   50 | is_module_empty (P11KitUri *uri)
      | ^~~~~~~~~~~~~~~
[4 161/416 18.925s] Compiling C object p11-kit/test-modules.p/test-modules.c.o
[4 162/416 19.059s] Compiling C object p11-kit/test-deprecated.p/test-deprecated.c.o
../p11-kit/test-deprecated.c: In function ‘mock_C_Initialize__with_fork’:
../p11-kit/test-deprecated.c:244:15: warning: variable ‘ret’ set but not used [-Wunused-but-set-variable]
  244 |         pid_t ret;
      |               ^~~
../p11-kit/test-deprecated.c:242:15: warning: variable ‘rv’ set but not used [-Wunused-but-set-variable]
  242 |         CK_RV rv;
      |               ^~
../p11-kit/test-deprecated.c: In function ‘test_fork_initialization’:
../p11-kit/test-deprecated.c:269:15: warning: variable ‘rv’ set but not used [-Wunused-but-set-variable]
  269 |         CK_RV rv;
      |               ^~
../p11-kit/test-deprecated.c: In function ‘test_recursive_initialization’:
../p11-kit/test-deprecated.c:298:15: warning: variable ‘rv’ set but not used [-Wunused-but-set-variable]
  298 |         CK_RV rv;
      |               ^~
../p11-kit/test-deprecated.c: In function ‘initialization_thread’:
../p11-kit/test-deprecated.c:343:15: warning: variable ‘rv’ set but not used [-Wunused-but-set-variable]
  343 |         CK_RV rv;
      |               ^~
../p11-kit/test-deprecated.c: In function ‘finalization_thread’:
../p11-kit/test-deprecated.c:355:15: warning: variable ‘rv’ set but not used [-Wunused-but-set-variable]
  355 |         CK_RV rv;
      |               ^~
../p11-kit/test-deprecated.c: In function ‘test_mutexes’:
../p11-kit/test-deprecated.c:449:15: warning: variable ‘rv’ set but not used [-Wunused-but-set-variable]
  449 |         CK_RV rv;
      |               ^~
../p11-kit/test-deprecated.c: In function ‘test_load_and_initialize’:
../p11-kit/test-deprecated.c:472:13: warning: variable ‘ret’ set but not used [-Wunused-but-set-variable]
  472 |         int ret;
      |             ^~~
../p11-kit/test-deprecated.c: At top level:
../p11-kit/test-deprecated.c:118:1: warning: ‘lookup_module_with_name’ defined but not used [-Wunused-function]
  118 | lookup_module_with_name (CK_FUNCTION_LIST_PTR_PTR modules,
      | ^~~~~~~~~~~~~~~~~~~~~~~
[4 163/416 21.619s] Compiling C object p11-kit/test-proxy3.p/test-proxy3.c.o
../p11-kit/test-proxy3.c: In function ‘test_interface_version’:
../p11-kit/test-proxy3.c:105:15: warning: unused variable ‘name’ [-Wunused-variable]
  105 |         char *name = "PKCS 11";
      |               ^~~~
../p11-kit/test-proxy3.c: In function ‘test_interface_list’:
../p11-kit/test-proxy3.c:131:15: warning: variable ‘rv’ set but not used [-Wunused-but-set-variable]
  131 |         CK_RV rv;
      |               ^~
../p11-kit/test-proxy3.c: In function ‘setup_mock_module’:
../p11-kit/test-proxy3.c:192:15: warning: variable ‘rv’ set but not used [-Wunused-but-set-variable]
  192 |         CK_RV rv;
      |               ^~
../p11-kit/test-proxy3.c: In function ‘teardown_mock_module’:
../p11-kit/test-proxy3.c:229:15: warning: variable ‘rv’ set but not used [-Wunused-but-set-variable]
  229 |         CK_RV rv;
      |               ^~
In file included from ../p11-kit/test-proxy3.c:257:
../p11-kit/test-mock.c: In function ‘test_get_slot_list’:
../p11-kit/test-mock.c:76:15: warning: variable ‘rv’ set but not used [-Wunused-but-set-variable]
   76 |         CK_RV rv;
      |               ^~
../p11-kit/test-mock.c: In function ‘test_get_slot_info’:
../p11-kit/test-mock.c:110:15: warning: variable ‘rv’ set but not used [-Wunused-but-set-variable]
  110 |         CK_RV rv;
      |               ^~
../p11-kit/test-mock.c: In function ‘test_get_token_info’:
../p11-kit/test-mock.c:144:15: warning: variable ‘rv’ set but not used [-Wunused-but-set-variable]
  144 |         CK_RV rv;
      |               ^~
../p11-kit/test-mock.c: In function ‘test_get_mechanism_list’:
../p11-kit/test-mock.c:195:15: warning: variable ‘rv’ set but not used [-Wunused-but-set-variable]
  195 |         CK_RV rv;
      |               ^~
../p11-kit/test-mock.c: In function ‘test_init_token’:
../p11-kit/test-mock.c:252:15: warning: variable ‘rv’ set but not used [-Wunused-but-set-variable]
  252 |         CK_RV rv;
      |               ^~
../p11-kit/test-mock.c: In function ‘test_wait_for_slot_event’:
../p11-kit/test-mock.c:274:15: warning: variable ‘rv’ set but not used [-Wunused-but-set-variable]
  274 |         CK_RV rv;
      |               ^~
../p11-kit/test-mock.c: In function ‘test_open_close_session’:
../p11-kit/test-mock.c:297:15: warning: variable ‘rv’ set but not used [-Wunused-but-set-variable]
  297 |         CK_RV rv;
      |               ^~
../p11-kit/test-mock.c: In function ‘test_close_all_sessions’:
../p11-kit/test-mock.c:324:15: warning: variable ‘rv’ set but not used [-Wunused-but-set-variable]
  324 |         CK_RV rv;
      |               ^~
../p11-kit/test-mock.c: In function ‘test_get_function_status’:
../p11-kit/test-mock.c:346:15: warning: variable ‘rv’ set but not used [-Wunused-but-set-variable]
  346 |         CK_RV rv;
      |               ^~
../p11-kit/test-mock.c: In function ‘test_cancel_function’:
../p11-kit/test-mock.c:361:15: warning: variable ‘rv’ set but not used [-Wunused-but-set-variable]
  361 |         CK_RV rv;
      |               ^~
../p11-kit/test-mock.c: In function ‘test_get_session_info’:
../p11-kit/test-mock.c:377:15: warning: variable ‘rv’ set but not used [-Wunused-but-set-variable]
  377 |         CK_RV rv;
      |               ^~
../p11-kit/test-mock.c: In function ‘test_init_pin’:
../p11-kit/test-mock.c:414:15: warning: variable ‘rv’ set but not used [-Wunused-but-set-variable]
  414 |         CK_RV rv;
      |               ^~
../p11-kit/test-mock.c: In function ‘test_operation_state’:
../p11-kit/test-mock.c:458:15: warning: variable ‘rv’ set but not used [-Wunused-but-set-variable]
  458 |         CK_RV rv;
      |               ^~
../p11-kit/test-mock.c: In function ‘test_get_attribute_value’:
../p11-kit/test-mock.c:514:15: warning: variable ‘rv’ set but not used [-Wunused-but-set-variable]
  514 |         CK_RV rv;
      |               ^~
../p11-kit/test-mock.c: In function ‘test_create_object’:
../p11-kit/test-mock.c:618:15: warning: variable ‘rv’ set but not used [-Wunused-but-set-variable]
  618 |         CK_RV rv;
      |               ^~
../p11-kit/test-mock.c: In function ‘test_copy_object’:
../p11-kit/test-mock.c:716:15: warning: variable ‘rv’ set but not used [-Wunused-but-set-variable]
  716 |         CK_RV rv;
      |               ^~
../p11-kit/test-mock.c: In function ‘test_destroy_object’:
../p11-kit/test-mock.c:800:15: warning: variable ‘rv’ set but not used [-Wunused-but-set-variable]
  800 |         CK_RV rv;
      |               ^~
../p11-kit/test-mock.c: In function ‘test_get_object_size’:
../p11-kit/test-mock.c:829:15: warning: variable ‘rv’ set but not used [-Wunused-but-set-variable]
  829 |         CK_RV rv;
      |               ^~
../p11-kit/test-mock.c: In function ‘test_find_objects’:
../p11-kit/test-mock.c:855:15: warning: variable ‘rv’ set but not used [-Wunused-but-set-variable]
  855 |         CK_RV rv;
      |               ^~
../p11-kit/test-mock.c: In function ‘test_generate_key’:
../p11-kit/test-mock.c:1624:15: warning: variable ‘rv’ set but not used [-Wunused-but-set-variable]
 1624 |         CK_RV rv;
      |               ^~
../p11-kit/test-mock.c: In function ‘test_generate_key_pair’:
../p11-kit/test-mock.c:1682:15: warning: variable ‘rv’ set but not used [-Wunused-but-set-variable]
 1682 |         CK_RV rv;
      |               ^~
../p11-kit/test-mock.c: In function ‘test_unwrap_key’:
../p11-kit/test-mock.c:1802:15: warning: variable ‘rv’ set but not used [-Wunused-but-set-variable]
 1802 |         CK_RV rv;
      |               ^~
../p11-kit/test-mock.c: In function ‘test_derive_key’:
../p11-kit/test-mock.c:1857:15: warning: variable ‘rv’ set but not used [-Wunused-but-set-variable]
 1857 |         CK_RV rv;
      |               ^~
../p11-kit/test-mock.c: In function ‘test_random’:
../p11-kit/test-mock.c:1907:15: warning: variable ‘rv’ set but not used [-Wunused-but-set-variable]
 1907 |         CK_RV rv;
      |               ^~
[4 164/416 21.702s] Compiling C object p11-kit/test-proxy.p/test-proxy.c.o
../p11-kit/test-proxy.c: In function ‘test_initialize_multiple’:
../p11-kit/test-proxy.c:93:15: warning: variable ‘rv’ set but not used [-Wunused-but-set-variable]
   93 |         CK_RV rv;
      |               ^~
../p11-kit/test-proxy.c: In function ‘setup_mock_module’:
../p11-kit/test-proxy.c:442:15: warning: variable ‘rv’ set but not used [-Wunused-but-set-variable]
  442 |         CK_RV rv;
      |               ^~
../p11-kit/test-proxy.c: In function ‘teardown_mock_module’:
../p11-kit/test-proxy.c:478:15: warning: variable ‘rv’ set but not used [-Wunused-but-set-variable]
  478 |         CK_RV rv;
      |               ^~
In file included from ../p11-kit/test-proxy.c:506:
../p11-kit/test-mock.c: In function ‘test_get_slot_list’:
../p11-kit/test-mock.c:76:15: warning: variable ‘rv’ set but not used [-Wunused-but-set-variable]
   76 |         CK_RV rv;
      |               ^~
../p11-kit/test-mock.c: In function ‘test_get_slot_info’:
../p11-kit/test-mock.c:110:15: warning: variable ‘rv’ set but not used [-Wunused-but-set-variable]
  110 |         CK_RV rv;
      |               ^~
../p11-kit/test-mock.c: In function ‘test_get_token_info’:
../p11-kit/test-mock.c:144:15: warning: variable ‘rv’ set but not used [-Wunused-but-set-variable]
  144 |         CK_RV rv;
      |               ^~
../p11-kit/test-mock.c: In function ‘test_get_mechanism_list’:
../p11-kit/test-mock.c:195:15: warning: variable ‘rv’ set but not used [-Wunused-but-set-variable]
  195 |         CK_RV rv;
      |               ^~
../p11-kit/test-mock.c: In function ‘test_init_token’:
../p11-kit/test-mock.c:252:15: warning: variable ‘rv’ set but not used [-Wunused-but-set-variable]
  252 |         CK_RV rv;
      |               ^~
../p11-kit/test-mock.c: In function ‘test_wait_for_slot_event’:
../p11-kit/test-mock.c:274:15: warning: variable ‘rv’ set but not used [-Wunused-but-set-variable]
  274 |         CK_RV rv;
      |               ^~
../p11-kit/test-mock.c: In function ‘test_open_close_session’:
../p11-kit/test-mock.c:297:15: warning: variable ‘rv’ set but not used [-Wunused-but-set-variable]
  297 |         CK_RV rv;
      |               ^~
../p11-kit/test-mock.c: In function ‘test_close_all_sessions’:
../p11-kit/test-mock.c:324:15: warning: variable ‘rv’ set but not used [-Wunused-but-set-variable]
  324 |         CK_RV rv;
      |               ^~
../p11-kit/test-mock.c: In function ‘test_get_function_status’:
../p11-kit/test-mock.c:346:15: warning: variable ‘rv’ set but not used [-Wunused-but-set-variable]
  346 |         CK_RV rv;
      |               ^~
../p11-kit/test-mock.c: In function ‘test_cancel_function’:
../p11-kit/test-mock.c:361:15: warning: variable ‘rv’ set but not used [-Wunused-but-set-variable]
  361 |         CK_RV rv;
      |               ^~
../p11-kit/test-mock.c: In function ‘test_get_session_info’:
../p11-kit/test-mock.c:377:15: warning: variable ‘rv’ set but not used [-Wunused-but-set-variable]
  377 |         CK_RV rv;
      |               ^~
../p11-kit/test-mock.c: In function ‘test_init_pin’:
../p11-kit/test-mock.c:414:15: warning: variable ‘rv’ set but not used [-Wunused-but-set-variable]
  414 |         CK_RV rv;
      |               ^~
../p11-kit/test-mock.c: In function ‘test_operation_state’:
../p11-kit/test-mock.c:458:15: warning: variable ‘rv’ set but not used [-Wunused-but-set-variable]
  458 |         CK_RV rv;
      |               ^~
../p11-kit/test-mock.c: In function ‘test_get_attribute_value’:
../p11-kit/test-mock.c:514:15: warning: variable ‘rv’ set but not used [-Wunused-but-set-variable]
  514 |         CK_RV rv;
      |               ^~
../p11-kit/test-mock.c: In function ‘test_create_object’:
../p11-kit/test-mock.c:618:15: warning: variable ‘rv’ set but not used [-Wunused-but-set-variable]
  618 |         CK_RV rv;
      |               ^~
../p11-kit/test-mock.c: In function ‘test_copy_object’:
../p11-kit/test-mock.c:716:15: warning: variable ‘rv’ set but not used [-Wunused-but-set-variable]
  716 |         CK_RV rv;
      |               ^~
../p11-kit/test-mock.c: In function ‘test_destroy_object’:
../p11-kit/test-mock.c:800:15: warning: variable ‘rv’ set but not used [-Wunused-but-set-variable]
  800 |         CK_RV rv;
      |               ^~
../p11-kit/test-mock.c: In function ‘test_get_object_size’:
../p11-kit/test-mock.c:829:15: warning: variable ‘rv’ set but not used [-Wunused-but-set-variable]
  829 |         CK_RV rv;
      |               ^~
../p11-kit/test-mock.c: In function ‘test_find_objects’:
../p11-kit/test-mock.c:855:15: warning: variable ‘rv’ set but not used [-Wunused-but-set-variable]
  855 |         CK_RV rv;
      |               ^~
../p11-kit/test-mock.c: In function ‘test_generate_key’:
../p11-kit/test-mock.c:1624:15: warning: variable ‘rv’ set but not used [-Wunused-but-set-variable]
 1624 |         CK_RV rv;
      |               ^~
../p11-kit/test-mock.c: In function ‘test_generate_key_pair’:
../p11-kit/test-mock.c:1682:15: warning: variable ‘rv’ set but not used [-Wunused-but-set-variable]
 1682 |         CK_RV rv;
      |               ^~
../p11-kit/test-mock.c: In function ‘test_unwrap_key’:
../p11-kit/test-mock.c:1802:15: warning: variable ‘rv’ set but not used [-Wunused-but-set-variable]
 1802 |         CK_RV rv;
      |               ^~
../p11-kit/test-mock.c: In function ‘test_derive_key’:
../p11-kit/test-mock.c:1857:15: warning: variable ‘rv’ set but not used [-Wunused-but-set-variable]
 1857 |         CK_RV rv;
      |               ^~
../p11-kit/test-mock.c: In function ‘test_random’:
../p11-kit/test-mock.c:1907:15: warning: variable ‘rv’ set but not used [-Wunused-but-set-variable]
 1907 |         CK_RV rv;
      |               ^~
[4 165/416 22.705s] Compiling C object p11-kit/test-iter.p/test-iter.c.o
../p11-kit/test-iter.c: In function ‘on_iter_callback’:
../p11-kit/test-iter.c:155:15: warning: variable ‘rv’ set but not used [-Wunused-but-set-variable]
  155 |         CK_RV rv;
      |               ^~
../p11-kit/test-iter.c: In function ‘test_callback’:
../p11-kit/test-iter.c:183:26: warning: variable ‘objects’ set but not used [-Wunused-but-set-variable]
  183 |         CK_OBJECT_HANDLE objects[128] = { 0 };
      |                          ^~~~~~~
../p11-kit/test-iter.c: In function ‘test_with_session’:
../p11-kit/test-iter.c:280:20: warning: variable ‘slot’ set but not used [-Wunused-but-set-variable]
  280 |         CK_SLOT_ID slot;
      |                    ^~~~
../p11-kit/test-iter.c:277:26: warning: variable ‘objects’ set but not used [-Wunused-but-set-variable]
  277 |         CK_OBJECT_HANDLE objects[128] = { 0 };
      |                          ^~~~~~~
../p11-kit/test-iter.c: In function ‘test_with_slot’:
../p11-kit/test-iter.c:337:20: warning: variable ‘slot’ set but not used [-Wunused-but-set-variable]
  337 |         CK_SLOT_ID slot;
      |                    ^~~~
../p11-kit/test-iter.c:335:26: warning: variable ‘objects’ set but not used [-Wunused-but-set-variable]
  335 |         CK_OBJECT_HANDLE objects[128] = { 0 };
      |                          ^~~~~~~
../p11-kit/test-iter.c: In function ‘test_with_module’:
../p11-kit/test-iter.c:383:26: warning: variable ‘objects’ set but not used [-Wunused-but-set-variable]
  383 |         CK_OBJECT_HANDLE objects[128] = { 0 };
      |                          ^~~~~~~
../p11-kit/test-iter.c: In function ‘test_keep_session’:
../p11-kit/test-iter.c:429:15: warning: variable ‘rv’ set but not used [-Wunused-but-set-variable]
  429 |         CK_RV rv;
      |               ^~
../p11-kit/test-iter.c: In function ‘test_uri_with_type’:
../p11-kit/test-iter.c:487:26: warning: variable ‘objects’ set but not used [-Wunused-but-set-variable]
  487 |         CK_OBJECT_HANDLE objects[128] = { 0 };
      |                          ^~~~~~~
../p11-kit/test-iter.c: In function ‘test_filter’:
../p11-kit/test-iter.c:560:26: warning: variable ‘objects’ set but not used [-Wunused-but-set-variable]
  560 |         CK_OBJECT_HANDLE objects[128] = { 0 };
      |                          ^~~~~~~
../p11-kit/test-iter.c: In function ‘test_get_attributes’:
../p11-kit/test-iter.c:1344:18: warning: unused variable ‘ulong’ [-Wunused-variable]
 1344 |         CK_ULONG ulong;
      |                  ^~~~~
../p11-kit/test-iter.c: In function ‘test_load_attributes’:
../p11-kit/test-iter.c:1410:18: warning: unused variable ‘ulong’ [-Wunused-variable]
 1410 |         CK_ULONG ulong;
      |                  ^~~~~
../p11-kit/test-iter.c: In function ‘test_profile’:
../p11-kit/test-iter.c:1703:20: warning: variable ‘slot’ set but not used [-Wunused-but-set-variable]
 1703 |         CK_SLOT_ID slot;
      |                    ^~~~
../p11-kit/test-iter.c:1700:26: warning: variable ‘objects’ set but not used [-Wunused-but-set-variable]
 1700 |         CK_OBJECT_HANDLE objects[128] = { 0 };
      |                          ^~~~~~~
../p11-kit/test-iter.c: At top level:
../p11-kit/test-iter.c:78:1: warning: ‘has_handle’ defined but not used [-Wunused-function]
   78 | has_handle (CK_ULONG *objects,
      | ^~~~~~~~~~
[4 166/416 24.752s] Compiling C object p11-kit/test-rpc.p/test-rpc.c.o
../p11-kit/test-rpc.c: In function ‘rpc_transport’:
../p11-kit/test-rpc.c:109:14: warning: variable ‘ret’ set but not used [-Wunused-but-set-variable]
  109 |         bool ret;
      |              ^~~
../p11-kit/test-rpc.c: In function ‘test_initialize’:
../p11-kit/test-rpc.c:135:15: warning: variable ‘rv’ set but not used [-Wunused-but-set-variable]
  135 |         CK_RV rv;
      |               ^~
../p11-kit/test-rpc.c: In function ‘test_not_initialized’:
../p11-kit/test-rpc.c:162:15: warning: variable ‘rv’ set but not used [-Wunused-but-set-variable]
  162 |         CK_RV rv;
      |               ^~
../p11-kit/test-rpc.c: In function ‘test_initialize_fails_on_client’:
../p11-kit/test-rpc.c:183:15: warning: variable ‘rv’ set but not used [-Wunused-but-set-variable]
  183 |         CK_RV rv;
      |               ^~
../p11-kit/test-rpc.c: In function ‘test_transport_fails’:
../p11-kit/test-rpc.c:213:15: warning: variable ‘rv’ set but not used [-Wunused-but-set-variable]
  213 |         CK_RV rv;
      |               ^~
../p11-kit/test-rpc.c: In function ‘test_initialize_fails_on_server’:
../p11-kit/test-rpc.c:235:15: warning: variable ‘rv’ set but not used [-Wunused-but-set-variable]
  235 |         CK_RV rv;
      |               ^~
../p11-kit/test-rpc.c: In function ‘rpc_transport_bad_parse’:
../p11-kit/test-rpc.c:256:13: warning: variable ‘rc’ set but not used [-Wunused-but-set-variable]
  256 |         int rc;
      |             ^~
../p11-kit/test-rpc.c: In function ‘test_transport_bad_parse’:
../p11-kit/test-rpc.c:275:15: warning: variable ‘rv’ set but not used [-Wunused-but-set-variable]
  275 |         CK_RV rv;
      |               ^~
../p11-kit/test-rpc.c: In function ‘rpc_transport_short_error’:
../p11-kit/test-rpc.c:299:13: warning: variable ‘rc’ set but not used [-Wunused-but-set-variable]
  299 |         int rc;
      |             ^~
../p11-kit/test-rpc.c: In function ‘test_transport_short_error’:
../p11-kit/test-rpc.c:323:15: warning: variable ‘rv’ set but not used [-Wunused-but-set-variable]
  323 |         CK_RV rv;
      |               ^~
../p11-kit/test-rpc.c: In function ‘rpc_transport_invalid_error’:
../p11-kit/test-rpc.c:346:13: warning: variable ‘rc’ set but not used [-Wunused-but-set-variable]
  346 |         int rc;
      |             ^~
../p11-kit/test-rpc.c: In function ‘test_transport_invalid_error’:
../p11-kit/test-rpc.c:370:15: warning: variable ‘rv’ set but not used [-Wunused-but-set-variable]
  370 |         CK_RV rv;
      |               ^~
../p11-kit/test-rpc.c: In function ‘rpc_transport_wrong_response’:
../p11-kit/test-rpc.c:393:13: warning: variable ‘rc’ set but not used [-Wunused-but-set-variable]
  393 |         int rc;
      |             ^~
../p11-kit/test-rpc.c: In function ‘test_transport_wrong_response’:
../p11-kit/test-rpc.c:415:15: warning: variable ‘rv’ set but not used [-Wunused-but-set-variable]
  415 |         CK_RV rv;
      |               ^~
../p11-kit/test-rpc.c: In function ‘rpc_transport_bad_contents’:
../p11-kit/test-rpc.c:438:13: warning: variable ‘rc’ set but not used [-Wunused-but-set-variable]
  438 |         int rc;
      |             ^~
../p11-kit/test-rpc.c: In function ‘test_transport_bad_contents’:
../p11-kit/test-rpc.c:462:15: warning: variable ‘rv’ set but not used [-Wunused-but-set-variable]
  462 |         CK_RV rv;
      |               ^~
../p11-kit/test-rpc.c: In function ‘setup_test_rpc_module’:
../p11-kit/test-rpc.c:511:15: warning: variable ‘rv’ set but not used [-Wunused-but-set-variable]
  511 |         CK_RV rv;
      |               ^~
../p11-kit/test-rpc.c: In function ‘test_get_info_stand_in’:
../p11-kit/test-rpc.c:556:15: warning: variable ‘rv’ set but not used [-Wunused-but-set-variable]
  556 |         CK_RV rv;
      |               ^~
../p11-kit/test-rpc.c: In function ‘test_get_slot_list_no_device’:
../p11-kit/test-rpc.c:586:15: warning: variable ‘rv’ set but not used [-Wunused-but-set-variable]
  586 |         CK_RV rv;
      |               ^~
In file included from ../p11-kit/test-rpc.c:750:
../p11-kit/test-mock.c: In function ‘test_get_slot_list’:
../p11-kit/test-mock.c:76:15: warning: variable ‘rv’ set but not used [-Wunused-but-set-variable]
   76 |         CK_RV rv;
      |               ^~
../p11-kit/test-mock.c: In function ‘test_get_slot_info’:
../p11-kit/test-mock.c:110:15: warning: variable ‘rv’ set but not used [-Wunused-but-set-variable]
  110 |         CK_RV rv;
      |               ^~
../p11-kit/test-mock.c: In function ‘test_get_token_info’:
../p11-kit/test-mock.c:144:15: warning: variable ‘rv’ set but not used [-Wunused-but-set-variable]
  144 |         CK_RV rv;
      |               ^~
../p11-kit/test-mock.c: In function ‘test_get_mechanism_list’:
../p11-kit/test-mock.c:195:15: warning: variable ‘rv’ set but not used [-Wunused-but-set-variable]
  195 |         CK_RV rv;
      |               ^~
../p11-kit/test-mock.c: In function ‘test_init_token’:
../p11-kit/test-mock.c:252:15: warning: variable ‘rv’ set but not used [-Wunused-but-set-variable]
  252 |         CK_RV rv;
      |               ^~
../p11-kit/test-mock.c: In function ‘test_wait_for_slot_event’:
../p11-kit/test-mock.c:274:15: warning: variable ‘rv’ set but not used [-Wunused-but-set-variable]
  274 |         CK_RV rv;
      |               ^~
../p11-kit/test-mock.c: In function ‘test_open_close_session’:
../p11-kit/test-mock.c:297:15: warning: variable ‘rv’ set but not used [-Wunused-but-set-variable]
  297 |         CK_RV rv;
      |               ^~
../p11-kit/test-mock.c: In function ‘test_close_all_sessions’:
../p11-kit/test-mock.c:324:15: warning: variable ‘rv’ set but not used [-Wunused-but-set-variable]
  324 |         CK_RV rv;
      |               ^~
../p11-kit/test-mock.c: In function ‘test_get_function_status’:
../p11-kit/test-mock.c:346:15: warning: variable ‘rv’ set but not used [-Wunused-but-set-variable]
  346 |         CK_RV rv;
      |               ^~
../p11-kit/test-mock.c: In function ‘test_cancel_function’:
../p11-kit/test-mock.c:361:15: warning: variable ‘rv’ set but not used [-Wunused-but-set-variable]
  361 |         CK_RV rv;
      |               ^~
../p11-kit/test-mock.c: In function ‘test_get_session_info’:
../p11-kit/test-mock.c:377:15: warning: variable ‘rv’ set but not used [-Wunused-but-set-variable]
  377 |         CK_RV rv;
      |               ^~
../p11-kit/test-mock.c: In function ‘test_init_pin’:
../p11-kit/test-mock.c:414:15: warning: variable ‘rv’ set but not used [-Wunused-but-set-variable]
  414 |         CK_RV rv;
      |               ^~
../p11-kit/test-mock.c: In function ‘test_operation_state’:
../p11-kit/test-mock.c:458:15: warning: variable ‘rv’ set but not used [-Wunused-but-set-variable]
  458 |         CK_RV rv;
      |               ^~
../p11-kit/test-mock.c: In function ‘test_get_attribute_value’:
../p11-kit/test-mock.c:514:15: warning: variable ‘rv’ set but not used [-Wunused-but-set-variable]
  514 |         CK_RV rv;
      |               ^~
../p11-kit/test-mock.c: In function ‘test_create_object’:
../p11-kit/test-mock.c:618:15: warning: variable ‘rv’ set but not used [-Wunused-but-set-variable]
  618 |         CK_RV rv;
      |               ^~
../p11-kit/test-mock.c: In function ‘test_copy_object’:
../p11-kit/test-mock.c:716:15: warning: variable ‘rv’ set but not used [-Wunused-but-set-variable]
  716 |         CK_RV rv;
      |               ^~
../p11-kit/test-mock.c: In function ‘test_destroy_object’:
../p11-kit/test-mock.c:800:15: warning: variable ‘rv’ set but not used [-Wunused-but-set-variable]
  800 |         CK_RV rv;
      |               ^~
../p11-kit/test-mock.c: In function ‘test_get_object_size’:
../p11-kit/test-mock.c:829:15: warning: variable ‘rv’ set but not used [-Wunused-but-set-variable]
  829 |         CK_RV rv;
      |               ^~
../p11-kit/test-mock.c: In function ‘test_find_objects’:
../p11-kit/test-mock.c:855:15: warning: variable ‘rv’ set but not used [-Wunused-but-set-variable]
  855 |         CK_RV rv;
      |               ^~
../p11-kit/test-mock.c: In function ‘test_generate_key’:
../p11-kit/test-mock.c:1624:15: warning: variable ‘rv’ set but not used [-Wunused-but-set-variable]
 1624 |         CK_RV rv;
      |               ^~
../p11-kit/test-mock.c: In function ‘test_generate_key_pair’:
../p11-kit/test-mock.c:1682:15: warning: variable ‘rv’ set but not used [-Wunused-but-set-variable]
 1682 |         CK_RV rv;
      |               ^~
../p11-kit/test-mock.c: In function ‘test_unwrap_key’:
../p11-kit/test-mock.c:1802:15: warning: variable ‘rv’ set but not used [-Wunused-but-set-variable]
 1802 |         CK_RV rv;
      |               ^~
../p11-kit/test-mock.c: In function ‘test_derive_key’:
../p11-kit/test-mock.c:1857:15: warning: variable ‘rv’ set but not used [-Wunused-but-set-variable]
 1857 |         CK_RV rv;
      |               ^~
../p11-kit/test-mock.c: In function ‘test_random’:
../p11-kit/test-mock.c:1907:15: warning: variable ‘rv’ set but not used [-Wunused-but-set-variable]
 1907 |         CK_RV rv;
      |               ^~
[4 167/416 25.003s] Compiling C object p11-kit/test-virtual.p/test-virtual.c.o
[4 168/416 25.843s] Compiling C object p11-kit/test-rpc-message.p/test-rpc-message.c.o
../p11-kit/test-rpc-message.c: In function ‘rpc_transport’:
../p11-kit/test-rpc-message.c:101:14: warning: variable ‘ret’ set but not used [-Wunused-but-set-variable]
  101 |         bool ret;
      |              ^~~
../p11-kit/test-rpc-message.c: In function ‘setup_test_rpc_module’:
../p11-kit/test-rpc-message.c:144:15: warning: variable ‘rv’ set but not used [-Wunused-but-set-variable]
  144 |         CK_RV rv;
      |               ^~
In file included from ../p11-kit/test-rpc-message.c:809:
../p11-kit/test-mock.c: In function ‘test_get_slot_list’:
../p11-kit/test-mock.c:76:15: warning: variable ‘rv’ set but not used [-Wunused-but-set-variable]
   76 |         CK_RV rv;
      |               ^~
../p11-kit/test-mock.c: In function ‘test_get_slot_info’:
../p11-kit/test-mock.c:110:15: warning: variable ‘rv’ set but not used [-Wunused-but-set-variable]
  110 |         CK_RV rv;
      |               ^~
../p11-kit/test-mock.c: In function ‘test_get_token_info’:
../p11-kit/test-mock.c:144:15: warning: variable ‘rv’ set but not used [-Wunused-but-set-variable]
  144 |         CK_RV rv;
      |               ^~
../p11-kit/test-mock.c: In function ‘test_get_mechanism_list’:
../p11-kit/test-mock.c:195:15: warning: variable ‘rv’ set but not used [-Wunused-but-set-variable]
  195 |         CK_RV rv;
      |               ^~
../p11-kit/test-mock.c: In function ‘test_init_token’:
../p11-kit/test-mock.c:252:15: warning: variable ‘rv’ set but not used [-Wunused-but-set-variable]
  252 |         CK_RV rv;
      |               ^~
../p11-kit/test-mock.c: In function ‘test_wait_for_slot_event’:
../p11-kit/test-mock.c:274:15: warning: variable ‘rv’ set but not used [-Wunused-but-set-variable]
  274 |         CK_RV rv;
      |               ^~
../p11-kit/test-mock.c: In function ‘test_open_close_session’:
../p11-kit/test-mock.c:297:15: warning: variable ‘rv’ set but not used [-Wunused-but-set-variable]
  297 |         CK_RV rv;
      |               ^~
../p11-kit/test-mock.c: In function ‘test_close_all_sessions’:
../p11-kit/test-mock.c:324:15: warning: variable ‘rv’ set but not used [-Wunused-but-set-variable]
  324 |         CK_RV rv;
      |               ^~
../p11-kit/test-mock.c: In function ‘test_get_function_status’:
../p11-kit/test-mock.c:346:15: warning: variable ‘rv’ set but not used [-Wunused-but-set-variable]
  346 |         CK_RV rv;
      |               ^~
../p11-kit/test-mock.c: In function ‘test_cancel_function’:
../p11-kit/test-mock.c:361:15: warning: variable ‘rv’ set but not used [-Wunused-but-set-variable]
  361 |         CK_RV rv;
      |               ^~
../p11-kit/test-mock.c: In function ‘test_get_session_info’:
../p11-kit/test-mock.c:377:15: warning: variable ‘rv’ set but not used [-Wunused-but-set-variable]
  377 |         CK_RV rv;
      |               ^~
../p11-kit/test-mock.c: In function ‘test_init_pin’:
../p11-kit/test-mock.c:414:15: warning: variable ‘rv’ set but not used [-Wunused-but-set-variable]
  414 |         CK_RV rv;
      |               ^~
../p11-kit/test-mock.c: In function ‘test_operation_state’:
../p11-kit/test-mock.c:458:15: warning: variable ‘rv’ set but not used [-Wunused-but-set-variable]
  458 |         CK_RV rv;
      |               ^~
../p11-kit/test-mock.c: In function ‘test_get_attribute_value’:
../p11-kit/test-mock.c:514:15: warning: variable ‘rv’ set but not used [-Wunused-but-set-variable]
  514 |         CK_RV rv;
      |               ^~
../p11-kit/test-mock.c: In function ‘test_create_object’:
../p11-kit/test-mock.c:618:15: warning: variable ‘rv’ set but not used [-Wunused-but-set-variable]
  618 |         CK_RV rv;
      |               ^~
../p11-kit/test-mock.c: In function ‘test_copy_object’:
../p11-kit/test-mock.c:716:15: warning: variable ‘rv’ set but not used [-Wunused-but-set-variable]
  716 |         CK_RV rv;
      |               ^~
../p11-kit/test-mock.c: In function ‘test_destroy_object’:
../p11-kit/test-mock.c:800:15: warning: variable ‘rv’ set but not used [-Wunused-but-set-variable]
  800 |         CK_RV rv;
      |               ^~
../p11-kit/test-mock.c: In function ‘test_get_object_size’:
../p11-kit/test-mock.c:829:15: warning: variable ‘rv’ set but not used [-Wunused-but-set-variable]
  829 |         CK_RV rv;
      |               ^~
../p11-kit/test-mock.c: In function ‘test_find_objects’:
../p11-kit/test-mock.c:855:15: warning: variable ‘rv’ set but not used [-Wunused-but-set-variable]
  855 |         CK_RV rv;
      |               ^~
../p11-kit/test-mock.c: In function ‘test_generate_key’:
../p11-kit/test-mock.c:1624:15: warning: variable ‘rv’ set but not used [-Wunused-but-set-variable]
 1624 |         CK_RV rv;
      |               ^~
../p11-kit/test-mock.c: In function ‘test_generate_key_pair’:
../p11-kit/test-mock.c:1682:15: warning: variable ‘rv’ set but not used [-Wunused-but-set-variable]
 1682 |         CK_RV rv;
      |               ^~
../p11-kit/test-mock.c: In function ‘test_unwrap_key’:
../p11-kit/test-mock.c:1802:15: warning: variable ‘rv’ set but not used [-Wunused-but-set-variable]
 1802 |         CK_RV rv;
      |               ^~
../p11-kit/test-mock.c: In function ‘test_derive_key’:
../p11-kit/test-mock.c:1857:15: warning: variable ‘rv’ set but not used [-Wunused-but-set-variable]
 1857 |         CK_RV rv;
      |               ^~
../p11-kit/test-mock.c: In function ‘test_random’:
../p11-kit/test-mock.c:1907:15: warning: variable ‘rv’ set but not used [-Wunused-but-set-variable]
 1907 |         CK_RV rv;
      |               ^~
[4 169/416 28.064s] Compiling C object p11-kit/test-managed.p/test-managed.c.o
[4 170/416 28.790s] Compiling C object p11-kit/test-log.p/test-log.c.o
[4 171/416 29.172s] Compiling C object p11-kit/test-filter.p/test-filter.c.o
[4 172/416 30.958s] Compiling C object p11-kit/test-log3.p/test-log3.c.o
[4 173/416 32.340s] Compiling C object p11-kit/test-transport.p/test-transport.c.o
[4 174/416 32.625s] Compiling C object p11-kit/test-server.p/test-server.c.o
[4 175/416 32.807s] Compiling C object p11-kit/print-messages.p/print-messages.c.o
[4 176/416 32.910s] Compiling C object p11-kit/frob-setuid.p/frob-setuid.c.o
[4 177/416 32.997s] Compiling C object p11-kit/mock-one.so.p/mock-module-ep.c.o
[4 178/416 33.022s] Linking target p11-kit/mock-one.so
[4 179/416 33.145s] Compiling C object p11-kit/mock-v3-one.so.p/mock-module-v3-ep.c.o
[4 180/416 33.171s] Linking target p11-kit/mock-v3-one.so
[4 181/416 33.259s] Compiling C object p11-kit/mock-two.so.p/mock-module-ep2.c.o
[4 182/416 33.284s] Linking target p11-kit/mock-two.so
[4 183/416 33.410s] Compiling C object p11-kit/mock-v3-two.so.p/mock-module-v3-ep2.c.o
[4 184/416 33.435s] Linking target p11-kit/mock-v3-two.so
[4 185/416 33.522s] Compiling C object p11-kit/mock-three.so.p/mock-module-ep.c.o
[4 186/416 33.547s] Linking target p11-kit/mock-three.so
[4 187/416 33.635s] Compiling C object p11-kit/mock-four.so.p/mock-module-ep.c.o
[4 188/416 33.660s] Linking target p11-kit/mock-four.so
[4 189/416 33.783s] Compiling C object p11-kit/mock-v3-four.so.p/mock-module-v3-ep.c.o
[4 190/416 33.809s] Linking target p11-kit/mock-v3-four.so
[4 191/416 33.913s] Compiling C object p11-kit/mock-five.so.p/mock-module-ep3.c.o
[4 192/416 33.939s] Linking target p11-kit/mock-five.so
[4 193/416 34.038s] Compiling C object p11-kit/mock-seven.so.p/mock-module-ep5.c.o
[4 194/416 34.063s] Linking target p11-kit/mock-seven.so
[4 195/416 34.134s] Compiling C object p11-kit/test-transport3.p/test-transport3.c.o
[4 196/416 34.156s] Compiling C object p11-kit/mock-eight.so.p/mock-module-ep6.c.o
[4 197/416 34.181s] Linking target p11-kit/mock-eight.so
[4 198/416 34.225s] Compiling C object p11-kit/mock-nine.so.p/mock-module-ep7.c.o
[4 199/416 34.250s] Linking target p11-kit/mock-nine.so
[4 200/416 34.282s] Compiling C object p11-kit/mock-ten.so.p/mock-module-ep8.c.o
[4 201/416 34.306s] Linking target p11-kit/mock-ten.so
[4 202/416 34.368s] Compiling C object p11-kit/mock-eleven.so.p/mock-module-ep9.c.o
[4 203/416 34.393s] Linking target p11-kit/mock-eleven.so
[4 204/416 34.454s] Compiling C object p11-kit/mock-twelve.so.p/mock-module-ep10.c.o
[4 205/416 34.480s] Linking target p11-kit/mock-twelve.so
[4 206/416 34.576s] Compiling C object p11-kit/mock-thirteen.so.p/mock-module-ep11.c.o
[4 207/416 34.604s] Linking target p11-kit/mock-thirteen.so
[4 208/416 34.648s] Compiling C object p11-kit/mock-fourteen.so.p/mock-module-ep12.c.o
[4 209/416 34.676s] Linking target p11-kit/mock-fourteen.so
[4 210/416 34.699s] Compiling C object p11-kit/mock-six.so.p/mock-module-ep4.c.o
[4 211/416 34.725s] Linking target p11-kit/mock-six.so
[4 212/416 34.775s] Compiling C object fuzz/rpc_fuzzer.p/rpc_fuzzer.c.o
[4 213/416 34.776s] Compiling C object fuzz/rpc_fuzzer.p/main.c.o
[4 214/416 34.952s] Compiling C object trust/liblibtrust-data.a.p/utf8.c.o
[4 215/416 35.046s] Compiling C object trust/liblibtrust-data.a.p/x509.c.o
[4 216/416 35.051s] Linking static target trust/liblibtrust-data.a
[4 217/416 35.792s] Compiling C object trust/p11-kit-trust.so.p/digest.c.o
[4 218/416 36.065s] Compiling C object trust/p11-kit-trust.so.p/builder.c.o
[4 219/416 36.407s] Compiling C object trust/p11-kit-trust.so.p/index.c.o
[4 220/416 36.532s] Compiling C object trust/p11-kit-trust.so.p/parser.c.o
[4 221/416 36.911s] Compiling C object trust/p11-kit-trust.so.p/save.c.o
[4 222/416 37.026s] Compiling C object trust/p11-kit-trust.so.p/session.c.o
[4 223/416 37.308s] Compiling C object trust/p11-kit-trust.so.p/module.c.o
../trust/module.c: In function ‘create_tokens_inlock’:
../trust/module.c:217:20: warning: unused variable ‘check’ [-Wunused-variable]
  217 |         p11_token *check;
      |                    ^~~~~
[4 224/416 37.383s] Compiling C object trust/p11-kit-trust.so.p/module-init.c.o
[4 225/416 37.608s] Compiling C object trust/p11-kit-trust.so.p/token.c.o
[4 226/416 37.641s] Linking target trust/p11-kit-trust.so
[4 227/416 38.390s] Compiling C object trust/liblibtrust-testable.a.p/digest.c.o
[4 228/416 38.469s] Compiling C object trust/liblibtrust-testable.a.p/builder.c.o
[4 229/416 38.935s] Compiling C object trust/liblibtrust-testable.a.p/parser.c.o
[4 230/416 39.013s] Compiling C object trust/liblibtrust-testable.a.p/index.c.o
[4 231/416 39.395s] Compiling C object trust/liblibtrust-testable.a.p/save.c.o
[4 232/416 39.510s] Compiling C object trust/liblibtrust-testable.a.p/session.c.o
[4 233/416 39.845s] Compiling C object trust/liblibtrust-testable.a.p/module.c.o
../trust/module.c: In function ‘create_tokens_inlock’:
../trust/module.c:217:20: warning: unused variable ‘check’ [-Wunused-variable]
  217 |         p11_token *check;
      |                    ^~~~~
[4 234/416 40.097s] Compiling C object trust/liblibtrust-testable.a.p/token.c.o
[4 235/416 40.105s] Linking static target trust/liblibtrust-testable.a
[4 236/416 40.239s] Compiling C object trust/trust.p/check-format.c.o
[4 237/416 40.275s] Compiling C object trust/trust.p/anchor.c.o
[4 238/416 40.697s] Compiling C object trust/trust.p/parser.c.o
[4 239/416 40.843s] Compiling C object trust/trust.p/dump.c.o
[4 240/416 41.007s] Compiling C object trust/trust.p/digest.c.o
[4 241/416 41.206s] Compiling C object trust/trust.p/extract.c.o
[4 242/416 41.338s] Compiling C object trust/trust.p/enumerate.c.o
[4 243/416 41.443s] Compiling C object trust/trust.p/extract-jks.c.o
[4 244/416 41.479s] Compiling C object trust/trust.p/extract-edk2.c.o
[4 245/416 41.642s] Compiling C object trust/trust.p/extract-pem.c.o
[4 246/416 41.769s] Compiling C object trust/trust.p/extract-cer.c.o
[4 247/416 41.864s] Compiling C object trust/trust.p/extract-openssl.c.o
[4 248/416 41.962s] Compiling C object trust/trust.p/list.c.o
../trust/list.c: In function ‘list_iterate’:
../trust/list.c:96:26: warning: variable ‘object’ set but not used [-Wunused-but-set-variable]
   96 |         CK_OBJECT_HANDLE object;
      |                          ^~~~~~
[4 249/416 42.054s] Compiling C object trust/trust.p/trust.c.o
[4 250/416 42.233s] Compiling C object trust/trust.p/save.c.o
[4 251/416 42.340s] Compiling C object trust/liblibtrust-test.a.p/test-trust.c.o
[4 252/416 42.448s] Compiling C object trust/test-digest.p/test-digest.c.o
../trust/test-digest.c: In function ‘test_sha1_long’:
../trust/test-digest.c:83:15: warning: unused variable ‘expected’ [-Wunused-variable]
   83 |         char *expected = "\x34\xAA\x97\x3C\xD4\xC4\xDA\xA4\xF6\x1E\xEB\x2B\xDB\xAD\x27\x31\x65\x34\x01\x6F";
      |               ^~~~~~~~
[4 253/416 42.558s] Compiling C object trust/test-base64.p/test-base64.c.o
[4 254/416 42.754s] Compiling C object trust/test-pem.p/test-pem.c.o
[4 255/416 42.951s] Compiling C object trust/test-utf8.p/test-utf8.c.o
[4 256/416 42.960s] Compiling C object trust/liblibtrust-test.a.p/digest.c.o
[4 257/416 42.967s] Linking static target trust/liblibtrust-test.a
[4 258/416 43.191s] Compiling C object trust/test-x509.p/test-x509.c.o
[4 259/416 43.377s] Compiling C object trust/test-persist.p/test-persist.c.o
[4 260/416 43.816s] Compiling C object trust/test-parser.p/test-parser.c.o
[4 261/416 44.216s] Compiling C object trust/test-index.p/test-index.c.o
[4 262/416 44.918s] Compiling C object trust/test-token.p/test-token.c.o
[4 263/416 45.399s] Compiling C object trust/test-builder.p/test-builder.c.o
[4 264/416 46.098s] Compiling C object trust/test-save.p/test-save.c.o
[4 265/416 46.117s] Compiling C object trust/test-module.p/test-module.c.o
../trust/test-module.c: In function ‘setup’:
../trust/test-module.c:83:15: warning: variable ‘rv’ set but not used [-Wunused-but-set-variable]
   83 |         CK_RV rv;
      |               ^~
../trust/test-module.c: In function ‘teardown’:
../trust/test-module.c:114:15: warning: variable ‘rv’ set but not used [-Wunused-but-set-variable]
  114 |         CK_RV rv;
      |               ^~
../trust/test-module.c: In function ‘setup_unreadable’:
../trust/test-module.c:183:15: warning: variable ‘rv’ set but not used [-Wunused-but-set-variable]
  183 |         CK_RV rv;
      |               ^~
../trust/test-module.c: In function ‘find_objects’:
../trust/test-module.c:508:15: warning: variable ‘rv’ set but not used [-Wunused-but-set-variable]
  508 |         CK_RV rv;
      |               ^~
../trust/test-module.c: In function ‘check_trust_object_hashes’:
../trust/test-module.c:571:15: warning: variable ‘rv’ set but not used [-Wunused-but-set-variable]
  571 |         CK_RV rv;
      |               ^~
../trust/test-module.c: In function ‘test_session_object’:
../trust/test-module.c:789:15: warning: variable ‘rv’ set but not used [-Wunused-but-set-variable]
  789 |         CK_RV rv;
      |               ^~
../trust/test-module.c: In function ‘test_lookup_invalid’:
../trust/test-module.c:876:15: warning: variable ‘rv’ set but not used [-Wunused-but-set-variable]
  876 |         CK_RV rv;
      |               ^~
../trust/test-module.c: In function ‘test_session_setattr’:
../trust/test-module.c:979:15: warning: variable ‘rv’ set but not used [-Wunused-but-set-variable]
  979 |         CK_RV rv;
      |               ^~
../trust/test-module.c: In function ‘test_session_remove’:
../trust/test-module.c:1003:15: warning: variable ‘rv’ set but not used [-Wunused-but-set-variable]
 1003 |         CK_RV rv;
      |               ^~
../trust/test-module.c: In function ‘test_login_logout’:
../trust/test-module.c:1144:15: warning: variable ‘rv’ set but not used [-Wunused-but-set-variable]
 1144 |         CK_RV rv;
      |               ^~
[4 266/416 47.006s] Compiling C object trust/test-enumerate.p/test-enumerate.c.o
[4 267/416 47.112s] Compiling C object trust/test-cer.p/test-cer.c.o
[4 268/416 48.412s] Compiling C object trust/test-bundle.p/test-bundle.c.o
[4 269/416 48.682s] Compiling C object trust/test-openssl.p/test-openssl.c.o
[4 270/416 49.061s] Compiling C object trust/test-edk2.p/test-edk2.c.o
[4 271/416 49.111s] Compiling C object trust/frob-pow.p/frob-pow.c.o
[4 272/416 49.199s] Compiling C object trust/frob-token.p/frob-token.c.o
[4 273/416 49.371s] Compiling C object trust/frob-nss-trust.p/frob-nss-trust.c.o
[4 274/416 49.484s] Compiling C object trust/test-jks.p/test-jks.c.o
[4 275/416 49.494s] Compiling C object trust/frob-cert.p/frob-cert.c.o
[4 276/416 49.596s] Compiling C object trust/frob-bc.p/frob-bc.c.o
[4 277/416 49.625s] Compiling C object trust/frob-ku.p/frob-ku.c.o
[4 278/416 49.714s] Compiling C object trust/frob-eku.p/frob-eku.c.o
[4 279/416 49.748s] Compiling C object trust/frob-ext.p/frob-ext.c.o
[4 280/416 49.756s] Building translation po/ar/LC_MESSAGES/p11-kit-ar.mo
[4 281/416 49.763s] Building translation po/as/LC_MESSAGES/p11-kit-as.mo
[4 282/416 49.771s] Building translation po/ast/LC_MESSAGES/p11-kit-ast.mo
[4 283/416 49.778s] Building translation po/az/LC_MESSAGES/p11-kit-az.mo
[4 284/416 49.784s] Building translation po/bg/LC_MESSAGES/p11-kit-bg.mo
[4 285/416 49.792s] Building translation po/bn_IN/LC_MESSAGES/p11-kit-bn_IN.mo
[4 286/416 49.799s] Building translation po/ca/LC_MESSAGES/p11-kit-ca.mo
[4 287/416 49.806s] Building translation po/ca@valencia/LC_MESSAGES/p11-kit-ca@valencia.mo
[4 288/416 49.814s] Building translation po/cs/LC_MESSAGES/p11-kit-cs.mo
[4 289/416 49.820s] Building translation po/cy/LC_MESSAGES/p11-kit-cy.mo
[4 290/416 49.821s] Compiling C object trust/frob-oid.p/frob-oid.c.o
[4 291/416 49.829s] Building translation po/da/LC_MESSAGES/p11-kit-da.mo
[4 292/416 49.830s] Building translation po/de/LC_MESSAGES/p11-kit-de.mo
[4 293/416 49.837s] Building translation po/en_GB/LC_MESSAGES/p11-kit-en_GB.mo
[4 294/416 49.837s] Building translation po/el/LC_MESSAGES/p11-kit-el.mo
[4 295/416 49.844s] Building translation po/eo/LC_MESSAGES/p11-kit-eo.mo
[4 296/416 49.847s] Building translation po/es/LC_MESSAGES/p11-kit-es.mo
[4 297/416 49.850s] Building translation po/et/LC_MESSAGES/p11-kit-et.mo
[4 298/416 49.854s] Building translation po/eu/LC_MESSAGES/p11-kit-eu.mo
[4 299/416 49.857s] Building translation po/fa/LC_MESSAGES/p11-kit-fa.mo
[4 300/416 49.863s] Building translation po/fi/LC_MESSAGES/p11-kit-fi.mo
[4 301/416 49.864s] Building translation po/fo/LC_MESSAGES/p11-kit-fo.mo
[4 302/416 49.870s] Building translation po/fr/LC_MESSAGES/p11-kit-fr.mo
[4 303/416 49.872s] Building translation po/fur/LC_MESSAGES/p11-kit-fur.mo
[4 304/416 49.877s] Building translation po/ga/LC_MESSAGES/p11-kit-ga.mo
[4 305/416 49.879s] Building translation po/gl/LC_MESSAGES/p11-kit-gl.mo
[4 306/416 49.884s] Building translation po/gu/LC_MESSAGES/p11-kit-gu.mo
[4 307/416 49.886s] Building translation po/he/LC_MESSAGES/p11-kit-he.mo
[4 308/416 49.890s] Building translation po/hi/LC_MESSAGES/p11-kit-hi.mo
[4 309/416 49.893s] Building translation po/hr/LC_MESSAGES/p11-kit-hr.mo
[4 310/416 49.900s] Building translation po/hu/LC_MESSAGES/p11-kit-hu.mo
[4 311/416 49.900s] Building translation po/ia/LC_MESSAGES/p11-kit-ia.mo
[4 312/416 49.908s] Building translation po/it/LC_MESSAGES/p11-kit-it.mo
[4 313/416 49.909s] Building translation po/id/LC_MESSAGES/p11-kit-id.mo
[4 314/416 49.915s] Building translation po/ja/LC_MESSAGES/p11-kit-ja.mo
[4 315/416 49.916s] Building translation po/ka/LC_MESSAGES/p11-kit-ka.mo
[4 316/416 49.922s] Building translation po/kk/LC_MESSAGES/p11-kit-kk.mo
[4 317/416 49.923s] Building translation po/kn/LC_MESSAGES/p11-kit-kn.mo
[4 318/416 49.930s] Building translation po/ko/LC_MESSAGES/p11-kit-ko.mo
[4 319/416 49.930s] Building translation po/lt/LC_MESSAGES/p11-kit-lt.mo
[4 320/416 49.937s] Building translation po/ml/LC_MESSAGES/p11-kit-ml.mo
[4 321/416 49.937s] Building translation po/lv/LC_MESSAGES/p11-kit-lv.mo
[4 322/416 49.944s] Building translation po/mr/LC_MESSAGES/p11-kit-mr.mo
[4 323/416 49.944s] Building translation po/ms/LC_MESSAGES/p11-kit-ms.mo
[4 324/416 49.951s] Building translation po/nb/LC_MESSAGES/p11-kit-nb.mo
[4 325/416 49.952s] Building translation po/nl/LC_MESSAGES/p11-kit-nl.mo
[4 326/416 49.958s] Building translation po/nn/LC_MESSAGES/p11-kit-nn.mo
[4 327/416 49.959s] Building translation po/oc/LC_MESSAGES/p11-kit-oc.mo
[4 328/416 49.965s] Building translation po/or/LC_MESSAGES/p11-kit-or.mo
[4 329/416 49.967s] Building translation po/pa/LC_MESSAGES/p11-kit-pa.mo
[4 330/416 49.972s] Building translation po/pl/LC_MESSAGES/p11-kit-pl.mo
[4 331/416 49.974s] Building translation po/pt/LC_MESSAGES/p11-kit-pt.mo
[4 332/416 49.981s] Building translation po/ro/LC_MESSAGES/p11-kit-ro.mo
[4 333/416 49.982s] Building translation po/pt_BR/LC_MESSAGES/p11-kit-pt_BR.mo
[4 334/416 49.989s] Building translation po/ru/LC_MESSAGES/p11-kit-ru.mo
[4 335/416 49.992s] Building translation po/si/LC_MESSAGES/p11-kit-si.mo
[4 336/416 49.996s] Building translation po/sk/LC_MESSAGES/p11-kit-sk.mo
[4 337/416 49.999s] Building translation po/sl/LC_MESSAGES/p11-kit-sl.mo
[4 338/416 50.003s] Building translation po/sq/LC_MESSAGES/p11-kit-sq.mo
[4 339/416 50.007s] Building translation po/sr/LC_MESSAGES/p11-kit-sr.mo
[4 340/416 50.010s] Building translation po/sr@latin/LC_MESSAGES/p11-kit-sr@latin.mo
[4 341/416 50.016s] Building translation po/sv/LC_MESSAGES/p11-kit-sv.mo
[4 342/416 50.017s] Building translation po/ta/LC_MESSAGES/p11-kit-ta.mo
[4 343/416 50.023s] Building translation po/te/LC_MESSAGES/p11-kit-te.mo
[4 344/416 50.023s] Building translation po/th/LC_MESSAGES/p11-kit-th.mo
[4 345/416 50.030s] Building translation po/tr/LC_MESSAGES/p11-kit-tr.mo
[4 346/416 50.034s] Building translation po/uk/LC_MESSAGES/p11-kit-uk.mo
[4 347/416 50.037s] Building translation po/vi/LC_MESSAGES/p11-kit-vi.mo
[4 348/416 50.041s] Building translation po/wa/LC_MESSAGES/p11-kit-wa.mo
[4 349/416 50.044s] Building translation po/zh_CN/LC_MESSAGES/p11-kit-zh_CN.mo
[4 350/416 50.048s] Building translation po/zh_HK/LC_MESSAGES/p11-kit-zh_HK.mo
[3 351/416 50.050s] Building translation po/zh_TW/LC_MESSAGES/p11-kit-zh_TW.mo
[2 352/416 54.145s] Compiling C object p11-kit/libp11-kit-internal.a.p/virtual.c.o
[2 353/416 54.151s] Linking static target p11-kit/libp11-kit-internal.a
[3 354/416 54.205s] Linking target p11-kit/libp11-kit.so.0.3.1
[3 355/416 54.217s] Linking target p11-kit/p11-kit-client.so
[2 356/416 54.307s] Generating symbol file p11-kit/libp11-kit.so.0.3.1.p/libp11-kit.so.0.3.1.symbols
[4 357/416 54.328s] Linking target p11-kit/p11-kit-remote
[4 358/416 54.328s] Linking target p11-kit/p11-kit-server
[4 359/416 54.341s] Linking target p11-kit/p11-kit
[4 360/416 54.349s] Linking target trust/test-digest
[4 361/416 54.362s] Linking target trust/test-base64
[4 362/416 54.365s] Linking target trust/trust
[4 363/416 54.371s] Linking target trust/test-pem
[4 364/416 54.384s] Linking target trust/test-utf8
[4 365/416 54.392s] Linking target trust/test-x509
[4 366/416 54.399s] Linking target trust/test-persist
[4 367/416 54.417s] Linking target trust/test-index
[4 368/416 54.422s] Linking target trust/test-parser
[4 369/416 54.432s] Linking target trust/test-builder
[4 370/416 54.450s] Linking target trust/test-token
[4 371/416 54.457s] Linking target trust/test-module
[4 372/416 54.457s] Linking target trust/test-save
[4 373/416 54.480s] Linking target trust/test-enumerate
[4 374/416 54.488s] Linking target trust/test-bundle
[4 375/416 54.490s] Linking target trust/test-cer
[4 376/416 54.512s] Linking target trust/test-openssl
[4 377/416 54.519s] Linking target trust/test-edk2
[4 378/416 54.525s] Linking target trust/test-jks
[4 379/416 54.529s] Linking target trust/frob-pow
[4 380/416 54.549s] Linking target trust/frob-cert
[4 381/416 54.550s] Linking target trust/frob-token
[4 382/416 54.551s] Linking target trust/frob-nss-trust
[4 383/416 54.567s] Linking target trust/frob-bc
[4 384/416 54.568s] Linking target trust/frob-ku
[4 385/416 54.570s] Linking target trust/frob-eku
[3 386/416 54.584s] Linking target trust/frob-oid
[2 387/416 54.585s] Linking target trust/frob-ext
[1 388/416 58.106s] Compiling C object p11-kit/libp11-kit-testable.a.p/virtual.c.o
[1 389/416 58.114s] Linking static target p11-kit/libp11-kit-testable.a
[4 390/416 58.135s] Linking target p11-kit/test-progname
[4 391/416 58.195s] Linking target p11-kit/p11-kit-server-testable
[4 392/416 58.195s] Linking target p11-kit/p11-kit-remote-testable
[4 393/416 58.204s] Linking target p11-kit/p11-kit-testable
[4 394/416 58.215s] Linking target p11-kit/test-util
[4 395/416 58.215s] Linking target p11-kit/test-conf
[4 396/416 58.229s] Linking target p11-kit/test-pin
[4 397/416 58.277s] Linking target p11-kit/test-uri
[4 398/416 58.292s] Linking target p11-kit/test-modules
[4 399/416 58.295s] Linking target p11-kit/test-init
[4 400/416 58.308s] Linking target p11-kit/test-deprecated
[4 401/416 58.355s] Linking target p11-kit/test-proxy
[4 402/416 58.372s] Linking target p11-kit/test-proxy3
[4 403/416 58.376s] Linking target p11-kit/test-iter
[4 404/416 58.393s] Linking target p11-kit/test-rpc
[4 405/416 58.442s] Linking target p11-kit/test-rpc-message
[4 406/416 58.442s] Linking target p11-kit/test-virtual
[4 407/416 58.457s] Linking target p11-kit/test-managed
[4 408/416 58.475s] Linking target p11-kit/test-log
[4 409/416 58.515s] Linking target p11-kit/test-filter
[4 410/416 58.524s] Linking target p11-kit/test-log3
[4 411/416 58.537s] Linking target p11-kit/test-transport
[4 412/416 58.540s] Linking target p11-kit/print-messages
[4 413/416 58.555s] Linking target p11-kit/test-transport3
[3 414/416 58.593s] Linking target p11-kit/test-server
[2 415/416 58.599s] Linking target fuzz/rpc_fuzzer
[1 416/416 58.606s] Linking target p11-kit/frob-setuid
[1 0/1 0.012s] Installing files.
Installing p11-kit/libp11-kit.so.0.3.1 to /usr/lib
Installing p11-kit/p11-kit-client.so to /usr/lib/pkcs11
Installing p11-kit/p11-kit to /usr/bin
Installing p11-kit/p11-kit-remote to /usr/libexec/p11-kit
Installing p11-kit/p11-kit-server to /usr/libexec/p11-kit
Installing trust/p11-kit-trust.so to /usr/lib/pkcs11
Installing trust/trust to /usr/bin
Installing po/ar/LC_MESSAGES/p11-kit.mo to /usr/share/locale/ar/LC_MESSAGES
Installing po/as/LC_MESSAGES/p11-kit.mo to /usr/share/locale/as/LC_MESSAGES
Installing po/ast/LC_MESSAGES/p11-kit.mo to /usr/share/locale/ast/LC_MESSAGES
Installing po/az/LC_MESSAGES/p11-kit.mo to /usr/share/locale/az/LC_MESSAGES
Installing po/bg/LC_MESSAGES/p11-kit.mo to /usr/share/locale/bg/LC_MESSAGES
Installing po/bn_IN/LC_MESSAGES/p11-kit.mo to /usr/share/locale/bn_IN/LC_MESSAGES
Installing po/ca/LC_MESSAGES/p11-kit.mo to /usr/share/locale/ca/LC_MESSAGES
Installing po/ca@valencia/LC_MESSAGES/p11-kit.mo to /usr/share/locale/ca@valencia/LC_MESSAGES
Installing po/cs/LC_MESSAGES/p11-kit.mo to /usr/share/locale/cs/LC_MESSAGES
Installing po/cy/LC_MESSAGES/p11-kit.mo to /usr/share/locale/cy/LC_MESSAGES
Installing po/da/LC_MESSAGES/p11-kit.mo to /usr/share/locale/da/LC_MESSAGES
Installing po/de/LC_MESSAGES/p11-kit.mo to /usr/share/locale/de/LC_MESSAGES
Installing po/el/LC_MESSAGES/p11-kit.mo to /usr/share/locale/el/LC_MESSAGES
Installing po/en_GB/LC_MESSAGES/p11-kit.mo to /usr/share/locale/en_GB/LC_MESSAGES
Installing po/eo/LC_MESSAGES/p11-kit.mo to /usr/share/locale/eo/LC_MESSAGES
Installing po/es/LC_MESSAGES/p11-kit.mo to /usr/share/locale/es/LC_MESSAGES
Installing po/et/LC_MESSAGES/p11-kit.mo to /usr/share/locale/et/LC_MESSAGES
Installing po/eu/LC_MESSAGES/p11-kit.mo to /usr/share/locale/eu/LC_MESSAGES
Installing po/fa/LC_MESSAGES/p11-kit.mo to /usr/share/locale/fa/LC_MESSAGES
Installing po/fi/LC_MESSAGES/p11-kit.mo to /usr/share/locale/fi/LC_MESSAGES
Installing po/fo/LC_MESSAGES/p11-kit.mo to /usr/share/locale/fo/LC_MESSAGES
Installing po/fr/LC_MESSAGES/p11-kit.mo to /usr/share/locale/fr/LC_MESSAGES
Installing po/fur/LC_MESSAGES/p11-kit.mo to /usr/share/locale/fur/LC_MESSAGES
Installing po/ga/LC_MESSAGES/p11-kit.mo to /usr/share/locale/ga/LC_MESSAGES
Installing po/gl/LC_MESSAGES/p11-kit.mo to /usr/share/locale/gl/LC_MESSAGES
Installing po/gu/LC_MESSAGES/p11-kit.mo to /usr/share/locale/gu/LC_MESSAGES
Installing po/he/LC_MESSAGES/p11-kit.mo to /usr/share/locale/he/LC_MESSAGES
Installing po/hi/LC_MESSAGES/p11-kit.mo to /usr/share/locale/hi/LC_MESSAGES
Installing po/hr/LC_MESSAGES/p11-kit.mo to /usr/share/locale/hr/LC_MESSAGES
Installing po/hu/LC_MESSAGES/p11-kit.mo to /usr/share/locale/hu/LC_MESSAGES
Installing po/ia/LC_MESSAGES/p11-kit.mo to /usr/share/locale/ia/LC_MESSAGES
Installing po/id/LC_MESSAGES/p11-kit.mo to /usr/share/locale/id/LC_MESSAGES
Installing po/it/LC_MESSAGES/p11-kit.mo to /usr/share/locale/it/LC_MESSAGES
Installing po/ja/LC_MESSAGES/p11-kit.mo to /usr/share/locale/ja/LC_MESSAGES
Installing po/ka/LC_MESSAGES/p11-kit.mo to /usr/share/locale/ka/LC_MESSAGES
Installing po/kk/LC_MESSAGES/p11-kit.mo to /usr/share/locale/kk/LC_MESSAGES
Installing po/kn/LC_MESSAGES/p11-kit.mo to /usr/share/locale/kn/LC_MESSAGES
Installing po/ko/LC_MESSAGES/p11-kit.mo to /usr/share/locale/ko/LC_MESSAGES
Installing po/lt/LC_MESSAGES/p11-kit.mo to /usr/share/locale/lt/LC_MESSAGES
Installing po/lv/LC_MESSAGES/p11-kit.mo to /usr/share/locale/lv/LC_MESSAGES
Installing po/ml/LC_MESSAGES/p11-kit.mo to /usr/share/locale/ml/LC_MESSAGES
Installing po/mr/LC_MESSAGES/p11-kit.mo to /usr/share/locale/mr/LC_MESSAGES
Installing po/ms/LC_MESSAGES/p11-kit.mo to /usr/share/locale/ms/LC_MESSAGES
Installing po/nb/LC_MESSAGES/p11-kit.mo to /usr/share/locale/nb/LC_MESSAGES
Installing po/nl/LC_MESSAGES/p11-kit.mo to /usr/share/locale/nl/LC_MESSAGES
Installing po/nn/LC_MESSAGES/p11-kit.mo to /usr/share/locale/nn/LC_MESSAGES
Installing po/oc/LC_MESSAGES/p11-kit.mo to /usr/share/locale/oc/LC_MESSAGES
Installing po/or/LC_MESSAGES/p11-kit.mo to /usr/share/locale/or/LC_MESSAGES
Installing po/pa/LC_MESSAGES/p11-kit.mo to /usr/share/locale/pa/LC_MESSAGES
Installing po/pl/LC_MESSAGES/p11-kit.mo to /usr/share/locale/pl/LC_MESSAGES
Installing po/pt/LC_MESSAGES/p11-kit.mo to /usr/share/locale/pt/LC_MESSAGES
Installing po/pt_BR/LC_MESSAGES/p11-kit.mo to /usr/share/locale/pt_BR/LC_MESSAGES
Installing po/ro/LC_MESSAGES/p11-kit.mo to /usr/share/locale/ro/LC_MESSAGES
Installing po/ru/LC_MESSAGES/p11-kit.mo to /usr/share/locale/ru/LC_MESSAGES
Installing po/si/LC_MESSAGES/p11-kit.mo to /usr/share/locale/si/LC_MESSAGES
Installing po/sk/LC_MESSAGES/p11-kit.mo to /usr/share/locale/sk/LC_MESSAGES
Installing po/sl/LC_MESSAGES/p11-kit.mo to /usr/share/locale/sl/LC_MESSAGES
Installing po/sq/LC_MESSAGES/p11-kit.mo to /usr/share/locale/sq/LC_MESSAGES
Installing po/sr/LC_MESSAGES/p11-kit.mo to /usr/share/locale/sr/LC_MESSAGES
Installing po/sr@latin/LC_MESSAGES/p11-kit.mo to /usr/share/locale/sr@latin/LC_MESSAGES
Installing po/sv/LC_MESSAGES/p11-kit.mo to /usr/share/locale/sv/LC_MESSAGES
Installing po/ta/LC_MESSAGES/p11-kit.mo to /usr/share/locale/ta/LC_MESSAGES
Installing po/te/LC_MESSAGES/p11-kit.mo to /usr/share/locale/te/LC_MESSAGES
Installing po/th/LC_MESSAGES/p11-kit.mo to /usr/share/locale/th/LC_MESSAGES
Installing po/tr/LC_MESSAGES/p11-kit.mo to /usr/share/locale/tr/LC_MESSAGES
Installing po/uk/LC_MESSAGES/p11-kit.mo to /usr/share/locale/uk/LC_MESSAGES
Installing po/vi/LC_MESSAGES/p11-kit.mo to /usr/share/locale/vi/LC_MESSAGES
Installing po/wa/LC_MESSAGES/p11-kit.mo to /usr/share/locale/wa/LC_MESSAGES
Installing po/zh_CN/LC_MESSAGES/p11-kit.mo to /usr/share/locale/zh_CN/LC_MESSAGES
Installing po/zh_HK/LC_MESSAGES/p11-kit.mo to /usr/share/locale/zh_HK/LC_MESSAGES
Installing po/zh_TW/LC_MESSAGES/p11-kit.mo to /usr/share/locale/zh_TW/LC_MESSAGES
Installing /sources/p11-kit-0.25.3/common/pkcs11.h to /usr/include/p11-kit-1/p11-kit
Installing /sources/p11-kit-0.25.3/common/pkcs11x.h to /usr/include/p11-kit-1/p11-kit
Installing /sources/p11-kit-0.25.3/p11-kit/deprecated.h to /usr/include/p11-kit-1/p11-kit
Installing /sources/p11-kit-0.25.3/p11-kit/iter.h to /usr/include/p11-kit-1/p11-kit
Installing /sources/p11-kit-0.25.3/p11-kit/p11-kit.h to /usr/include/p11-kit-1/p11-kit
Installing /sources/p11-kit-0.25.3/p11-kit/pin.h to /usr/include/p11-kit-1/p11-kit
Installing /sources/p11-kit-0.25.3/p11-kit/remote.h to /usr/include/p11-kit-1/p11-kit
Installing /sources/p11-kit-0.25.3/p11-kit/uri.h to /usr/include/p11-kit-1/p11-kit
Installing /sources/p11-kit-0.25.3/p11-build/meson-private/p11-kit-1.pc to /usr/lib/pkgconfig
Installing /sources/p11-kit-0.25.3/p11-build/p11-kit/pkcs11.conf.example to /etc/pkcs11
Installing /sources/p11-kit-0.25.3/trust/p11-kit-trust.module to /usr/share/p11-kit/modules
Installing /sources/p11-kit-0.25.3/trust/trust-extract-compat to /usr/libexec/p11-kit
Installing symlink pointing to libp11-kit.so.0.3.1 to /usr/lib/libp11-kit.so.0
Installing symlink pointing to libp11-kit.so.0 to /usr/lib/libp11-kit.so
Running custom install script '/sources/p11-kit-0.25.3/p11-kit/meson_post_install.sh lib share/p11-kit/modules'
'/usr/lib/libnssckbi.so' -> 'pkcs11/p11-kit-trust.so'


Tue Jan  2 18:37:26 CST 2024

Totalseconds: 62

KB: 1600312	/

