Tue Jan  2 18:10:22 CST 2024
KB: 1577068	/

chmod 755 make-ca
install -vdm755 /usr/sbin
if test -x /usr/sbin/systemctl -o -x /usr/bin/systemctl; then \
    if test -d /usr/lib/systemd/system; then \
        install -vdm755 /usr/lib/systemd/system; \
        install -vm644  systemd/* /usr/lib/systemd/system; \
    elif test -d /lib/systemd/system; then \
        install -vdm755 /lib/systemd/system; \
        install -vm644  systemd/* /lib/systemd/system; \
    fi; \
fi
install -vdm755 /etc/make-ca
install -vm755  make-ca /usr/sbin
install -vdm755 /etc/make-ca
install: creating directory '/etc/make-ca'
install -vm644 make-ca.conf.dist /etc/make-ca
'make-ca' -> '/usr/sbin/make-ca'
install -vdm755 /usr/libexec/make-ca
install -vdm755 /etc/make-ca
'make-ca.conf.dist' -> '/etc/make-ca/make-ca.conf.dist'
install -vm644  CS.txt /etc/make-ca
chmod 755 help2man
install: creating directory '/usr/libexec/make-ca'
install -vm700  copy-trust-modifications /usr/libexec/make-ca
'CS.txt' -> '/etc/make-ca/CS.txt'
install -vm644 mozilla-ca-root.pem /etc/make-ca
./help2man -s 8 -N ./make-ca -i include.h2m -o make-ca.8
'copy-trust-modifications' -> '/usr/libexec/make-ca/copy-trust-modifications'
'mozilla-ca-root.pem' -> '/etc/make-ca/mozilla-ca-root.pem'
install -vdm755 /usr/share/man/man8
install -vm644 make-ca.8 /usr/share/man/man8
'make-ca.8' -> '/usr/share/man/man8/make-ca.8'


Tue Jan  2 18:10:23 CST 2024

Totalseconds: 1

KB: 1577296	/

